INFO-FLOW: Workspace /home/topnotches/RCD_TU_Delft_2023/src_hls/stream_hls/streamulator/RCD_HLS/solution1 opened at Fri Dec 15 15:25:03 CET 2023
Execute     ap_set_clock -name default -period 10 -default=false 
INFO: [SYN 201-201] Setting up clock 'default' with a period of 10ns.
Execute     set_part xc7z020-clg400-1 
Execute       create_platform xc7z020-clg400-1 -board  
DBG:HLSDevice: Trying to load device library: /home/topnotches/Xilinx/Vitis_HLS/2023.2/lib/lnx64.o/libxv_hlsvwrap.so
DBG:HLSDevice: first parts/arch.xml in RDI_DATADIR: /home/topnotches/Xilinx/Vivado/2023.2/data/parts/arch.xml
DBG:HLSDevice: init success
INFO: [HLS 200-1611] Setting target device to 'xc7z020-clg400-1'
Command       create_platform done; 0.85 sec.
Execute       source /home/topnotches/Xilinx/Vitis_HLS/2023.2/common/technology/xilinx/common/xilinx.gen 
Execute         source /home/topnotches/Xilinx/Vitis_HLS/2023.2/common/technology/xilinx/interface/plb46.gen 
Execute         source /home/topnotches/Xilinx/Vitis_HLS/2023.2/common/technology/xilinx/interface/axi4.gen 
Execute         source /home/topnotches/Xilinx/Vitis_HLS/2023.2/common/technology/xilinx/interface/nativeAXI4.gen 
Execute           source /home/topnotches/Xilinx/Vitis_HLS/2023.2/common/technology/xilinx/interface/saxilite.gen 
Execute         source /home/topnotches/Xilinx/Vitis_HLS/2023.2/common/technology/xilinx/scripts/xilinxcoregen.gen 
Execute         source /home/topnotches/Xilinx/Vitis_HLS/2023.2/common/technology/xilinx/interface/XilEDKCoreGen.gen 
Execute         source /home/topnotches/Xilinx/Vitis_HLS/2023.2/common/technology/xilinx/ip/dds_compiler.gen 
Execute         source /home/topnotches/Xilinx/Vitis_HLS/2023.2/common/technology/xilinx/ip/util.gen 
Execute         source /home/topnotches/Xilinx/Vitis_HLS/2023.2/common/technology/xilinx/ip/xfir.gen 
Execute         source /home/topnotches/Xilinx/Vitis_HLS/2023.2/common/technology/xilinx/ip/xfft.gen 
Execute         source /home/topnotches/Xilinx/Vitis_HLS/2023.2/common/technology/xilinx/DSP48/dsp48.gen 
Execute       ap_part_info -name xc7z020-clg400-1 -data info 
Execute       config_compile -quiet -complex-mul-dsp=0 
Command     set_part done; 0.96 sec.
Execute     send_msg_by_id INFO @200-1505@%s%s  vivado 
INFO: [HLS 200-1505] Using flow_target 'vivado'
Command   open_solution done; 1.03 sec.
Execute   set_part xc7z020-clg400-1 
INFO: [HLS 200-1510] Running: set_part xc7z020-clg400-1 
Execute     create_platform xc7z020-clg400-1 -board  
Command     create_platform done; 0.12 sec.
Execute     source /home/topnotches/Xilinx/Vitis_HLS/2023.2/common/technology/xilinx/common/xilinx.gen 
Execute       source /home/topnotches/Xilinx/Vitis_HLS/2023.2/common/technology/xilinx/interface/plb46.gen 
Execute       source /home/topnotches/Xilinx/Vitis_HLS/2023.2/common/technology/xilinx/interface/axi4.gen 
Execute       source /home/topnotches/Xilinx/Vitis_HLS/2023.2/common/technology/xilinx/interface/nativeAXI4.gen 
Execute         source /home/topnotches/Xilinx/Vitis_HLS/2023.2/common/technology/xilinx/interface/saxilite.gen 
Execute       source /home/topnotches/Xilinx/Vitis_HLS/2023.2/common/technology/xilinx/scripts/xilinxcoregen.gen 
Execute       source /home/topnotches/Xilinx/Vitis_HLS/2023.2/common/technology/xilinx/interface/XilEDKCoreGen.gen 
Execute       source /home/topnotches/Xilinx/Vitis_HLS/2023.2/common/technology/xilinx/ip/dds_compiler.gen 
Execute       source /home/topnotches/Xilinx/Vitis_HLS/2023.2/common/technology/xilinx/ip/util.gen 
Execute       source /home/topnotches/Xilinx/Vitis_HLS/2023.2/common/technology/xilinx/ip/xfir.gen 
Execute       source /home/topnotches/Xilinx/Vitis_HLS/2023.2/common/technology/xilinx/ip/xfft.gen 
Execute       source /home/topnotches/Xilinx/Vitis_HLS/2023.2/common/technology/xilinx/DSP48/dsp48.gen 
Execute     ap_part_info -name xc7z020-clg400-1 -data info 
Execute     config_compile -quiet -complex-mul-dsp=0 
Command   set_part done; 0.2 sec.
Execute   create_clock -period 10 -name default 
INFO: [HLS 200-1510] Running: create_clock -period 10 -name default 
Execute   csynth_design 
INFO: [HLS 200-1510] Running: csynth_design 
INFO-FLOW: Running SLX 'csynth' proc: ::SLX::run_csynth
Execute     elaborate -effort=medium -skip_syncheck=0 -keep_printf=0 -skip_cdt=0 -skip_transform=0 -ng=0 -g=0 -opt_fp=0 -from_csynth_design=1 
INFO: [HLS 200-111] Finished File checks and directory preparation: CPU user time: 0.06 seconds. CPU system time: 0.02 seconds. Elapsed time: 0.07 seconds; current allocated memory: 287.332 MB.
Execute       set_directive_top hfilt -name=hfilt 
Execute       source /home/topnotches/Xilinx/Vitis_HLS/2023.2/tps/tcl/tcllib1.11.1/yaml/huddle.tcl 
Execute       source /home/topnotches/Xilinx/Vitis_HLS/2023.2/tps/tcl/tcllib1.11.1/yaml/json2huddle.tcl 
Execute         source /home/topnotches/Xilinx/Vitis_HLS/2023.2/tps/tcl/tcllib1.11.1/try/try.tcl 
INFO: [HLS 200-10] Analyzing design file '../hfilt.cpp' ... 
INFO-FLOW: Compiling one TU...
INFO-FLOW: Handling ../hfilt.cpp as C++
Execute       ap_part_info -name xc7z020-clg400-1 -data info 
INFO-FLOW: Running: GCC PP 39
INFO-FLOW: Source preprocessing
INFO-FLOW: run_clang exec: /home/topnotches/Xilinx/Vitis_HLS/2023.2/lnx64/tools/clang-3.9-csynth/bin/clang ../hfilt.cpp -foptimization-record-file=/home/topnotches/RCD_TU_Delft_2023/src_hls/stream_hls/streamulator/RCD_HLS/solution1/.autopilot/db/hfilt.cpp.clang.diag.yml -mllvm -pass-remarks-missed=reflow|pasta|unroll -mllvm -pass-remarks=reflow|pasta|unroll|inline -fno-limit-debug-info -gcc-toolchain /home/topnotches/Xilinx/Vitis_HLS/2023.2/tps/lnx64/gcc-8.3.0 -fhls -fno-exceptions -insert-hls-directive=/home/topnotches/RCD_TU_Delft_2023/src_hls/stream_hls/streamulator/RCD_HLS/solution1/.autopilot/db/all.directive.json -E -fno-math-errno -c -emit-llvm -mllvm -disable-llvm-optzns -Werror=implicit-function-declaration -Werror=implicit-hls-streams -Werror=return-type -Wpragmas -Wunused-parameter -Wdump-hls-pragmas -Wno-error=dump-hls-pragmas -hls-clock-period=10 -fno-threadsafe-statics -fno-use-cxa-atexit -std=gnu++14 -target fpga64-xilinx-linux-gnu -fno-threadsafe-statics -fno-use-cxa-atexit -D__VITIS_HLS__ -DAESL_SYN -D__SYNTHESIS__ -D__HLS_SYN__ -I /home/topnotches/Xilinx/Vitis_HLS/2023.2/common/technology/autopilot -I /home/topnotches/Xilinx/Vitis_HLS/2023.2/common/technology/autopilot/ap_sysc -include etc/autopilot_ssdm_op.h -D__DSP48E1__ -I /usr/include/x86_64-linux-gnu -o /home/topnotches/RCD_TU_Delft_2023/src_hls/stream_hls/streamulator/RCD_HLS/solution1/.autopilot/db/hfilt.pp.0.cpp -hls-platform-db-name=/home/topnotches/Xilinx/Vitis_HLS/2023.2/common/technology/xilinx/common/platform.db -hls-platform-name=zynq_slow -device-resource-info=BRAM_280.000000_DSP_220.000000_FF_106400.000000_LUT_53200.000000_SLICE_13300.000000_URAM_0.000000 -device-name-info=xc7z020clg400-1 > /home/topnotches/RCD_TU_Delft_2023/src_hls/stream_hls/streamulator/RCD_HLS/solution1/.autopilot/db/hfilt.cpp.clang.out.log 2> /home/topnotches/RCD_TU_Delft_2023/src_hls/stream_hls/streamulator/RCD_HLS/solution1/.autopilot/db/hfilt.cpp.clang.err.log
INFO-FLOW: Done: GCC PP 39 time: 0.2 seconds per iteration
INFO-FLOW: Source syntax check for synthesis
INFO-FLOW: run_clang exec: /home/topnotches/Xilinx/Vitis_HLS/2023.2/lnx64/tools/clang-3.9-csynth/bin/clang -foptimization-record-file=/home/topnotches/RCD_TU_Delft_2023/src_hls/stream_hls/streamulator/RCD_HLS/solution1/.autopilot/db/clang.diag.yml -mllvm -pass-remarks-missed=reflow|pasta|unroll -mllvm -pass-remarks=reflow|pasta|unroll|inline -fsyntax-only -fhls -target fpga64-xilinx-linux-gnu /home/topnotches/RCD_TU_Delft_2023/src_hls/stream_hls/streamulator/RCD_HLS/solution1/.autopilot/db/hfilt.pp.0.cpp -hls-platform-db-name=/home/topnotches/Xilinx/Vitis_HLS/2023.2/common/technology/xilinx/common/platform.db -hls-platform-name=zynq_slow -device-resource-info=BRAM_280.000000_DSP_220.000000_FF_106400.000000_LUT_53200.000000_SLICE_13300.000000_URAM_0.000000 -device-name-info=xc7z020clg400-1 > /home/topnotches/RCD_TU_Delft_2023/src_hls/stream_hls/streamulator/RCD_HLS/solution1/.autopilot/db/clang.out.log 2> /home/topnotches/RCD_TU_Delft_2023/src_hls/stream_hls/streamulator/RCD_HLS/solution1/.autopilot/db/clang.err.log
WARNING: [HLS 207-5541] extra token before variable expression is ignored (../hfilt.cpp:26:35)
WARNING: [HLS 207-5541] extra token before variable expression is ignored (../hfilt.cpp:27:35)
Execute       clang_tidy xilinx-systemc-detector -desc systemc-detector /home/topnotches/RCD_TU_Delft_2023/src_hls/stream_hls/streamulator/RCD_HLS/solution1/.autopilot/db/hfilt.pp.0.cpp std=gnu++14 -target fpga  -directive=/home/topnotches/RCD_TU_Delft_2023/src_hls/stream_hls/streamulator/RCD_HLS/solution1/.autopilot/db/.systemc_flag 
INFO-FLOW: exec /home/topnotches/Xilinx/Vitis_HLS/2023.2/lnx64/tools/clang-3.9-csynth/bin/clang-tidy -header-filter=.* --checks=-*,xilinx-systemc-detector -import-directive=/home/topnotches/RCD_TU_Delft_2023/src_hls/stream_hls/streamulator/RCD_HLS/solution1/.autopilot/db/.systemc_flag -fix-errors /home/topnotches/RCD_TU_Delft_2023/src_hls/stream_hls/streamulator/RCD_HLS/solution1/.autopilot/db/hfilt.pp.0.cpp -- -std=gnu++14 -target fpga -fhls -ferror-limit=0
Command       clang_tidy done; 2.33 sec.
INFO-FLOW: Running: clang-tidy CDT preprocess 39
Execute       clang_tidy xilinx-directive2pragma -desc directive2pragma /home/topnotches/RCD_TU_Delft_2023/src_hls/stream_hls/streamulator/RCD_HLS/solution1/.autopilot/db/hfilt.pp.0.cpp std=gnu++14 -target fpga  -directive=/home/topnotches/RCD_TU_Delft_2023/src_hls/stream_hls/streamulator/RCD_HLS/solution1/.autopilot/db/all.directive.json 
INFO-FLOW: exec /home/topnotches/Xilinx/Vitis_HLS/2023.2/lnx64/tools/clang-3.9-csynth/bin/clang-tidy -header-filter=.* --checks=-*,xilinx-directive2pragma -import-directive=/home/topnotches/RCD_TU_Delft_2023/src_hls/stream_hls/streamulator/RCD_HLS/solution1/.autopilot/db/all.directive.json -fix-errors /home/topnotches/RCD_TU_Delft_2023/src_hls/stream_hls/streamulator/RCD_HLS/solution1/.autopilot/db/hfilt.pp.0.cpp -- -std=gnu++14 -target fpga -fhls -ferror-limit=0
Command       clang_tidy done; 2.52 sec.
INFO-FLOW: Done: clang-tidy CDT preprocess 39 time: 2.5 seconds per iteration
INFO-FLOW: Calling xilinx-label-all-loops ... 
INFO-FLOW: Calling xilinx-aggregate-on-hls-vector ... 
Execute       clang_tidy -errorcheck -desc loop-label xilinx-label-all-loops,xilinx-aggregate-on-hls-vector,,xilinx-warn-mayneed-no-ctor-attribute /home/topnotches/RCD_TU_Delft_2023/src_hls/stream_hls/streamulator/RCD_HLS/solution1/.autopilot/db/hfilt.pp.0.cpp std=gnu++14 -target fpga  
INFO-FLOW: run_clang exec: /home/topnotches/Xilinx/Vitis_HLS/2023.2/lnx64/tools/clang-3.9-csynth/bin/clang-tidy -export-fixes=/home/topnotches/RCD_TU_Delft_2023/src_hls/stream_hls/streamulator/RCD_HLS/solution1/.autopilot/db/hfilt.pp.0.cpp.clang-tidy.loop-label.diag.yml -header-filter=.* --checks=-*,xilinx-label-all-loops,xilinx-aggregate-on-hls-vector,,xilinx-warn-mayneed-no-ctor-attribute -fix-errors /home/topnotches/RCD_TU_Delft_2023/src_hls/stream_hls/streamulator/RCD_HLS/solution1/.autopilot/db/hfilt.pp.0.cpp -- -std=gnu++14 -target fpga -fhls -ferror-limit=0 > /home/topnotches/RCD_TU_Delft_2023/src_hls/stream_hls/streamulator/RCD_HLS/solution1/.autopilot/db/hfilt.pp.0.cpp.clang-tidy.loop-label.out.log 2> /home/topnotches/RCD_TU_Delft_2023/src_hls/stream_hls/streamulator/RCD_HLS/solution1/.autopilot/db/hfilt.pp.0.cpp.clang-tidy.loop-label.err.log
Execute         source /home/topnotches/Xilinx/Vitis_HLS/2023.2/tps/tcl/tcllib1.11.1/yaml/yaml.tcl 
Command       clang_tidy done; 4.6 sec.
INFO-FLOW: run_clang exec: /home/topnotches/Xilinx/Vitis_HLS/2023.2/lnx64/tools/clang-3.9-csynth/bin/xilinx-dataflow-lawyer -export-fixes=/home/topnotches/RCD_TU_Delft_2023/src_hls/stream_hls/streamulator/RCD_HLS/solution1/.autopilot/db/hfilt.pp.0.cpp.xilinx-dataflow-lawyer.diag.yml /home/topnotches/RCD_TU_Delft_2023/src_hls/stream_hls/streamulator/RCD_HLS/solution1/.autopilot/db/hfilt.pp.0.cpp -- -std=gnu++14 -target fpga -fhls -ferror-limit=0 -fstrict-dataflow > /home/topnotches/RCD_TU_Delft_2023/src_hls/stream_hls/streamulator/RCD_HLS/solution1/.autopilot/db/hfilt.pp.0.cpp.xilinx-dataflow-lawyer.out.log 2> /home/topnotches/RCD_TU_Delft_2023/src_hls/stream_hls/streamulator/RCD_HLS/solution1/.autopilot/db/hfilt.pp.0.cpp.xilinx-dataflow-lawyer.err.log
Execute       ap_part_info -name xc7z020-clg400-1 -data info 
INFO-FLOW: compiling source code to llvm bc
INFO-FLOW: run_clang exec: /home/topnotches/Xilinx/Vitis_HLS/2023.2/lnx64/tools/clang-3.9-csynth/bin/clang -foptimization-record-file=/home/topnotches/RCD_TU_Delft_2023/src_hls/stream_hls/streamulator/RCD_HLS/solution1/.autopilot/db/hfilt.pp.0.cpp.clang.diag.yml -mllvm -pass-remarks-missed=reflow|pasta|unroll -mllvm -pass-remarks=reflow|pasta|unroll|inline -fno-limit-debug-info -fhls -flto -fno-exceptions -Wno-error=c++11-narrowing -hls-emit-hint-scope /home/topnotches/RCD_TU_Delft_2023/src_hls/stream_hls/streamulator/RCD_HLS/solution1/.autopilot/db/hfilt.pp.0.cpp -fno-math-errno -c -emit-llvm -mllvm -disable-llvm-optzns -Werror=implicit-function-declaration -Werror=implicit-hls-streams -Werror=return-type -Wpragmas -Wunused-parameter -Wdump-hls-pragmas -Wno-error=dump-hls-pragmas -hls-clock-period=10 -fno-threadsafe-statics -fno-use-cxa-atexit -std=gnu++14 -target fpga64-xilinx-linux-gnu -D__VITIS_HLS__ -DAESL_SYN -D__SYNTHESIS__ -D__HLS_SYN__ -I /home/topnotches/Xilinx/Vitis_HLS/2023.2/common/technology/autopilot -I /home/topnotches/Xilinx/Vitis_HLS/2023.2/common/technology/autopilot/ap_sysc -include etc/autopilot_ssdm_op.h -D__DSP48E1__ -g -o /home/topnotches/RCD_TU_Delft_2023/src_hls/stream_hls/streamulator/RCD_HLS/solution1/.autopilot/db/hfilt.bc -hls-platform-db-name=/home/topnotches/Xilinx/Vitis_HLS/2023.2/common/technology/xilinx/common/platform.db -hls-platform-name=zynq_slow -device-resource-info=BRAM_280.000000_DSP_220.000000_FF_106400.000000_LUT_53200.000000_SLICE_13300.000000_URAM_0.000000 -device-name-info=xc7z020clg400-1 > /home/topnotches/RCD_TU_Delft_2023/src_hls/stream_hls/streamulator/RCD_HLS/solution1/.autopilot/db/hfilt.pp.0.cpp.clang.out.log 2> /home/topnotches/RCD_TU_Delft_2023/src_hls/stream_hls/streamulator/RCD_HLS/solution1/.autopilot/db/hfilt.pp.0.cpp.clang.err.log
INFO: [HLS 200-111] Finished Source Code Analysis and Preprocessing: CPU user time: 15.21 seconds. CPU system time: 1.59 seconds. Elapsed time: 16.82 seconds; current allocated memory: 292.551 MB.
INFO-FLOW: Linking Debug ...
INFO-FLOW: Linking dut bc code.
Execute       run_link_or_opt -out /home/topnotches/RCD_TU_Delft_2023/src_hls/stream_hls/streamulator/RCD_HLS/solution1/.autopilot/db/a.g.ld.0.bc -args  "/home/topnotches/RCD_TU_Delft_2023/src_hls/stream_hls/streamulator/RCD_HLS/solution1/.autopilot/db/hfilt.g.bc"  
INFO-FLOW: run_clang exec: /home/topnotches/Xilinx/Vitis_HLS/2023.2/lnx64/tools/clang-3.9-csynth/bin/llvm-link /home/topnotches/RCD_TU_Delft_2023/src_hls/stream_hls/streamulator/RCD_HLS/solution1/.autopilot/db/hfilt.g.bc -o /home/topnotches/RCD_TU_Delft_2023/src_hls/stream_hls/streamulator/RCD_HLS/solution1/.autopilot/db/a.g.ld.0.bc > /home/topnotches/RCD_TU_Delft_2023/src_hls/stream_hls/streamulator/RCD_HLS/solution1/.autopilot/db/a.g.ld.0.bc.llvm-link.out.log 2> /home/topnotches/RCD_TU_Delft_2023/src_hls/stream_hls/streamulator/RCD_HLS/solution1/.autopilot/db/a.g.ld.0.bc.llvm-link.err.log
INFO-FLOW: 
Execute       run_link_or_opt -opt -out /home/topnotches/RCD_TU_Delft_2023/src_hls/stream_hls/streamulator/RCD_HLS/solution1/.autopilot/db/a.g.ld.1.lower.bc -args /home/topnotches/RCD_TU_Delft_2023/src_hls/stream_hls/streamulator/RCD_HLS/solution1/.autopilot/db/a.g.ld.0.bc -reflow-lower-math-intrinsics 
INFO-FLOW: run_clang exec: /home/topnotches/Xilinx/Vitis_HLS/2023.2/lnx64/tools/clang-3.9-csynth/bin/opt -pass-remarks-missed=reflow|pasta|unroll -pass-remarks=reflow|pasta|unroll|inline -pass-remarks-output=/home/topnotches/RCD_TU_Delft_2023/src_hls/stream_hls/streamulator/RCD_HLS/solution1/.autopilot/db/a.g.ld.1.lower.bc.opt.diag.yml /home/topnotches/RCD_TU_Delft_2023/src_hls/stream_hls/streamulator/RCD_HLS/solution1/.autopilot/db/a.g.ld.0.bc -reflow-lower-math-intrinsics -o /home/topnotches/RCD_TU_Delft_2023/src_hls/stream_hls/streamulator/RCD_HLS/solution1/.autopilot/db/a.g.ld.1.lower.bc > /home/topnotches/RCD_TU_Delft_2023/src_hls/stream_hls/streamulator/RCD_HLS/solution1/.autopilot/db/a.g.ld.1.lower.bc.opt.out.log 2> /home/topnotches/RCD_TU_Delft_2023/src_hls/stream_hls/streamulator/RCD_HLS/solution1/.autopilot/db/a.g.ld.1.lower.bc.opt.err.log
INFO-FLOW: 
INFO-FLOW: Running: gen_design_size_report post-opt
INFO-FLOW: Done: gen_design_size_report post-opt time: 0 seconds per iteration
INFO-FLOW: Linking math bc lib
Execute       run_link_or_opt -out /home/topnotches/RCD_TU_Delft_2023/src_hls/stream_hls/streamulator/RCD_HLS/solution1/.autopilot/db/a.g.ld.2.m1.bc -args /home/topnotches/RCD_TU_Delft_2023/src_hls/stream_hls/streamulator/RCD_HLS/solution1/.autopilot/db/a.g.ld.1.lower.bc -only-needed /home/topnotches/Xilinx/Vitis_HLS/2023.2/lnx64/lib/libhlsm_39.bc /home/topnotches/Xilinx/Vitis_HLS/2023.2/lnx64/lib/libhlsmc++_39.bc 
INFO-FLOW: run_clang exec: /home/topnotches/Xilinx/Vitis_HLS/2023.2/lnx64/tools/clang-3.9-csynth/bin/llvm-link /home/topnotches/RCD_TU_Delft_2023/src_hls/stream_hls/streamulator/RCD_HLS/solution1/.autopilot/db/a.g.ld.1.lower.bc -only-needed /home/topnotches/Xilinx/Vitis_HLS/2023.2/lnx64/lib/libhlsm_39.bc /home/topnotches/Xilinx/Vitis_HLS/2023.2/lnx64/lib/libhlsmc++_39.bc -o /home/topnotches/RCD_TU_Delft_2023/src_hls/stream_hls/streamulator/RCD_HLS/solution1/.autopilot/db/a.g.ld.2.m1.bc > /home/topnotches/RCD_TU_Delft_2023/src_hls/stream_hls/streamulator/RCD_HLS/solution1/.autopilot/db/a.g.ld.2.m1.bc.llvm-link.out.log 2> /home/topnotches/RCD_TU_Delft_2023/src_hls/stream_hls/streamulator/RCD_HLS/solution1/.autopilot/db/a.g.ld.2.m1.bc.llvm-link.err.log
INFO-FLOW: 
Command       run_link_or_opt done; 1.54 sec.
Execute       run_link_or_opt -opt -out /home/topnotches/RCD_TU_Delft_2023/src_hls/stream_hls/streamulator/RCD_HLS/solution1/.autopilot/db/a.g.ld.3.fpc.bc -args /home/topnotches/RCD_TU_Delft_2023/src_hls/stream_hls/streamulator/RCD_HLS/solution1/.autopilot/db/a.g.ld.2.m1.bc -reflow-globaldce -hls-top-function-name=hfilt -reflow-float-conversion 
INFO-FLOW: run_clang exec: /home/topnotches/Xilinx/Vitis_HLS/2023.2/lnx64/tools/clang-3.9-csynth/bin/opt -pass-remarks-missed=reflow|pasta|unroll -pass-remarks=reflow|pasta|unroll|inline -pass-remarks-output=/home/topnotches/RCD_TU_Delft_2023/src_hls/stream_hls/streamulator/RCD_HLS/solution1/.autopilot/db/a.g.ld.3.fpc.bc.opt.diag.yml /home/topnotches/RCD_TU_Delft_2023/src_hls/stream_hls/streamulator/RCD_HLS/solution1/.autopilot/db/a.g.ld.2.m1.bc -reflow-globaldce -hls-top-function-name=hfilt -reflow-float-conversion -o /home/topnotches/RCD_TU_Delft_2023/src_hls/stream_hls/streamulator/RCD_HLS/solution1/.autopilot/db/a.g.ld.3.fpc.bc > /home/topnotches/RCD_TU_Delft_2023/src_hls/stream_hls/streamulator/RCD_HLS/solution1/.autopilot/db/a.g.ld.3.fpc.bc.opt.out.log 2> /home/topnotches/RCD_TU_Delft_2023/src_hls/stream_hls/streamulator/RCD_HLS/solution1/.autopilot/db/a.g.ld.3.fpc.bc.opt.err.log
INFO-FLOW: 
INFO-FLOW: Running: gen_design_size_report post-opt
INFO-FLOW: Done: gen_design_size_report post-opt time: 0 seconds per iteration
Command       run_link_or_opt done; 0.63 sec.
Execute       run_link_or_opt -out /home/topnotches/RCD_TU_Delft_2023/src_hls/stream_hls/streamulator/RCD_HLS/solution1/.autopilot/db/a.g.ld.4.m2.bc -args /home/topnotches/RCD_TU_Delft_2023/src_hls/stream_hls/streamulator/RCD_HLS/solution1/.autopilot/db/a.g.ld.3.fpc.bc -only-needed /home/topnotches/Xilinx/Vitis_HLS/2023.2/lnx64/lib/libfloatconversion_39.bc 
INFO-FLOW: run_clang exec: /home/topnotches/Xilinx/Vitis_HLS/2023.2/lnx64/tools/clang-3.9-csynth/bin/llvm-link /home/topnotches/RCD_TU_Delft_2023/src_hls/stream_hls/streamulator/RCD_HLS/solution1/.autopilot/db/a.g.ld.3.fpc.bc -only-needed /home/topnotches/Xilinx/Vitis_HLS/2023.2/lnx64/lib/libfloatconversion_39.bc -o /home/topnotches/RCD_TU_Delft_2023/src_hls/stream_hls/streamulator/RCD_HLS/solution1/.autopilot/db/a.g.ld.4.m2.bc > /home/topnotches/RCD_TU_Delft_2023/src_hls/stream_hls/streamulator/RCD_HLS/solution1/.autopilot/db/a.g.ld.4.m2.bc.llvm-link.out.log 2> /home/topnotches/RCD_TU_Delft_2023/src_hls/stream_hls/streamulator/RCD_HLS/solution1/.autopilot/db/a.g.ld.4.m2.bc.llvm-link.err.log
INFO-FLOW: 
Execute       run_link_or_opt -opt -out /home/topnotches/RCD_TU_Delft_2023/src_hls/stream_hls/streamulator/RCD_HLS/solution1/.autopilot/db/a.g.ld.5.gdce.bc -args /home/topnotches/RCD_TU_Delft_2023/src_hls/stream_hls/streamulator/RCD_HLS/solution1/.autopilot/db/a.g.ld.4.m2.bc -reflow-globaldce -hls-top-function-name=hfilt 
INFO-FLOW: run_clang exec: /home/topnotches/Xilinx/Vitis_HLS/2023.2/lnx64/tools/clang-3.9-csynth/bin/opt -pass-remarks-missed=reflow|pasta|unroll -pass-remarks=reflow|pasta|unroll|inline -pass-remarks-output=/home/topnotches/RCD_TU_Delft_2023/src_hls/stream_hls/streamulator/RCD_HLS/solution1/.autopilot/db/a.g.ld.5.gdce.bc.opt.diag.yml /home/topnotches/RCD_TU_Delft_2023/src_hls/stream_hls/streamulator/RCD_HLS/solution1/.autopilot/db/a.g.ld.4.m2.bc -reflow-globaldce -hls-top-function-name=hfilt -o /home/topnotches/RCD_TU_Delft_2023/src_hls/stream_hls/streamulator/RCD_HLS/solution1/.autopilot/db/a.g.ld.5.gdce.bc > /home/topnotches/RCD_TU_Delft_2023/src_hls/stream_hls/streamulator/RCD_HLS/solution1/.autopilot/db/a.g.ld.5.gdce.bc.opt.out.log 2> /home/topnotches/RCD_TU_Delft_2023/src_hls/stream_hls/streamulator/RCD_HLS/solution1/.autopilot/db/a.g.ld.5.gdce.bc.opt.err.log
INFO-FLOW: 
INFO-FLOW: Running: gen_design_size_report post-opt
INFO-FLOW: Done: gen_design_size_report post-opt time: 0 seconds per iteration
Execute       send_msg_by_id INFO @200-777@%s Vivado 
INFO: [HLS 200-777] Using interface defaults for 'Vivado' flow target.
Execute       is_m_axi_addr64 
INFO-FLOW: Doing LTO.
INFO-FLOW: run_clang (background poll_ms 5000) exec: /home/topnotches/Xilinx/Vitis_HLS/2023.2/lnx64/tools/clang-3.9-csynth/bin/clang -foptimization-record-file=/home/topnotches/RCD_TU_Delft_2023/src_hls/stream_hls/streamulator/RCD_HLS/solution1/.autopilot/db/a.g.ld.0.bc.clang.reflow.diag.yml -mllvm -pass-remarks-missed=reflow|pasta|unroll -mllvm -pass-remarks=reflow|pasta|unroll|inline -fhls -mllvm -hls-top-function-name=hfilt -mllvm -hls-db-dir -mllvm /home/topnotches/RCD_TU_Delft_2023/src_hls/stream_hls/streamulator/RCD_HLS/solution1/.autopilot/db -emit-llvm -c -target fpga64-xilinx-none -mllvm -xcl-xmlinfo=/home/topnotches/RCD_TU_Delft_2023/src_hls/stream_hls/streamulator/RCD_HLS/solution1/.autopilot/db/kernel.internal.xml -mllvm -top-io-mapping-info=/home/topnotches/RCD_TU_Delft_2023/src_hls/stream_hls/streamulator/RCD_HLS/solution1/.autopilot/db/top-io-fe.xml -mllvm -hls-bitcode-version=3.1 -mllvm -reflow-enable-slave-interface-default-setting=true -mllvm -gen-kernel-xml=false -mllvm -default-maxi-offset=slave -mllvm -maxi-latency=0 -mllvm -hls-maxi-data-size-in-bits=8 -mllvm -hls-maxi-max-data-size-in-bits=1024 -mllvm -hls-max-widen-size-in-bits=0 -mllvm -xcl-kernel-max-mem-ports=0 -mllvm -maxi-read-trans=16 -mllvm -maxi-write-trans=16 -mllvm -maxi-read-burst-len=16 -mllvm -maxi-write-burst-len=16 -mllvm -reflow-enable-saxi-64bits=0 -mllvm -reflow-basic-block-instr-threshold=200000 -mllvm -reflow-auto-pipeline-threshold=64 -mllvm -reflow-enable-maxi-auto-id-channel=0 -mllvm -enable-fp-thr=0 -mllvm -reflow-bdd-simplify-threshold=1048576 -mllvm -reflow-fanout-threshold=16 -mllvm -assume-maxi-align=1 -mllvm -reflow-pipeline-style-llvm-setting=2 -mllvm -reflow-enable-dataflow-strict-mode-checking=1 -ftime-report -mllvm -time-passes -mllvm -reflow-auto-array-partition-mode=default -mllvm -reflow-enable-auto-array-partition=true -mllvm -reflow-enable-auto-parallel-performance-driven=true -mllvm -reflow-enable-partition-for-automation=true -mllvm -reflow-aggregate-bitwidth-threshold=4096 -mllvm -reflow-reserved-saxilite-registers=0 -mllvm -enable-reflow-auto-loop-pipeline -mllvm -reflow-max-unroll-threshold=409600 -mllvm -reflow-assume-no-address-wrap=true -mllvm -reflow-enable-occurrence-inference=true -mllvm -reflow-emit-hint-scope=true -mllvm -hls -mllvm -disable-inlined-alloca-merging=true -mllvm -default-clock-period=10 -x ir /home/topnotches/RCD_TU_Delft_2023/src_hls/stream_hls/streamulator/RCD_HLS/solution1/.autopilot/db/a.g.ld.5.gdce.bc -o /home/topnotches/RCD_TU_Delft_2023/src_hls/stream_hls/streamulator/RCD_HLS/solution1/.autopilot/db/a.g.lto.bc -hls-platform-db-name=/home/topnotches/Xilinx/Vitis_HLS/2023.2/common/technology/xilinx/common/platform.db -hls-platform-name=zynq_slow -device-resource-info=BRAM_280.000000_DSP_220.000000_FF_106400.000000_LUT_53200.000000_SLICE_13300.000000_URAM_0.000000 -device-name-info=xc7z020clg400-1 2> /home/topnotches/RCD_TU_Delft_2023/src_hls/stream_hls/streamulator/RCD_HLS/solution1/.autopilot/db/a.g.ld.0.bc.clang.reflow.err.log bg_poll_cmd: ::AP::poll_clang_39_closed_source
Execute       send_msg_by_id INFO @200-1995@%s%s%s 959 Compile/Link /home/topnotches/RCD_TU_Delft_2023/src_hls/stream_hls/streamulator/RCD_HLS/solution1/syn/report/csynth_design_size.rpt 
INFO: [HLS 200-1995] There were 959 instructions in the design after the 'Compile/Link' phase of compilation. See the Design Size Report for more details: /home/topnotches/RCD_TU_Delft_2023/src_hls/stream_hls/streamulator/RCD_HLS/solution1/syn/report/csynth_design_size.rpt
Execute       send_msg_by_id INFO @200-1995@%s%s%s 442 Unroll/Inline (step 1) /home/topnotches/RCD_TU_Delft_2023/src_hls/stream_hls/streamulator/RCD_HLS/solution1/syn/report/csynth_design_size.rpt 
INFO: [HLS 200-1995] There were 442 instructions in the design after the 'Unroll/Inline (step 1)' phase of compilation. See the Design Size Report for more details: /home/topnotches/RCD_TU_Delft_2023/src_hls/stream_hls/streamulator/RCD_HLS/solution1/syn/report/csynth_design_size.rpt
Execute       send_msg_by_id INFO @200-1995@%s%s%s 346 Unroll/Inline (step 2) /home/topnotches/RCD_TU_Delft_2023/src_hls/stream_hls/streamulator/RCD_HLS/solution1/syn/report/csynth_design_size.rpt 
INFO: [HLS 200-1995] There were 346 instructions in the design after the 'Unroll/Inline (step 2)' phase of compilation. See the Design Size Report for more details: /home/topnotches/RCD_TU_Delft_2023/src_hls/stream_hls/streamulator/RCD_HLS/solution1/syn/report/csynth_design_size.rpt
Execute       send_msg_by_id INFO @200-1995@%s%s%s 294 Unroll/Inline (step 3) /home/topnotches/RCD_TU_Delft_2023/src_hls/stream_hls/streamulator/RCD_HLS/solution1/syn/report/csynth_design_size.rpt 
INFO: [HLS 200-1995] There were 294 instructions in the design after the 'Unroll/Inline (step 3)' phase of compilation. See the Design Size Report for more details: /home/topnotches/RCD_TU_Delft_2023/src_hls/stream_hls/streamulator/RCD_HLS/solution1/syn/report/csynth_design_size.rpt
Execute       send_msg_by_id INFO @200-1995@%s%s%s 294 Unroll/Inline (step 4) /home/topnotches/RCD_TU_Delft_2023/src_hls/stream_hls/streamulator/RCD_HLS/solution1/syn/report/csynth_design_size.rpt 
INFO: [HLS 200-1995] There were 294 instructions in the design after the 'Unroll/Inline (step 4)' phase of compilation. See the Design Size Report for more details: /home/topnotches/RCD_TU_Delft_2023/src_hls/stream_hls/streamulator/RCD_HLS/solution1/syn/report/csynth_design_size.rpt
Execute       send_msg_by_id INFO @200-1995@%s%s%s 296 Array/Struct (step 1) /home/topnotches/RCD_TU_Delft_2023/src_hls/stream_hls/streamulator/RCD_HLS/solution1/syn/report/csynth_design_size.rpt 
INFO: [HLS 200-1995] There were 296 instructions in the design after the 'Array/Struct (step 1)' phase of compilation. See the Design Size Report for more details: /home/topnotches/RCD_TU_Delft_2023/src_hls/stream_hls/streamulator/RCD_HLS/solution1/syn/report/csynth_design_size.rpt
Execute       send_msg_by_id INFO @200-1995@%s%s%s 296 Array/Struct (step 2) /home/topnotches/RCD_TU_Delft_2023/src_hls/stream_hls/streamulator/RCD_HLS/solution1/syn/report/csynth_design_size.rpt 
INFO: [HLS 200-1995] There were 296 instructions in the design after the 'Array/Struct (step 2)' phase of compilation. See the Design Size Report for more details: /home/topnotches/RCD_TU_Delft_2023/src_hls/stream_hls/streamulator/RCD_HLS/solution1/syn/report/csynth_design_size.rpt
Execute       send_msg_by_id INFO @200-1995@%s%s%s 296 Array/Struct (step 3) /home/topnotches/RCD_TU_Delft_2023/src_hls/stream_hls/streamulator/RCD_HLS/solution1/syn/report/csynth_design_size.rpt 
INFO: [HLS 200-1995] There were 296 instructions in the design after the 'Array/Struct (step 3)' phase of compilation. See the Design Size Report for more details: /home/topnotches/RCD_TU_Delft_2023/src_hls/stream_hls/streamulator/RCD_HLS/solution1/syn/report/csynth_design_size.rpt
Execute       send_msg_by_id INFO @200-1995@%s%s%s 296 Array/Struct (step 4) /home/topnotches/RCD_TU_Delft_2023/src_hls/stream_hls/streamulator/RCD_HLS/solution1/syn/report/csynth_design_size.rpt 
INFO: [HLS 200-1995] There were 296 instructions in the design after the 'Array/Struct (step 4)' phase of compilation. See the Design Size Report for more details: /home/topnotches/RCD_TU_Delft_2023/src_hls/stream_hls/streamulator/RCD_HLS/solution1/syn/report/csynth_design_size.rpt
Execute       send_msg_by_id INFO @200-1995@%s%s%s 408 Array/Struct (step 5) /home/topnotches/RCD_TU_Delft_2023/src_hls/stream_hls/streamulator/RCD_HLS/solution1/syn/report/csynth_design_size.rpt 
INFO: [HLS 200-1995] There were 408 instructions in the design after the 'Array/Struct (step 5)' phase of compilation. See the Design Size Report for more details: /home/topnotches/RCD_TU_Delft_2023/src_hls/stream_hls/streamulator/RCD_HLS/solution1/syn/report/csynth_design_size.rpt
Execute       send_msg_by_id INFO @200-1995@%s%s%s 422 Performance (step 1) /home/topnotches/RCD_TU_Delft_2023/src_hls/stream_hls/streamulator/RCD_HLS/solution1/syn/report/csynth_design_size.rpt 
INFO: [HLS 200-1995] There were 422 instructions in the design after the 'Performance (step 1)' phase of compilation. See the Design Size Report for more details: /home/topnotches/RCD_TU_Delft_2023/src_hls/stream_hls/streamulator/RCD_HLS/solution1/syn/report/csynth_design_size.rpt
Execute       send_msg_by_id INFO @200-1995@%s%s%s 408 Performance (step 2) /home/topnotches/RCD_TU_Delft_2023/src_hls/stream_hls/streamulator/RCD_HLS/solution1/syn/report/csynth_design_size.rpt 
INFO: [HLS 200-1995] There were 408 instructions in the design after the 'Performance (step 2)' phase of compilation. See the Design Size Report for more details: /home/topnotches/RCD_TU_Delft_2023/src_hls/stream_hls/streamulator/RCD_HLS/solution1/syn/report/csynth_design_size.rpt
Execute       send_msg_by_id INFO @200-1995@%s%s%s 310 Performance (step 3) /home/topnotches/RCD_TU_Delft_2023/src_hls/stream_hls/streamulator/RCD_HLS/solution1/syn/report/csynth_design_size.rpt 
INFO: [HLS 200-1995] There were 310 instructions in the design after the 'Performance (step 3)' phase of compilation. See the Design Size Report for more details: /home/topnotches/RCD_TU_Delft_2023/src_hls/stream_hls/streamulator/RCD_HLS/solution1/syn/report/csynth_design_size.rpt
Execute       send_msg_by_id INFO @200-1995@%s%s%s 310 Performance (step 4) /home/topnotches/RCD_TU_Delft_2023/src_hls/stream_hls/streamulator/RCD_HLS/solution1/syn/report/csynth_design_size.rpt 
INFO: [HLS 200-1995] There were 310 instructions in the design after the 'Performance (step 4)' phase of compilation. See the Design Size Report for more details: /home/topnotches/RCD_TU_Delft_2023/src_hls/stream_hls/streamulator/RCD_HLS/solution1/syn/report/csynth_design_size.rpt
Execute       send_msg_by_id INFO @200-1995@%s%s%s 268 HW Transforms (step 1) /home/topnotches/RCD_TU_Delft_2023/src_hls/stream_hls/streamulator/RCD_HLS/solution1/syn/report/csynth_design_size.rpt 
INFO: [HLS 200-1995] There were 268 instructions in the design after the 'HW Transforms (step 1)' phase of compilation. See the Design Size Report for more details: /home/topnotches/RCD_TU_Delft_2023/src_hls/stream_hls/streamulator/RCD_HLS/solution1/syn/report/csynth_design_size.rpt
Execute       send_msg_by_id INFO @200-1995@%s%s%s 244 HW Transforms (step 2) /home/topnotches/RCD_TU_Delft_2023/src_hls/stream_hls/streamulator/RCD_HLS/solution1/syn/report/csynth_design_size.rpt 
INFO: [HLS 200-1995] There were 244 instructions in the design after the 'HW Transforms (step 2)' phase of compilation. See the Design Size Report for more details: /home/topnotches/RCD_TU_Delft_2023/src_hls/stream_hls/streamulator/RCD_HLS/solution1/syn/report/csynth_design_size.rpt
INFO-FLOW: DBG:PUTS: copy_raw_kernel_xml ap_link_39: kernel.xml not generated: /home/topnotches/RCD_TU_Delft_2023/src_hls/stream_hls/streamulator/RCD_HLS/solution1/.autopilot/db/kernel.internal.xml
INFO: [HLS 200-111] Finished Compiling Optimization and Transform: CPU user time: 2.3 seconds. CPU system time: 0.62 seconds. Elapsed time: 7.37 seconds; current allocated memory: 293.809 MB.
INFO: [HLS 200-111] Finished Checking Pragmas: CPU user time: 0 seconds. CPU system time: 0 seconds. Elapsed time: 0 seconds; current allocated memory: 293.809 MB.
Execute       opt_and_import_c a -opt_level=2 -skip_syncheck=0 -ng=0 -keep_printf=0 
Execute         cleanup_all_models 
INFO: [HLS 200-10] Starting code transformations ...
INFO-FLOW: Running Standard Transforms...
Execute         transform -hls -share-std-xform -demangle-name -inline-byval-memcpy -always-inline -promote-dbg-pointer -interface-preproc -mem2reg -scalarrepl -mem2reg -keep-read-access -instcombine -dce -promote-dbg-pointer -bitop-raise -loop-simplify -indvarspre -indvars -loop-simplify -xunroll -constprop -instcombine -simplifycfg -indvars -simplifycfg -dce -globaldce -basicaa -simplifycfg -mem2reg -globalopt -global-constprop -deadargelim -instcombine -simplifycfg -scalarrepl -instcombine -reassociate -licm -simplifycfg -loop-simplify -indvars -instcombine -simplifycfg -mem2reg -loop-simplify -indvars -instcombine -gvn -gvn -instcombine -adce -break-crit-edges -simplifycfg -loop-delete -global-array-opt -dce -dse -adce -find-syn-modules -top hfilt -deadargelim -mem2reg -instcombine -dce -presyn-prepare -interface-preproc -syn-check -check-rec-only -find-region -simplifycfg -func-extr -function-inline -globaldce -mem2reg -instcombine -dce -gvn -globaldce -adce -adse -constprop -instcombine -bit-constprop -instcombine -dce -simplifycfg -bitop-raise -simplifycfg -dce -loop-delete -reassociate -globalopt -global-privatize -mem2reg -dce -global-constprop -pointer-simplify -constprop -dce -auto-shift-reg-idiom -promote-dbg-pointer -norm-name /home/topnotches/RCD_TU_Delft_2023/src_hls/stream_hls/streamulator/RCD_HLS/solution1/.autopilot/db/a.g.0.bc -o /home/topnotches/RCD_TU_Delft_2023/src_hls/stream_hls/streamulator/RCD_HLS/solution1/.autopilot/db/a.g.1.bc -f -phase std-opt 
INFO: [HLS 200-111] Finished Standard Transforms: CPU user time: 0.02 seconds. CPU system time: 0 seconds. Elapsed time: 0.02 seconds; current allocated memory: 294.168 MB.
INFO: [HLS 200-10] Checking synthesizability ...
INFO-FLOW: Checking Synthesizability 1/2..
Execute         transform -hls -syn-check -check-rec-only -scalarrepl -norm-name -dce -mem2reg -instcombine -directive-preproc -mem2reg -dse -dce -dce -pag -array-normalize -instcombine -dce -array-seg-normalize -instcombine -dce -data-pack -instcombine -dce -inst-simplify -array-flatten -instcombine -dce -array-burst -dce -deadargelim -promote-global-argument -simplifycfg -mem2reg -globaldce -dce -deadargelim -dce -instcombine -function-inline -globaldce -dce -doublePtrSimplify -doublePtrElim -dce -doublePtrSimplify -promote-dbg-pointer -dce -scalarrepl -dse -adse -instcombine -ptrLegalization -simplifycfg -dce -instcombine -pointer-simplify -ptrArgReplace -dce -instcombine -resolve-double-ptr -scalarrepl -norm-name -dce -mem2reg -instcombine -ptrLegalization -simplifycfg -deadargelim -instcombine -dce -inst-simplify -directive-preproc -mem2reg -dse -dce -globaldce /home/topnotches/RCD_TU_Delft_2023/src_hls/stream_hls/streamulator/RCD_HLS/solution1/.autopilot/db/a.g.1.bc -o /home/topnotches/RCD_TU_Delft_2023/src_hls/stream_hls/streamulator/RCD_HLS/solution1/.autopilot/db/a.g.2.prechk.bc -f 
INFO-FLOW: Checking Synthesizability 2/2..
Execute         transform -syn-check /home/topnotches/RCD_TU_Delft_2023/src_hls/stream_hls/streamulator/RCD_HLS/solution1/.autopilot/db/a.g.2.prechk.bc -o /home/topnotches/RCD_TU_Delft_2023/src_hls/stream_hls/streamulator/RCD_HLS/solution1/.autopilot/db/a.g.2.bc -f -phase syn-check 
INFO: [HLS 200-111] Finished Checking Synthesizability: CPU user time: 0.01 seconds. CPU system time: 0 seconds. Elapsed time: 0.01 seconds; current allocated memory: 294.320 MB.
INFO-FLOW: Compiler optimizing ...
INFO-FLOW: Share syncheck's 1.bc for syn flow: copy /home/topnotches/RCD_TU_Delft_2023/src_hls/stream_hls/streamulator/RCD_HLS/solution1/.autopilot/db/a.g.1.bc to /home/topnotches/RCD_TU_Delft_2023/src_hls/stream_hls/streamulator/RCD_HLS/solution1/.autopilot/db/a.o.1.bc
INFO-FLOW: Presyn 1...
Execute         transform -hls -tmp /home/topnotches/RCD_TU_Delft_2023/src_hls/stream_hls/streamulator/RCD_HLS/solution1/.autopilot/db -interface-port-rename -directive-preproc -mem2reg -dse -dce -scalarrepl -norm-name -deadargelim -mem2reg -instcombine -dce -simplifycfg -dce -resource-proc -clib-intrinsic-prepare -dce -func-buffer -dce -pag -array-normalize -func-legal -instcombine -gvn -constprop -dce -simplifycfg -mem2reg -globaldce -resolve-double-ptr -dce -deadargelim -dce -instcombine -ptrArgReplace -mem2reg -dce -array-seg-normalize -deadargelim -instcombine -dce -directive-preproc -mem2reg -dse -dce -pointer-simplify -dce -port-alignment -dce -interface-preproc -data-pack -instcombine -dce -basicaa -aggr-aa -aggrmodref-aa -aggr-aa -gvn -gvn -basicaa -aggr-aa -aggrmodref-aa -aggr-aa -dse -adse -adce -loop-simplify -indvars -instcombine -gvn -loop-simplify -mem2reg -dce -find-region -instcombine -inst-simplify -interface-preproc -cfgopt -instcombine -indvars -auto-loop-unroll -loop-simplify -loop-bound -xunroll -constprop -instcombine -simplifycfg -indvars -simplifycfg -dce -globaldce -clean-region -attach-range -gvn -inst-simplify -constprop -simplifycfg -dce -pointer-simplify -dce -globalopt -constprop -dce -array-promote -scalar-auto-dep-elim -constprop -dce -ptrArgReplace -mem2reg -simplifycfg -dce -instcombine -dce -array-transform-check -array-reshape -instcombine -simplifycfg -dce -ptrArgReplace -deadargelim -mem2reg -instcombine -simplifycfg -dce -indvars -loop-simplify -loop-bound -xunroll -constprop -instcombine -simplifycfg -indvars -simplifycfg -dce -globaldce -basicaa -aggr-aa -aggrmodref-aa -aggr-aa -dse -duplicate-dataflow-processes -globaldce -instcombine -array-partition -prepare-dynamic-array-partition -instcombine -simplifycfg -dce -ptrArgReplace -global-constprop -deadargelim -mem2reg -func-legal -dce -global-constprop -deadargelim -mem2reg -simplifycfg -dce -merge-param -deadargelim -globalopt -constprop -dce -array-promote -scalar-auto-dep-elim -constprop -dce -ptrArgReplace -mem2reg -simplifycfg -dce -mem-intrinsic-preproc -dce -global-internalize -global-privatize -mem2reg -globaldce -promote-global-argument -ptrArgReplace -mem2reg -dce -globalopt -mergereturn -simplify-global-access -mem2reg -dce -pointer-simplify -dce -functionattrs -basicaa -aggr-aa -aggrmodref-aa -aggr-aa -gvn -gvn -basicaa -aggr-aa -aggrmodref-aa -aggr-aa -dse -adse -adce -dce -norm-name -basicaa -aggr-aa -aggrmodref-aa -aggr-aa -accesses-merge -function-inline -complex-op-raise -inst-simplify -globaldce -func-legal -dce -loop-bound -arraycheck -bitwidthmin2 -bitwidthmin2 -on-by-dataflow -loop-delete -instcombine -simplifycfg -globaldce -dce -gvn -deadargelim -dce -loop-simplify -clean-region -simplifycfg -propagate-stable-arguments -loop-stream -instcombine -simplifycfg -dce -globaldce -duplicate-dataflow-processes -stream-intrinsic-preproc -dce -check-ap-stream -loop-simplify -eliminate-keepreads -extract-dataflow-in-loop -loop-simplify -dce -gvn -deadargelim -dse -duplicate-dataflow-processes -check-dataflow-syntax -legalize-stream-variable -globaldce -legalize-global -extract-subproc -dce -dead-channel-elimination -canonicalize-gep -globaldce -dce -gvn -hls-dead-arg-elim -deadargelim -directive-preproc -canonicalize-dataflow -dce -globaldce -scalar-preprocessing -scalar-propagation2 -scalar-stream -deadargelim -globaldce -mem2reg -check-dataflow-channels -function-stream -dce -globaldce -prop-fifo-spec -internal-stream-gen -canonicalize-gep -globaldce -dce -gvn -deadargelim -mergereturn -indvars -loop-simplify -instcombine -array-stream -array-seg-normalize -array-partition -clean-array-spec -func-legal -instcombine -simplifycfg -dce -bundle-memfifo-ops -deadargelim -directive-preproc -mem2reg -dse -dce -group-axi-access -licm -simplifycfg -dce -loop-delete -hls-display -norm-name /home/topnotches/RCD_TU_Delft_2023/src_hls/stream_hls/streamulator/RCD_HLS/solution1/.autopilot/db/a.o.1.bc -o /home/topnotches/RCD_TU_Delft_2023/src_hls/stream_hls/streamulator/RCD_HLS/solution1/.autopilot/db/a.o.1.tmp.bc -f 
INFO: [XFORM 203-102] Partitioning array 'selection' in dimension 1 automatically.
INFO: [XFORM 203-102] Partitioning array 'active_pixels' in dimension 1 automatically.
INFO: [XFORM 203-102] Automatically partitioning small array 'active_pixels.0' completely based on array size.
INFO: [XFORM 203-102] Automatically partitioning small array 'active_pixels.1' completely based on array size.
INFO: [XFORM 203-102] Automatically partitioning small array 'active_pixels.2' completely based on array size.
INFO: [XFORM 203-101] Partitioning array 'active_pixels.0' in dimension 1 completely.
INFO: [XFORM 203-101] Partitioning array 'active_pixels.1' in dimension 1 completely.
INFO: [XFORM 203-101] Partitioning array 'active_pixels.2' in dimension 1 completely.
INFO-FLOW: Presyn 2...
Execute         transform -hls -keep-callgraph -scalarrepl -mem2reg -port-alignment -attach-range -dce -pipe-mux-gen -indvars -loop-bound -inst-simplify -instcombine -dce -merge-array-access -mem2reg -dce -clean-region -mergereturn -if-conv -instcombine -dce -constprop -basicaa -aggr-aa -aggrmodref-aa -aggr-aa -gvn -gvn -basicaa -aggr-aa -aggrmodref-aa -aggr-aa -dse -adse -adce -scalarrepl -mem2reg -global-constprop -deadargelim -deadargelim -instcombine -dce -simplifycfg -ptrArgReplace -mem2reg -function-inline -globaldce -mem2reg -instcombine -dce -expr-balance -instcombine -dce -bitwidthmin2 -bitwidthmin2 -interface-preproc -directive-preproc -inst-rectify -instcombine -dce -functionattrs -constprop -instcombine -bit-constprop -simplify-global-access -globalopt -globaldce -inst-simplify -instcombine -elimdeaddata -dce -loop-delete -simplifycfg -loop-simplify -barrier -norm-name /home/topnotches/RCD_TU_Delft_2023/src_hls/stream_hls/streamulator/RCD_HLS/solution1/.autopilot/db/a.o.1.tmp.bc -o /home/topnotches/RCD_TU_Delft_2023/src_hls/stream_hls/streamulator/RCD_HLS/solution1/.autopilot/db/a.o.2.bc -f -phase presyn 
INFO: [XFORM 203-401] Performing if-conversion on hyperblock from (../hfilt.cpp:28:9) in function 'hfilt'... converting 16 basic blocks.
INFO: [HLS 200-111] Finished Loop, function and other optimizations: CPU user time: 0.06 seconds. CPU system time: 0.02 seconds. Elapsed time: 0.08 seconds; current allocated memory: 316.613 MB.
INFO-FLOW: Building ssdm...
Execute         transform -hls -auto-function-inline -globaldce -ptrArgReplace -mem2reg -dce -reset-lda -loop-simplify -indvars -aggr-aa -licm -loop-dep -loop-bound -licm -loop-simplify -loop-sink-hoist -flattenloopnest -array-flatten -gvn -instcombine -dce -array-map -dce -func-legal -gvn -adce -instcombine -cfgopt -simplifycfg-lite -loop-simplify -array-burst -promote-global-argument -dce -array-seg-normalize -basicaa -aggrmodref-aa -globalsmodref-aa -aggr-aa -gvn -gvn -basicaa -aggrmodref-aa -globalsmodref-aa -aggr-aa -dse -adse -adce -licm -inst-simplify -dce -globaldce -instcombine -array-stream -eliminate-keepreads -instcombine -dce -deadargelim -doublePtrSimplify -doublePtrElim -dce -doublePtrSimplify -promote-dbg-pointer -dce -scalarrepl -mem2reg -norm-name -mem2reg -instcombine -dse -adse -adce -ptrLegalization -dce -array-flatten -dce -instcombine -check-doubleptr -loop-rot -constprop -cfgopt -simplifycfg-lite -loop-simplify -indvars -pointer-simplify -dce -loop-bound -loop-simplify -loop-preproc -constprop -global-constprop -gvn -mem2reg -instcombine -dce -loop-bound -loop-merge -dce -deadargelim -dce -canonicalize-dataflow -dce -deadargelim -globaldce -mem2reg -bram-byte-enable -inst-simplify -inst-rectify -instcombine -adce -deadargelim -load-elim -read-loop-dep -loop-simplify -loop-extract-inner -directive-preproc -bitwidthmin2 -bitwidthmin2 -read-loop-dep -interface-preproc -directive-preproc -interface-gen -bram-byte-enable-spec-prop -deadargelim -inst-simplify -dce -mem2reg -instcombine -gvn -dce -adse -loop-bound -instcombine -cfgopt -simplifycfg-lite -loop-simplify -clean-region -io-protocol -find-region -mem2reg -bitop-raise -complex-op-raise -inst-simplify -inst-rectify -instcombine -adce -deadargelim -float-op-raise -loop-simplify -phi-opt -bitop-raise -cfgopt -simplifycfg-lite -strip-dead-prototypes -interface-lower -bitop-lower -intrinsic-lower -auto-function-inline -basicaa -aggrmodref-aa -globalsmodref-aa -aggr-aa -inst-simplify -simplifycfg-lite -loop-simplify -mergereturn -inst-simplify -inst-rectify -globaldce -dce -load-elim -bitop-lower -float-op-raise -fma-raise -loop-rewind -pointer-simplify -dce -cfgopt -dce -loop-bound -loop-dep -read-loop-dep -dce -dyn-mem-reuse -dce -recurrence-min -dce -share-scalar-alloca -deadargelim -dce -check-stream -norm-name -legalize -validate-dataflow -inst-clarity -bitwidth -dce -dump-loop-dep-to-ir -check-all-ssdm -dump-complexity-metric -cdfg-build /home/topnotches/RCD_TU_Delft_2023/src_hls/stream_hls/streamulator/RCD_HLS/solution1/.autopilot/db/a.o.2.bc -o /home/topnotches/RCD_TU_Delft_2023/src_hls/stream_hls/streamulator/RCD_HLS/solution1/.autopilot/db/a.o.3.bc -f -phase build-ssdm 
Execute           auto_get_db
INFO: [HLS 200-111] Finished Architecture Synthesis: CPU user time: 0.05 seconds. CPU system time: 0 seconds. Elapsed time: 0.04 seconds; current allocated memory: 316.613 MB.
INFO-FLOW: Finish building internal data model.
Command       opt_and_import_c done; 0.15 sec.
Command     elaborate done; 24.34 sec.
Execute     ap_eval exec zip -j /home/topnotches/RCD_TU_Delft_2023/src_hls/stream_hls/streamulator/RCD_HLS/solution1/.autopilot/db/dut.hcp $dbDir/a.o.3.bc $dbDir/${topname}.rtl_wrap.cfg.tcl $dbDir/apatb_${topname}.cpp $dbDir/apatb_${topname}_util.cpp $dbDir/apatb_${topname}_ir.ll $dbDir/mapper_${topname}.cpp $dbDir/top-io-fe.xml $dbDir/kernel.internal.xml $workdir/../hls.app 
Execute     autosyn -from_csynth_design=1 
INFO: [HLS 200-10] Starting hardware synthesis ...
INFO-FLOW: Synthesizing C/C++ design ...
INFO: [HLS 200-10] Synthesizing 'hfilt' ...
Execute       ap_set_top_model hfilt 
Execute       get_model_list hfilt -filter all-wo-channel -topdown 
Execute       preproc_iomode -model hfilt 
Execute       get_model_list hfilt -filter all-wo-channel 
INFO-FLOW: Model list for configure: hfilt
INFO-FLOW: Configuring Module : hfilt ...
Execute       set_default_model hfilt 
Execute       apply_spec_resource_limit hfilt 
INFO-FLOW: Model list for preprocess: hfilt
INFO-FLOW: Preprocessing Module: hfilt ...
Execute       set_default_model hfilt 
Execute       cdfg_preprocess -model hfilt 
WARNING: [SYN 201-303] Cannot apply memory assignment of 'RAM_2P_LUTRAM' (../hfilt.cpp:40): '' does not exist or is optimized away.
WARNING: [SYN 201-303] Cannot apply memory assignment of 'RAM_2P_LUTRAM' (../hfilt.cpp:41): '' does not exist or is optimized away.
Execute       rtl_gen_preprocess hfilt 
WARNING: [SYN 201-107] Renaming port name 'hfilt/buffer' to 'hfilt/buffer_r' to avoid the conflict with HDL keywords or other object names.
INFO-FLOW: Model list for synthesis: hfilt
INFO: [HLS 200-10] ----------------------------------------------------------------
INFO: [HLS 200-42] -- Implementing module 'hfilt' 
INFO: [HLS 200-10] ----------------------------------------------------------------
Execute       set_default_model hfilt 
Execute       schedule -model hfilt 
INFO: [SCHED 204-11] Starting scheduling ...
INFO: [SCHED 204-11] Finished scheduling.
INFO: [HLS 200-111] Finished Scheduling: CPU user time: 0.09 seconds. CPU system time: 0.02 seconds. Elapsed time: 0.12 seconds; current allocated memory: 316.613 MB.
Execute       syn_report -verbosereport -o /home/topnotches/RCD_TU_Delft_2023/src_hls/stream_hls/streamulator/RCD_HLS/solution1/.autopilot/db/hfilt.verbose.sched.rpt 
Execute         list_part -family xc7z020-clg400-1 
Execute           ap_family_info -name xc7z020-clg400-1 -data names 
Execute           ap_part_info -quiet -name xc7z020-clg400-1 -data family 
Execute       db_write -o /home/topnotches/RCD_TU_Delft_2023/src_hls/stream_hls/streamulator/RCD_HLS/solution1/.autopilot/db/hfilt.sched.adb -f 
INFO-FLOW: Finish scheduling hfilt.
Execute       set_default_model hfilt 
Execute       bind -model hfilt 
INFO: [BIND 205-100] Starting micro-architecture generation ...
INFO: [BIND 205-101] Performing variable lifetime analysis.
INFO: [BIND 205-101] Exploring resource sharing.
INFO: [BIND 205-101] Binding ...
INFO: [BIND 205-100] Finished micro-architecture generation.
INFO: [HLS 200-111] Finished Binding: CPU user time: 0.02 seconds. CPU system time: 0.01 seconds. Elapsed time: 0.03 seconds; current allocated memory: 316.613 MB.
Execute       syn_report -verbosereport -o /home/topnotches/RCD_TU_Delft_2023/src_hls/stream_hls/streamulator/RCD_HLS/solution1/.autopilot/db/hfilt.verbose.bind.rpt 
Execute         list_part -family xc7z020-clg400-1 
Execute           ap_family_info -name xc7z020-clg400-1 -data names 
Execute           ap_part_info -quiet -name xc7z020-clg400-1 -data family 
Execute       db_write -o /home/topnotches/RCD_TU_Delft_2023/src_hls/stream_hls/streamulator/RCD_HLS/solution1/.autopilot/db/hfilt.bind.adb -f 
INFO-FLOW: Finish binding hfilt.
Execute       get_model_list hfilt -filter all-wo-channel 
INFO-FLOW: Preprocessing for RTLGen ...
Execute       rtl_gen_preprocess hfilt 
INFO-FLOW: Model list for RTL generation: hfilt
INFO: [HLS 200-10] ----------------------------------------------------------------
INFO: [HLS 200-10] -- Generating RTL for module 'hfilt' 
INFO: [HLS 200-10] ----------------------------------------------------------------
Execute       create_rtl_model hfilt -top_prefix  -sub_prefix hfilt_ -mg_file /home/topnotches/RCD_TU_Delft_2023/src_hls/stream_hls/streamulator/RCD_HLS/solution1/.autopilot/db/hfilt.compgen.tcl 
WARNING: [RTGEN 206-101] Design contains AXI ports. Reset is fixed to synchronous and active low.
INFO: [RTGEN 206-500] Setting interface mode on port 'hfilt/src_V_data_V' to 'axis' (register, both mode).
INFO: [RTGEN 206-500] Setting interface mode on port 'hfilt/src_V_keep_V' to 'axis' (register, both mode).
INFO: [RTGEN 206-500] Setting interface mode on port 'hfilt/src_V_strb_V' to 'axis' (register, both mode).
INFO: [RTGEN 206-500] Setting interface mode on port 'hfilt/src_V_user_V' to 'axis' (register, both mode).
INFO: [RTGEN 206-500] Setting interface mode on port 'hfilt/src_V_last_V' to 'axis' (register, both mode).
INFO: [RTGEN 206-500] Setting interface mode on port 'hfilt/src_V_id_V' to 'axis' (register, both mode).
INFO: [RTGEN 206-500] Setting interface mode on port 'hfilt/src_V_dest_V' to 'axis' (register, both mode).
INFO: [RTGEN 206-500] Setting interface mode on port 'hfilt/dst_V_data_V' to 'axis' (register, both mode).
INFO: [RTGEN 206-500] Setting interface mode on port 'hfilt/dst_V_keep_V' to 'axis' (register, both mode).
INFO: [RTGEN 206-500] Setting interface mode on port 'hfilt/dst_V_strb_V' to 'axis' (register, both mode).
INFO: [RTGEN 206-500] Setting interface mode on port 'hfilt/dst_V_user_V' to 'axis' (register, both mode).
INFO: [RTGEN 206-500] Setting interface mode on port 'hfilt/dst_V_last_V' to 'axis' (register, both mode).
INFO: [RTGEN 206-500] Setting interface mode on port 'hfilt/dst_V_id_V' to 'axis' (register, both mode).
INFO: [RTGEN 206-500] Setting interface mode on port 'hfilt/dst_V_dest_V' to 'axis' (register, both mode).
INFO: [RTGEN 206-500] Setting interface mode on function 'hfilt' to 'ap_ctrl_none'.
WARNING: [RTGEN 206-101] Register 'y' is power-on initialization.
WARNING: [RTGEN 206-101] Register 'x' is power-on initialization.
WARNING: [RTGEN 206-101] Register 'select_active_order' is power-on initialization.
WARNING: [RTGEN 206-101] Register 'select_order' is power-on initialization.
WARNING: [RTGEN 206-101] Register 'active_pixels_0_0' is power-on initialization.
WARNING: [RTGEN 206-101] Register 'active_pixels_0_1' is power-on initialization.
WARNING: [RTGEN 206-101] Register 'active_pixels_0_2' is power-on initialization.
WARNING: [RTGEN 206-101] Register 'active_pixels_1_0' is power-on initialization.
WARNING: [RTGEN 206-101] Register 'active_pixels_1_1' is power-on initialization.
WARNING: [RTGEN 206-101] Register 'active_pixels_1_2' is power-on initialization.
WARNING: [RTGEN 206-101] Register 'active_pixels_2_0' is power-on initialization.
WARNING: [RTGEN 206-101] Register 'active_pixels_2_1' is power-on initialization.
WARNING: [RTGEN 206-101] Register 'active_pixels_2_2' is power-on initialization.
INFO: [RTGEN 206-100] Generating core module 'mux_3_2_24_1_1': 4 instance(s).
INFO: [RTGEN 206-100] Finished creating RTL model for 'hfilt'.
INFO: [RTMG 210-279] Implementing memory 'hfilt_selection_0_ROM_AUTO_1R' using auto ROMs.
INFO: [RTMG 210-278] Implementing memory 'hfilt_buffer_r_RAM_2P_LUTRAM_1R1W' using distributed RAMs.
INFO: [RTMG 210-279] Implementing memory 'hfilt_selection_2_ROM_AUTO_1R' using auto ROMs.
INFO: [RTMG 210-279] Implementing memory 'hfilt_selection_1_ROM_AUTO_1R' using auto ROMs.
INFO: [HLS 200-111] Finished Creating RTL model: CPU user time: 0.07 seconds. CPU system time: 0.01 seconds. Elapsed time: 0.08 seconds; current allocated memory: 316.613 MB.
Execute       source /home/topnotches/RCD_TU_Delft_2023/src_hls/stream_hls/streamulator/RCD_HLS/solution1/.autopilot/db/hfilt.rtl_wrap.cfg.tcl 
Execute       gen_rtl hfilt -istop -style xilinx -f -lang vhdl -o /home/topnotches/RCD_TU_Delft_2023/src_hls/stream_hls/streamulator/RCD_HLS/solution1/syn/vhdl/hfilt 
Execute       gen_rtl hfilt -istop -style xilinx -f -lang vlog -o /home/topnotches/RCD_TU_Delft_2023/src_hls/stream_hls/streamulator/RCD_HLS/solution1/syn/verilog/hfilt 
Execute       syn_report -csynth -model hfilt -o /home/topnotches/RCD_TU_Delft_2023/src_hls/stream_hls/streamulator/RCD_HLS/solution1/syn/report/hfilt_csynth.rpt 
Execute         list_part -family xc7z020-clg400-1 
Execute           ap_family_info -name xc7z020-clg400-1 -data names 
Execute           ap_part_info -quiet -name xc7z020-clg400-1 -data family 
Execute       syn_report -rtlxml -model hfilt -o /home/topnotches/RCD_TU_Delft_2023/src_hls/stream_hls/streamulator/RCD_HLS/solution1/syn/report/hfilt_csynth.xml 
Execute         list_part -family xc7z020-clg400-1 
Execute           ap_family_info -name xc7z020-clg400-1 -data names 
Execute           ap_part_info -quiet -name xc7z020-clg400-1 -data family 
Execute       syn_report -verbosereport -model hfilt -o /home/topnotches/RCD_TU_Delft_2023/src_hls/stream_hls/streamulator/RCD_HLS/solution1/.autopilot/db/hfilt.verbose.rpt 
Execute         list_part -family xc7z020-clg400-1 
Execute           ap_family_info -name xc7z020-clg400-1 -data names 
Execute           ap_part_info -quiet -name xc7z020-clg400-1 -data family 
Execute       db_write -model hfilt -f -o /home/topnotches/RCD_TU_Delft_2023/src_hls/stream_hls/streamulator/RCD_HLS/solution1/.autopilot/db/hfilt.adb 
Execute       db_write -model hfilt -bindview -o /home/topnotches/RCD_TU_Delft_2023/src_hls/stream_hls/streamulator/RCD_HLS/solution1/.autopilot/db/design.bindinfo.xml 
Execute       gen_tb_info hfilt -p /home/topnotches/RCD_TU_Delft_2023/src_hls/stream_hls/streamulator/RCD_HLS/solution1/.autopilot/db -o /home/topnotches/RCD_TU_Delft_2023/src_hls/stream_hls/streamulator/RCD_HLS/solution1/.autopilot/db/hfilt 
Execute       export_constraint_db -f -tool general -o /home/topnotches/RCD_TU_Delft_2023/src_hls/stream_hls/streamulator/RCD_HLS/solution1/.autopilot/db/hfilt.constraint.tcl 
Execute       syn_report -designview -model hfilt -o /home/topnotches/RCD_TU_Delft_2023/src_hls/stream_hls/streamulator/RCD_HLS/solution1/.autopilot/db/hfilt.design.xml 
Execute       syn_report -csynthDesign -model hfilt -o /home/topnotches/RCD_TU_Delft_2023/src_hls/stream_hls/streamulator/RCD_HLS/solution1/syn/report/csynth.rpt -MHOut /home/topnotches/RCD_TU_Delft_2023/src_hls/stream_hls/streamulator/RCD_HLS/solution1/.autopilot/db/kernel_module_hierarchy.tcl 
Execute         list_part -family xc7z020-clg400-1 
Execute           ap_family_info -name xc7z020-clg400-1 -data names 
Execute           ap_part_info -quiet -name xc7z020-clg400-1 -data family 
Execute       syn_report -wcfg -model hfilt -o /home/topnotches/RCD_TU_Delft_2023/src_hls/stream_hls/streamulator/RCD_HLS/solution1/.autopilot/db/hfilt_dataflow_ana.wcfg 
Execute       syn_report -protoinst -model hfilt -o /home/topnotches/RCD_TU_Delft_2023/src_hls/stream_hls/streamulator/RCD_HLS/solution1/.autopilot/db/hfilt.protoinst 
Execute       sc_get_clocks hfilt 
Execute       sc_get_portdomain hfilt 
INFO-FLOW: Model list for RTL component generation: hfilt
INFO-FLOW: Handling components in module [hfilt] ... 
Execute       source /home/topnotches/RCD_TU_Delft_2023/src_hls/stream_hls/streamulator/RCD_HLS/solution1/.autopilot/db/hfilt.compgen.tcl 
INFO-FLOW: Found component hfilt_mux_3_2_24_1_1.
INFO-FLOW: Append model hfilt_mux_3_2_24_1_1
INFO-FLOW: Found component hfilt_selection_0_ROM_AUTO_1R.
INFO-FLOW: Append model hfilt_selection_0_ROM_AUTO_1R
INFO-FLOW: Found component hfilt_buffer_r_RAM_2P_LUTRAM_1R1W.
INFO-FLOW: Append model hfilt_buffer_r_RAM_2P_LUTRAM_1R1W
INFO-FLOW: Found component hfilt_selection_2_ROM_AUTO_1R.
INFO-FLOW: Append model hfilt_selection_2_ROM_AUTO_1R
INFO-FLOW: Found component hfilt_selection_1_ROM_AUTO_1R.
INFO-FLOW: Append model hfilt_selection_1_ROM_AUTO_1R
INFO-FLOW: Found component hfilt_regslice_both.
INFO-FLOW: Append model hfilt_regslice_both
INFO-FLOW: Found component hfilt_regslice_both.
INFO-FLOW: Append model hfilt_regslice_both
INFO-FLOW: Found component hfilt_regslice_both.
INFO-FLOW: Append model hfilt_regslice_both
INFO-FLOW: Found component hfilt_regslice_both.
INFO-FLOW: Append model hfilt_regslice_both
INFO-FLOW: Found component hfilt_regslice_both.
INFO-FLOW: Append model hfilt_regslice_both
INFO-FLOW: Found component hfilt_regslice_both.
INFO-FLOW: Append model hfilt_regslice_both
INFO-FLOW: Found component hfilt_regslice_both.
INFO-FLOW: Append model hfilt_regslice_both
INFO-FLOW: Found component hfilt_regslice_both.
INFO-FLOW: Append model hfilt_regslice_both
INFO-FLOW: Found component hfilt_regslice_both.
INFO-FLOW: Append model hfilt_regslice_both
INFO-FLOW: Found component hfilt_regslice_both.
INFO-FLOW: Append model hfilt_regslice_both
INFO-FLOW: Found component hfilt_regslice_both.
INFO-FLOW: Append model hfilt_regslice_both
INFO-FLOW: Found component hfilt_regslice_both.
INFO-FLOW: Append model hfilt_regslice_both
INFO-FLOW: Found component hfilt_regslice_both.
INFO-FLOW: Append model hfilt_regslice_both
INFO-FLOW: Found component hfilt_regslice_both.
INFO-FLOW: Append model hfilt_regslice_both
INFO-FLOW: Append model hfilt
INFO-FLOW: Generating RTL model list ...
INFO-FLOW: All models in this session: hfilt_mux_3_2_24_1_1 hfilt_selection_0_ROM_AUTO_1R hfilt_buffer_r_RAM_2P_LUTRAM_1R1W hfilt_selection_2_ROM_AUTO_1R hfilt_selection_1_ROM_AUTO_1R hfilt_regslice_both hfilt_regslice_both hfilt_regslice_both hfilt_regslice_both hfilt_regslice_both hfilt_regslice_both hfilt_regslice_both hfilt_regslice_both hfilt_regslice_both hfilt_regslice_both hfilt_regslice_both hfilt_regslice_both hfilt_regslice_both hfilt_regslice_both hfilt
INFO-FLOW: Generating /home/topnotches/RCD_TU_Delft_2023/src_hls/stream_hls/streamulator/RCD_HLS/solution1/.autopilot/db/autopilot.rtl.models.txt file...
INFO-FLOW: To file: write model hfilt_mux_3_2_24_1_1
INFO-FLOW: To file: write model hfilt_selection_0_ROM_AUTO_1R
INFO-FLOW: To file: write model hfilt_buffer_r_RAM_2P_LUTRAM_1R1W
INFO-FLOW: To file: write model hfilt_selection_2_ROM_AUTO_1R
INFO-FLOW: To file: write model hfilt_selection_1_ROM_AUTO_1R
INFO-FLOW: To file: write model hfilt_regslice_both
INFO-FLOW: To file: write model hfilt_regslice_both
INFO-FLOW: To file: write model hfilt_regslice_both
INFO-FLOW: To file: write model hfilt_regslice_both
INFO-FLOW: To file: write model hfilt_regslice_both
INFO-FLOW: To file: write model hfilt_regslice_both
INFO-FLOW: To file: write model hfilt_regslice_both
INFO-FLOW: To file: write model hfilt_regslice_both
INFO-FLOW: To file: write model hfilt_regslice_both
INFO-FLOW: To file: write model hfilt_regslice_both
INFO-FLOW: To file: write model hfilt_regslice_both
INFO-FLOW: To file: write model hfilt_regslice_both
INFO-FLOW: To file: write model hfilt_regslice_both
INFO-FLOW: To file: write model hfilt_regslice_both
INFO-FLOW: To file: write model hfilt
INFO-FLOW: Generating /home/topnotches/RCD_TU_Delft_2023/src_hls/stream_hls/streamulator/RCD_HLS/solution1/.autopilot/db/autopilot.rtl.models.tcl file...
INFO-FLOW: Finished generating RTL model list.


INFO-FLOW: RTL Generation done.
INFO-FLOW: CAS Generation done.
INFO-FLOW: CBC Generation done.
INFO-FLOW: DBG:PROC: ::AESL_AUTOMG::auto_generate_csynth_design
INFO-FLOW: DBG:PUTS: read_platform_lib /home/topnotches/RCD_TU_Delft_2023/src_hls/stream_hls/streamulator/RCD_HLS/solution1/.autopilot/db/global.setting.tcl
Execute       source /home/topnotches/Xilinx/Vitis_HLS/2023.2/common/technology/generic/autopilot/common.gen 
Execute         source /home/topnotches/Xilinx/Vitis_HLS/2023.2/common/technology/generic/autopilot/APCoreGen.gen 
Execute       source /home/topnotches/Xilinx/Vitis_HLS/2023.2/common/technology/generic/autopilot/op.gen 
Execute       source /home/topnotches/Xilinx/Vitis_HLS/2023.2/common/technology/generic/autopilot/op_simcore.gen 
Execute       source /home/topnotches/Xilinx/Vitis_HLS/2023.2/common/technology/generic/autopilot/interface.gen 
Execute       source /home/topnotches/RCD_TU_Delft_2023/src_hls/stream_hls/streamulator/RCD_HLS/solution1/.autopilot/db/global.setting.tcl 
Execute       source /home/topnotches/Xilinx/Vitis_HLS/2023.2/common/technology/xilinx/common/xilinx.gen 
Execute         source /home/topnotches/Xilinx/Vitis_HLS/2023.2/common/technology/xilinx/interface/plb46.gen 
Execute         source /home/topnotches/Xilinx/Vitis_HLS/2023.2/common/technology/xilinx/interface/axi4.gen 
Execute         source /home/topnotches/Xilinx/Vitis_HLS/2023.2/common/technology/xilinx/interface/nativeAXI4.gen 
Execute           source /home/topnotches/Xilinx/Vitis_HLS/2023.2/common/technology/xilinx/interface/saxilite.gen 
Execute         source /home/topnotches/Xilinx/Vitis_HLS/2023.2/common/technology/xilinx/scripts/xilinxcoregen.gen 
Execute         source /home/topnotches/Xilinx/Vitis_HLS/2023.2/common/technology/xilinx/interface/XilEDKCoreGen.gen 
Execute         source /home/topnotches/Xilinx/Vitis_HLS/2023.2/common/technology/xilinx/ip/dds_compiler.gen 
Execute         source /home/topnotches/Xilinx/Vitis_HLS/2023.2/common/technology/xilinx/ip/util.gen 
Execute         source /home/topnotches/Xilinx/Vitis_HLS/2023.2/common/technology/xilinx/ip/xfir.gen 
Execute         source /home/topnotches/Xilinx/Vitis_HLS/2023.2/common/technology/xilinx/ip/xfft.gen 
Execute         source /home/topnotches/Xilinx/Vitis_HLS/2023.2/common/technology/xilinx/DSP48/dsp48.gen 
INFO-FLOW: DBG:PUTS:   using AESL_AUTOCG::g_clock_period=10.000 (was NA)
INFO-FLOW: DBG:PROC: ::AESL_AUTOMG::generate_ip_cores gen_sim_model='1' gen_fp_models='0' gen_for_export='0' dstSCDir='' dstVhdlDir='/home/topnotches/RCD_TU_Delft_2023/src_hls/stream_hls/streamulator/RCD_HLS/solution1/.autopilot/db/vhdl' dstVlogDir='/home/topnotches/RCD_TU_Delft_2023/src_hls/stream_hls/streamulator/RCD_HLS/solution1/.autopilot/db/vlog' tclDir='/home/topnotches/RCD_TU_Delft_2023/src_hls/stream_hls/streamulator/RCD_HLS/solution1/.autopilot/db' modelList='hfilt_mux_3_2_24_1_1
hfilt_selection_0_ROM_AUTO_1R
hfilt_buffer_r_RAM_2P_LUTRAM_1R1W
hfilt_selection_2_ROM_AUTO_1R
hfilt_selection_1_ROM_AUTO_1R
hfilt_regslice_both
hfilt_regslice_both
hfilt_regslice_both
hfilt_regslice_both
hfilt_regslice_both
hfilt_regslice_both
hfilt_regslice_both
hfilt_regslice_both
hfilt_regslice_both
hfilt_regslice_both
hfilt_regslice_both
hfilt_regslice_both
hfilt_regslice_both
hfilt_regslice_both
hfilt
' expOnly='0'
Execute       source /home/topnotches/RCD_TU_Delft_2023/src_hls/stream_hls/streamulator/RCD_HLS/solution1/.autopilot/db/global.setting.tcl 
Execute       ap_part_info -name xc7z020-clg400-1 -data names -quiet 
Execute       ap_part_info -name xc7z020-clg400-1 -data info -quiet 
Execute       source /home/topnotches/RCD_TU_Delft_2023/src_hls/stream_hls/streamulator/RCD_HLS/solution1/.autopilot/db/global.setting.tcl 
Execute       source /home/topnotches/RCD_TU_Delft_2023/src_hls/stream_hls/streamulator/RCD_HLS/solution1/.autopilot/db/global.setting.tcl 
Execute       source /home/topnotches/RCD_TU_Delft_2023/src_hls/stream_hls/streamulator/RCD_HLS/solution1/.autopilot/db/hfilt.compgen.tcl 
Execute         ap_part_info -name xc7z020-clg400-1 -data names -quiet 
Execute         ap_part_info -name xc7z020-clg400-1 -data info -quiet 
INFO: [HLS 200-111] Finished Generating all RTL models: CPU user time: 0.23 seconds. CPU system time: 0.05 seconds. Elapsed time: 0.27 seconds; current allocated memory: 319.082 MB.
INFO-FLOW: DBG:PROC: ::HLSREPORTS::create_csynth_xml bind_info_var='bind_info' RtlSubPrefix='hfilt_' outfile=''
INFO-FLOW: Running: create_csynth_xml read xml data
INFO-FLOW: Done: create_csynth_xml read xml data time: 0 seconds per iteration
INFO-FLOW: Running: create_csynth_xml bind info
INFO-FLOW: Done: create_csynth_xml bind info time: 0 seconds per iteration
INFO-FLOW: Running: create_csynth_xml config info
INFO-FLOW: Done: create_csynth_xml config info time: 0.1 seconds per iteration
INFO-FLOW: Running: create_csynth_xml write xml
INFO-FLOW: Done: create_csynth_xml write xml time: 0 seconds per iteration
INFO-FLOW: DBG:PUTS:      create_csynth_xml wrote csynth_xml=/home/topnotches/RCD_TU_Delft_2023/src_hls/stream_hls/streamulator/RCD_HLS/solution1/syn/report/csynth.xml
INFO-FLOW: DBG:PROC: ::AP::DESIGN_DATA::generate_json generate_bd_files='0' generate_xo_files='0' modelList='hfilt_mux_3_2_24_1_1
hfilt_selection_0_ROM_AUTO_1R
hfilt_buffer_r_RAM_2P_LUTRAM_1R1W
hfilt_selection_2_ROM_AUTO_1R
hfilt_selection_1_ROM_AUTO_1R
hfilt_regslice_both
hfilt_regslice_both
hfilt_regslice_both
hfilt_regslice_both
hfilt_regslice_both
hfilt_regslice_both
hfilt_regslice_both
hfilt_regslice_both
hfilt_regslice_both
hfilt_regslice_both
hfilt_regslice_both
hfilt_regslice_both
hfilt_regslice_both
hfilt_regslice_both
hfilt
' rtl_lang='both' bootstrap_tcl='false' outdir='' outfilename=''
Execute       source /home/topnotches/RCD_TU_Delft_2023/src_hls/stream_hls/streamulator/RCD_HLS/solution1/.autopilot/db/global.setting.tcl 
Execute       source /home/topnotches/RCD_TU_Delft_2023/src_hls/stream_hls/streamulator/RCD_HLS/solution1/.autopilot/db/global.setting.tcl 
Execute       source /home/topnotches/RCD_TU_Delft_2023/src_hls/stream_hls/streamulator/RCD_HLS/solution1/.autopilot/db/top-io-be.tcl 
Execute       source /home/topnotches/RCD_TU_Delft_2023/src_hls/stream_hls/streamulator/RCD_HLS/solution1/.autopilot/db/hfilt.tbgen.tcl 
Execute       source /home/topnotches/RCD_TU_Delft_2023/src_hls/stream_hls/streamulator/RCD_HLS/solution1/.autopilot/db/hfilt.rtl_wrap.cfg.tcl 
Execute       source /home/topnotches/RCD_TU_Delft_2023/src_hls/stream_hls/streamulator/RCD_HLS/solution1/.autopilot/db/hfilt.compgen.dataonly.tcl 
Execute       source /home/topnotches/RCD_TU_Delft_2023/src_hls/stream_hls/streamulator/RCD_HLS/solution1/.autopilot/db/hfilt.tbgen.tcl 
Execute       source /home/topnotches/RCD_TU_Delft_2023/src_hls/stream_hls/streamulator/RCD_HLS/solution1/.autopilot/db/global.setting.tcl 
Execute       ap_part_info -name xc7z020-clg400-1 -data names -quiet 
Execute       ap_part_info -name xc7z020-clg400-1 -data info -quiet 
Execute       source /home/topnotches/RCD_TU_Delft_2023/src_hls/stream_hls/streamulator/RCD_HLS/solution1/.autopilot/db/hfilt.constraint.tcl 
Execute       sc_get_clocks hfilt 
Execute       source /home/topnotches/RCD_TU_Delft_2023/src_hls/stream_hls/streamulator/RCD_HLS/solution1/.autopilot/db/global.setting.tcl 
INFO-FLOW: DBG:PROC: ::HLSREPORTS::add_csynth_report_sections bind_info_dict='adapter_nodes {} report_dict {TOPINST hfilt MODULE2INSTS {hfilt hfilt} INST2MODULE {hfilt hfilt} INSTDATA {hfilt {DEPTH 1 CHILDREN {}}} MODULEDATA {hfilt {BINDINFO {{BINDTYPE op ID {} IMPL fabric LATENCY 0 OPTYPE add PRAGMA {} RTLNAME add_ln67_fu_402_p2 SOURCE ../hfilt.cpp:67 VARIABLE add_ln67 LOOP {} BUNDLEDNAME {} DSP 0 BRAM 0 URAM 0 STORAGESUBTYPE {} DISPNAME {bind_op add}} {BINDTYPE op ID {} IMPL fabric LATENCY 0 OPTYPE add PRAGMA {} RTLNAME add_ln70_fu_423_p2 SOURCE ../hfilt.cpp:70 VARIABLE add_ln70 LOOP {} BUNDLEDNAME {} DSP 0 BRAM 0 URAM 0 STORAGESUBTYPE {} DISPNAME {bind_op add}} {BINDTYPE op ID {} IMPL fabric LATENCY 0 OPTYPE add PRAGMA {} RTLNAME add_ln75_fu_444_p2 SOURCE ../hfilt.cpp:75 VARIABLE add_ln75 LOOP {} BUNDLEDNAME {} DSP 0 BRAM 0 URAM 0 STORAGESUBTYPE {} DISPNAME {bind_op add}} {BINDTYPE op ID {} IMPL fabric LATENCY 0 OPTYPE add PRAGMA {} RTLNAME add_ln84_fu_904_p2 SOURCE ../hfilt.cpp:84 VARIABLE add_ln84 LOOP {} BUNDLEDNAME {} DSP 0 BRAM 0 URAM 0 STORAGESUBTYPE {} DISPNAME {bind_op add}} {BINDTYPE op ID {} IMPL fabric LATENCY 0 OPTYPE add PRAGMA {} RTLNAME add_ln83_1_fu_699_p2 SOURCE ../hfilt.cpp:83 VARIABLE add_ln83_1 LOOP {} BUNDLEDNAME {} DSP 0 BRAM 0 URAM 0 STORAGESUBTYPE {} DISPNAME {bind_op add}} {BINDTYPE op ID {} IMPL fabric LATENCY 0 OPTYPE add PRAGMA {} RTLNAME add_ln83_fu_920_p2 SOURCE ../hfilt.cpp:83 VARIABLE add_ln83 LOOP {} BUNDLEDNAME {} DSP 0 BRAM 0 URAM 0 STORAGESUBTYPE {} DISPNAME {bind_op add}} {BINDTYPE op ID {} IMPL fabric LATENCY 0 OPTYPE sub PRAGMA {} RTLNAME empty_17_fu_1093_p2 SOURCE ../hfilt.cpp:86 VARIABLE empty_17 LOOP {} BUNDLEDNAME {} DSP 0 BRAM 0 URAM 0 STORAGESUBTYPE {} DISPNAME {bind_op sub}} {BINDTYPE op ID {} IMPL fabric LATENCY 0 OPTYPE add PRAGMA {} RTLNAME add_ln95_fu_969_p2 SOURCE ../hfilt.cpp:95 VARIABLE add_ln95 LOOP {} BUNDLEDNAME {} DSP 0 BRAM 0 URAM 0 STORAGESUBTYPE {} DISPNAME {bind_op add}} {BINDTYPE op ID {} IMPL fabric LATENCY 0 OPTYPE add PRAGMA {} RTLNAME add_ln94_1_fu_763_p2 SOURCE ../hfilt.cpp:94 VARIABLE add_ln94_1 LOOP {} BUNDLEDNAME {} DSP 0 BRAM 0 URAM 0 STORAGESUBTYPE {} DISPNAME {bind_op add}} {BINDTYPE op ID {} IMPL fabric LATENCY 0 OPTYPE add PRAGMA {} RTLNAME add_ln94_fu_985_p2 SOURCE ../hfilt.cpp:94 VARIABLE add_ln94 LOOP {} BUNDLEDNAME {} DSP 0 BRAM 0 URAM 0 STORAGESUBTYPE {} DISPNAME {bind_op add}} {BINDTYPE op ID {} IMPL fabric LATENCY 0 OPTYPE sub PRAGMA {} RTLNAME empty_19_fu_1108_p2 SOURCE ../hfilt.cpp:97 VARIABLE empty_19 LOOP {} BUNDLEDNAME {} DSP 0 BRAM 0 URAM 0 STORAGESUBTYPE {} DISPNAME {bind_op sub}} {BINDTYPE op ID {} IMPL fabric LATENCY 0 OPTYPE add PRAGMA {} RTLNAME add_ln105_fu_1034_p2 SOURCE ../hfilt.cpp:105 VARIABLE add_ln105 LOOP {} BUNDLEDNAME {} DSP 0 BRAM 0 URAM 0 STORAGESUBTYPE {} DISPNAME {bind_op add}} {BINDTYPE op ID {} IMPL fabric LATENCY 0 OPTYPE add PRAGMA {} RTLNAME add_ln104_1_fu_827_p2 SOURCE ../hfilt.cpp:104 VARIABLE add_ln104_1 LOOP {} BUNDLEDNAME {} DSP 0 BRAM 0 URAM 0 STORAGESUBTYPE {} DISPNAME {bind_op add}} {BINDTYPE op ID {} IMPL fabric LATENCY 0 OPTYPE add PRAGMA {} RTLNAME add_ln104_fu_1050_p2 SOURCE ../hfilt.cpp:104 VARIABLE add_ln104 LOOP {} BUNDLEDNAME {} DSP 0 BRAM 0 URAM 0 STORAGESUBTYPE {} DISPNAME {bind_op add}} {BINDTYPE op ID {} IMPL fabric LATENCY 0 OPTYPE sub PRAGMA {} RTLNAME empty_21_fu_1123_p2 SOURCE ../hfilt.cpp:107 VARIABLE empty_21 LOOP {} BUNDLEDNAME {} DSP 0 BRAM 0 URAM 0 STORAGESUBTYPE {} DISPNAME {bind_op sub}} {BINDTYPE op ID {} IMPL fabric LATENCY 0 OPTYPE add PRAGMA {} RTLNAME add_ln146_fu_1253_p2 SOURCE ../hfilt.cpp:146 VARIABLE add_ln146 LOOP {} BUNDLEDNAME {} DSP 0 BRAM 0 URAM 0 STORAGESUBTYPE {} DISPNAME {bind_op add}} {BINDTYPE op ID {} IMPL fabric LATENCY 0 OPTYPE add PRAGMA {} RTLNAME add_ln153_fu_1264_p2 SOURCE ../hfilt.cpp:153 VARIABLE add_ln153 LOOP {} BUNDLEDNAME {} DSP 0 BRAM 0 URAM 0 STORAGESUBTYPE {} DISPNAME {bind_op add}} {BINDTYPE op ID {} IMPL fabric LATENCY 0 OPTYPE add PRAGMA {} RTLNAME add_ln157_fu_1277_p2 SOURCE ../hfilt.cpp:157 VARIABLE add_ln157 LOOP {} BUNDLEDNAME {} DSP 0 BRAM 0 URAM 0 STORAGESUBTYPE {} DISPNAME {bind_op add}} {BINDTYPE op ID {} IMPL fabric LATENCY 0 OPTYPE add PRAGMA {} RTLNAME add_ln165_fu_1312_p2 SOURCE ../hfilt.cpp:165 VARIABLE add_ln165 LOOP {} BUNDLEDNAME {} DSP 0 BRAM 0 URAM 0 STORAGESUBTYPE {} DISPNAME {bind_op add}} {BINDTYPE storage ID {} IMPL auto LATENCY 1 OPTYPE rom_2p PRAGMA {} RTLNAME selection_0_U SOURCE {} VARIABLE selection_0 LOOP {} BUNDLEDNAME {} DSP 0 BRAM 0 URAM 0 STORAGESUBTYPE {} STORAGESIZE {2 3 1} STORAGEUSAGE rom_2p DISPNAME {bind_storage rom_2p}} {BINDTYPE storage ID {} IMPL lutram LATENCY 1 OPTYPE ram_2p PRAGMA pragma RTLNAME buffer_r_U SOURCE {} VARIABLE buffer_r LOOP {} BUNDLEDNAME {} DSP 0 BRAM 0 URAM 0 STORAGESUBTYPE {} STORAGESIZE {32 3840 1} STORAGEUSAGE ram_2p DISPNAME {bind_storage ram_2p}} {BINDTYPE storage ID {} IMPL auto LATENCY 1 OPTYPE rom_2p PRAGMA {} RTLNAME selection_2_U SOURCE {} VARIABLE selection_2 LOOP {} BUNDLEDNAME {} DSP 0 BRAM 0 URAM 0 STORAGESUBTYPE {} STORAGESIZE {2 3 1} STORAGEUSAGE rom_2p DISPNAME {bind_storage rom_2p}} {BINDTYPE storage ID {} IMPL auto LATENCY 1 OPTYPE rom_2p PRAGMA {} RTLNAME selection_1_U SOURCE {} VARIABLE selection_1 LOOP {} BUNDLEDNAME {} DSP 0 BRAM 0 URAM 0 STORAGESUBTYPE {} STORAGESIZE {2 3 1} STORAGEUSAGE rom_2p DISPNAME {bind_storage rom_2p}}} AREA {DSP 0 BRAM 0 URAM 0}}}}'
INFO-FLOW: DBG:PUTS:      update_csynth_reports json2rpt_hw_sw_interfaces
INFO-FLOW: Running: gen_csynth_sec_pragma
INFO-FLOW: Done: gen_csynth_sec_pragma time: 0 seconds per iteration
INFO-FLOW: DBG:PUTS:      update_csynth_reports wrote xml
INFO-FLOW: DBG:PUTS:      update_csynth_reports appended to csynth rpt file
INFO: [HLS 200-111] Finished Updating report files: CPU user time: 0.25 seconds. CPU system time: 0.02 seconds. Elapsed time: 0.28 seconds; current allocated memory: 328.273 MB.
INFO: [VHDL 208-304] Generating VHDL RTL for hfilt.
INFO: [VLOG 209-307] Generating Verilog RTL for hfilt.
Execute       syn_report -model hfilt -printsummary 
INFO: [HLS 200-789] **** Estimated Fmax: 139.74 MHz
Command     autosyn done; 0.76 sec.
Command   csynth_design done; 25.19 sec.
INFO: [HLS 200-111] Finished Command csynth_design CPU user time: 18.37 seconds. CPU system time: 2.37 seconds. Elapsed time: 25.19 seconds; current allocated memory: 41.172 MB.
Command ap_source done; 26.44 sec.
Execute cleanup_all 
