/home/topnotches/RCD_TU_Delft_2023/src_hls/stream_hls/streamulator/RCD_HLS/solution1/.autopilot/db/hfilt.pp.0.cpp:8926:7: warning: Added loop label VITIS_LOOP_1207_1:   [xilinx-label-all-loops]
      for (i = 0; i < __N - 1; ++i) {
      ^~~
      VITIS_LOOP_1207_1: 
/home/topnotches/RCD_TU_Delft_2023/src_hls/stream_hls/streamulator/RCD_HLS/solution1/.autopilot/db/hfilt.pp.0.cpp:8926:7: note: FIX-IT applied suggested code changes
/home/topnotches/RCD_TU_Delft_2023/src_hls/stream_hls/streamulator/RCD_HLS/solution1/.autopilot/db/hfilt.pp.0.cpp:9900:5: warning: Added loop label VITIS_LOOP_676_1:   [xilinx-label-all-loops]
    for (unsigned i = low; i != high; ++i) {
    ^~~
    VITIS_LOOP_676_1: 
/home/topnotches/RCD_TU_Delft_2023/src_hls/stream_hls/streamulator/RCD_HLS/solution1/.autopilot/db/hfilt.pp.0.cpp:9900:5: note: FIX-IT applied suggested code changes
/home/topnotches/RCD_TU_Delft_2023/src_hls/stream_hls/streamulator/RCD_HLS/solution1/.autopilot/db/hfilt.pp.0.cpp:9914:5: warning: Added loop label VITIS_LOOP_690_1:   [xilinx-label-all-loops]
    for (unsigned i = low; i != high; ++i) {
    ^~~
    VITIS_LOOP_690_1: 
/home/topnotches/RCD_TU_Delft_2023/src_hls/stream_hls/streamulator/RCD_HLS/solution1/.autopilot/db/hfilt.pp.0.cpp:9914:5: note: FIX-IT applied suggested code changes
/home/topnotches/RCD_TU_Delft_2023/src_hls/stream_hls/streamulator/RCD_HLS/solution1/.autopilot/db/hfilt.pp.0.cpp:9928:5: warning: Added loop label VITIS_LOOP_704_1:   [xilinx-label-all-loops]
    for (unsigned i = low; i != high; ++i) {
    ^~~
    VITIS_LOOP_704_1: 
/home/topnotches/RCD_TU_Delft_2023/src_hls/stream_hls/streamulator/RCD_HLS/solution1/.autopilot/db/hfilt.pp.0.cpp:9928:5: note: FIX-IT applied suggested code changes
/home/topnotches/RCD_TU_Delft_2023/src_hls/stream_hls/streamulator/RCD_HLS/solution1/.autopilot/db/hfilt.pp.0.cpp:11545:7: warning: Added loop label VITIS_LOOP_1247_1:   [xilinx-label-all-loops]
      for (i = 0; i < __N - 1; ++i) {
      ^~~
      VITIS_LOOP_1247_1: 
/home/topnotches/RCD_TU_Delft_2023/src_hls/stream_hls/streamulator/RCD_HLS/solution1/.autopilot/db/hfilt.pp.0.cpp:11545:7: note: FIX-IT applied suggested code changes
/home/topnotches/RCD_TU_Delft_2023/src_hls/stream_hls/streamulator/RCD_HLS/solution1/.autopilot/db/hfilt.pp.0.cpp:15681:72: error: Invalid Directive: for current device, ROM_1P + LUTRAM is invalid combination for BIND_STORAGE's option 'type + impl' [clang-diagnostic-error]
#pragma HLS BIND_STORAGE variable=fourth_order_double::sin_cos_K0 type=ROM_1P impl=LUTRAM
                                                                       ^
/home/topnotches/RCD_TU_Delft_2023/src_hls/stream_hls/streamulator/RCD_HLS/solution1/.autopilot/db/hfilt.pp.0.cpp:15682:72: error: Invalid Directive: for current device, ROM_1P + LUTRAM is invalid combination for BIND_STORAGE's option 'type + impl' [clang-diagnostic-error]
#pragma HLS BIND_STORAGE variable=fourth_order_double::sin_cos_K1 type=ROM_1P impl=LUTRAM
                                                                       ^
/home/topnotches/RCD_TU_Delft_2023/src_hls/stream_hls/streamulator/RCD_HLS/solution1/.autopilot/db/hfilt.pp.0.cpp:15683:72: error: Invalid Directive: for current device, ROM_1P + LUTRAM is invalid combination for BIND_STORAGE's option 'type + impl' [clang-diagnostic-error]
#pragma HLS BIND_STORAGE variable=fourth_order_double::sin_cos_K2 type=ROM_1P impl=LUTRAM
                                                                       ^
/home/topnotches/RCD_TU_Delft_2023/src_hls/stream_hls/streamulator/RCD_HLS/solution1/.autopilot/db/hfilt.pp.0.cpp:15684:72: error: Invalid Directive: for current device, ROM_1P + LUTRAM is invalid combination for BIND_STORAGE's option 'type + impl' [clang-diagnostic-error]
#pragma HLS BIND_STORAGE variable=fourth_order_double::sin_cos_K3 type=ROM_1P impl=LUTRAM
                                                                       ^
/home/topnotches/RCD_TU_Delft_2023/src_hls/stream_hls/streamulator/RCD_HLS/solution1/.autopilot/db/hfilt.pp.0.cpp:15685:72: error: Invalid Directive: for current device, ROM_1P + LUTRAM is invalid combination for BIND_STORAGE's option 'type + impl' [clang-diagnostic-error]
#pragma HLS BIND_STORAGE variable=fourth_order_double::sin_cos_K4 type=ROM_1P impl=LUTRAM
                                                                       ^
/home/topnotches/RCD_TU_Delft_2023/src_hls/stream_hls/streamulator/RCD_HLS/solution1/.autopilot/db/hfilt.pp.0.cpp:15715:68: error: Invalid Directive: for current device, ROM_1P + LUTRAM is invalid combination for BIND_STORAGE's option 'type + impl' [clang-diagnostic-error]
#pragma HLS BIND_STORAGE variable=fourth_order_double::cos_K0 type=ROM_1P impl=LUTRAM
                                                                   ^
/home/topnotches/RCD_TU_Delft_2023/src_hls/stream_hls/streamulator/RCD_HLS/solution1/.autopilot/db/hfilt.pp.0.cpp:15716:68: error: Invalid Directive: for current device, ROM_1P + LUTRAM is invalid combination for BIND_STORAGE's option 'type + impl' [clang-diagnostic-error]
#pragma HLS BIND_STORAGE variable=fourth_order_double::cos_K1 type=ROM_1P impl=LUTRAM
                                                                   ^
/home/topnotches/RCD_TU_Delft_2023/src_hls/stream_hls/streamulator/RCD_HLS/solution1/.autopilot/db/hfilt.pp.0.cpp:15717:68: error: Invalid Directive: for current device, ROM_1P + LUTRAM is invalid combination for BIND_STORAGE's option 'type + impl' [clang-diagnostic-error]
#pragma HLS BIND_STORAGE variable=fourth_order_double::cos_K2 type=ROM_1P impl=LUTRAM
                                                                   ^
/home/topnotches/RCD_TU_Delft_2023/src_hls/stream_hls/streamulator/RCD_HLS/solution1/.autopilot/db/hfilt.pp.0.cpp:15718:68: error: Invalid Directive: for current device, ROM_1P + LUTRAM is invalid combination for BIND_STORAGE's option 'type + impl' [clang-diagnostic-error]
#pragma HLS BIND_STORAGE variable=fourth_order_double::cos_K3 type=ROM_1P impl=LUTRAM
                                                                   ^
/home/topnotches/RCD_TU_Delft_2023/src_hls/stream_hls/streamulator/RCD_HLS/solution1/.autopilot/db/hfilt.pp.0.cpp:15719:68: error: Invalid Directive: for current device, ROM_1P + LUTRAM is invalid combination for BIND_STORAGE's option 'type + impl' [clang-diagnostic-error]
#pragma HLS BIND_STORAGE variable=fourth_order_double::cos_K4 type=ROM_1P impl=LUTRAM
                                                                   ^
/home/topnotches/RCD_TU_Delft_2023/src_hls/stream_hls/streamulator/RCD_HLS/solution1/.autopilot/db/hfilt.pp.0.cpp:15720:68: error: Invalid Directive: for current device, ROM_1P + LUTRAM is invalid combination for BIND_STORAGE's option 'type + impl' [clang-diagnostic-error]
#pragma HLS BIND_STORAGE variable=fourth_order_double::sin_K0 type=ROM_1P impl=LUTRAM
                                                                   ^
/home/topnotches/RCD_TU_Delft_2023/src_hls/stream_hls/streamulator/RCD_HLS/solution1/.autopilot/db/hfilt.pp.0.cpp:15721:68: error: Invalid Directive: for current device, ROM_1P + LUTRAM is invalid combination for BIND_STORAGE's option 'type + impl' [clang-diagnostic-error]
#pragma HLS BIND_STORAGE variable=fourth_order_double::sin_K1 type=ROM_1P impl=LUTRAM
                                                                   ^
/home/topnotches/RCD_TU_Delft_2023/src_hls/stream_hls/streamulator/RCD_HLS/solution1/.autopilot/db/hfilt.pp.0.cpp:15722:68: error: Invalid Directive: for current device, ROM_1P + LUTRAM is invalid combination for BIND_STORAGE's option 'type + impl' [clang-diagnostic-error]
#pragma HLS BIND_STORAGE variable=fourth_order_double::sin_K2 type=ROM_1P impl=LUTRAM
                                                                   ^
/home/topnotches/RCD_TU_Delft_2023/src_hls/stream_hls/streamulator/RCD_HLS/solution1/.autopilot/db/hfilt.pp.0.cpp:15723:68: error: Invalid Directive: for current device, ROM_1P + LUTRAM is invalid combination for BIND_STORAGE's option 'type + impl' [clang-diagnostic-error]
#pragma HLS BIND_STORAGE variable=fourth_order_double::sin_K3 type=ROM_1P impl=LUTRAM
                                                                   ^
/home/topnotches/RCD_TU_Delft_2023/src_hls/stream_hls/streamulator/RCD_HLS/solution1/.autopilot/db/hfilt.pp.0.cpp:15724:68: error: Invalid Directive: for current device, ROM_1P + LUTRAM is invalid combination for BIND_STORAGE's option 'type + impl' [clang-diagnostic-error]
#pragma HLS BIND_STORAGE variable=fourth_order_double::sin_K4 type=ROM_1P impl=LUTRAM
                                                                   ^
/home/topnotches/RCD_TU_Delft_2023/src_hls/stream_hls/streamulator/RCD_HLS/solution1/.autopilot/db/hfilt.pp.0.cpp:15774:71: error: Invalid Directive: for current device, ROM_1P + LUTRAM is invalid combination for BIND_STORAGE's option 'type + impl' [clang-diagnostic-error]
#pragma HLS BIND_STORAGE variable=second_order_float::sin_cos_K0 type=ROM_1P impl=LUTRAM
                                                                      ^
/home/topnotches/RCD_TU_Delft_2023/src_hls/stream_hls/streamulator/RCD_HLS/solution1/.autopilot/db/hfilt.pp.0.cpp:15775:71: error: Invalid Directive: for current device, ROM_1P + LUTRAM is invalid combination for BIND_STORAGE's option 'type + impl' [clang-diagnostic-error]
#pragma HLS BIND_STORAGE variable=second_order_float::sin_cos_K1 type=ROM_1P impl=LUTRAM
                                                                      ^
/home/topnotches/RCD_TU_Delft_2023/src_hls/stream_hls/streamulator/RCD_HLS/solution1/.autopilot/db/hfilt.pp.0.cpp:15776:71: error: Invalid Directive: for current device, ROM_1P + LUTRAM is invalid combination for BIND_STORAGE's option 'type + impl' [clang-diagnostic-error]
#pragma HLS BIND_STORAGE variable=second_order_float::sin_cos_K2 type=ROM_1P impl=LUTRAM
                                                                      ^
/home/topnotches/RCD_TU_Delft_2023/src_hls/stream_hls/streamulator/RCD_HLS/solution1/.autopilot/db/hfilt.pp.0.cpp:15803:67: error: Invalid Directive: for current device, ROM_1P + LUTRAM is invalid combination for BIND_STORAGE's option 'type + impl' [clang-diagnostic-error]
#pragma HLS BIND_STORAGE variable=second_order_float::cos_K0 type=ROM_1P impl=LUTRAM
                                                                  ^
/home/topnotches/RCD_TU_Delft_2023/src_hls/stream_hls/streamulator/RCD_HLS/solution1/.autopilot/db/hfilt.pp.0.cpp:15804:67: error: Invalid Directive: for current device, ROM_1P + LUTRAM is invalid combination for BIND_STORAGE's option 'type + impl' [clang-diagnostic-error]
#pragma HLS BIND_STORAGE variable=second_order_float::cos_K1 type=ROM_1P impl=LUTRAM
                                                                  ^
/home/topnotches/RCD_TU_Delft_2023/src_hls/stream_hls/streamulator/RCD_HLS/solution1/.autopilot/db/hfilt.pp.0.cpp:15805:67: error: Invalid Directive: for current device, ROM_1P + LUTRAM is invalid combination for BIND_STORAGE's option 'type + impl' [clang-diagnostic-error]
#pragma HLS BIND_STORAGE variable=second_order_float::cos_K2 type=ROM_1P impl=LUTRAM
                                                                  ^
/home/topnotches/RCD_TU_Delft_2023/src_hls/stream_hls/streamulator/RCD_HLS/solution1/.autopilot/db/hfilt.pp.0.cpp:15806:67: error: Invalid Directive: for current device, ROM_1P + LUTRAM is invalid combination for BIND_STORAGE's option 'type + impl' [clang-diagnostic-error]
#pragma HLS BIND_STORAGE variable=second_order_float::sin_K0 type=ROM_1P impl=LUTRAM
                                                                  ^
/home/topnotches/RCD_TU_Delft_2023/src_hls/stream_hls/streamulator/RCD_HLS/solution1/.autopilot/db/hfilt.pp.0.cpp:15807:67: error: Invalid Directive: for current device, ROM_1P + LUTRAM is invalid combination for BIND_STORAGE's option 'type + impl' [clang-diagnostic-error]
#pragma HLS BIND_STORAGE variable=second_order_float::sin_K1 type=ROM_1P impl=LUTRAM
                                                                  ^
/home/topnotches/RCD_TU_Delft_2023/src_hls/stream_hls/streamulator/RCD_HLS/solution1/.autopilot/db/hfilt.pp.0.cpp:15808:67: error: Invalid Directive: for current device, ROM_1P + LUTRAM is invalid combination for BIND_STORAGE's option 'type + impl' [clang-diagnostic-error]
#pragma HLS BIND_STORAGE variable=second_order_float::sin_K2 type=ROM_1P impl=LUTRAM
                                                                  ^
/home/topnotches/RCD_TU_Delft_2023/src_hls/stream_hls/streamulator/RCD_HLS/solution1/.autopilot/db/hfilt.pp.0.cpp:15844:73: error: Invalid Directive: for current device, ROM_1P + LUTRAM is invalid combination for BIND_STORAGE's option 'type + impl' [clang-diagnostic-error]
#pragma HLS BIND_STORAGE variable=first_order_fixed_16::sin_cos_K0 type=ROM_1P impl=LUTRAM
                                                                        ^
/home/topnotches/RCD_TU_Delft_2023/src_hls/stream_hls/streamulator/RCD_HLS/solution1/.autopilot/db/hfilt.pp.0.cpp:15845:73: error: Invalid Directive: for current device, ROM_1P + LUTRAM is invalid combination for BIND_STORAGE's option 'type + impl' [clang-diagnostic-error]
#pragma HLS BIND_STORAGE variable=first_order_fixed_16::sin_cos_K1 type=ROM_1P impl=LUTRAM
                                                                        ^
/home/topnotches/RCD_TU_Delft_2023/src_hls/stream_hls/streamulator/RCD_HLS/solution1/.autopilot/db/hfilt.pp.0.cpp:16119:5: warning: Added loop label VITIS_LOOP_61_1:   [xilinx-label-all-loops]
    for (int n=0; n<Nmax; n++){
    ^~~
    VITIS_LOOP_61_1: 
/home/topnotches/RCD_TU_Delft_2023/src_hls/stream_hls/streamulator/RCD_HLS/solution1/.autopilot/db/hfilt.pp.0.cpp:16119:5: note: FIX-IT applied suggested code changes
/home/topnotches/RCD_TU_Delft_2023/src_hls/stream_hls/streamulator/RCD_HLS/solution1/.autopilot/db/hfilt.pp.0.cpp:16165:5: warning: Added loop label VITIS_LOOP_117_1:   [xilinx-label-all-loops]
    for (int n=0; n<Nmax; n++){
    ^~~
    VITIS_LOOP_117_1: 
/home/topnotches/RCD_TU_Delft_2023/src_hls/stream_hls/streamulator/RCD_HLS/solution1/.autopilot/db/hfilt.pp.0.cpp:16165:5: note: FIX-IT applied suggested code changes
/home/topnotches/RCD_TU_Delft_2023/src_hls/stream_hls/streamulator/RCD_HLS/solution1/.autopilot/db/hfilt.pp.0.cpp:16328:9: warning: Added loop label VITIS_LOOP_289_1:   [xilinx-label-all-loops]
        for(int i=0;i<W-1;i++){
        ^~~
        VITIS_LOOP_289_1: 
/home/topnotches/RCD_TU_Delft_2023/src_hls/stream_hls/streamulator/RCD_HLS/solution1/.autopilot/db/hfilt.pp.0.cpp:16328:9: note: FIX-IT applied suggested code changes
/home/topnotches/RCD_TU_Delft_2023/src_hls/stream_hls/streamulator/RCD_HLS/solution1/.autopilot/db/hfilt.pp.0.cpp:16480:9: warning: Added loop label VITIS_LOOP_449_1:   [xilinx-label-all-loops]
        for(int i=0;i<W-1;i++){
        ^~~
        VITIS_LOOP_449_1: 
/home/topnotches/RCD_TU_Delft_2023/src_hls/stream_hls/streamulator/RCD_HLS/solution1/.autopilot/db/hfilt.pp.0.cpp:16480:9: note: FIX-IT applied suggested code changes
/home/topnotches/RCD_TU_Delft_2023/src_hls/stream_hls/streamulator/RCD_HLS/solution1/.autopilot/db/hfilt.pp.0.cpp:16660:5: warning: Added loop label VITIS_LOOP_629_1:   [xilinx-label-all-loops]
    for(int i=0;i<W+1;i++){
    ^~~
    VITIS_LOOP_629_1: 
/home/topnotches/RCD_TU_Delft_2023/src_hls/stream_hls/streamulator/RCD_HLS/solution1/.autopilot/db/hfilt.pp.0.cpp:16660:5: note: FIX-IT applied suggested code changes
/home/topnotches/RCD_TU_Delft_2023/src_hls/stream_hls/streamulator/RCD_HLS/solution1/.autopilot/db/hfilt.pp.0.cpp:16664:5: warning: Added loop label VITIS_LOOP_633_2:   [xilinx-label-all-loops]
    for(int i=0;i<W+1;i++){
    ^~~
    VITIS_LOOP_633_2: 
/home/topnotches/RCD_TU_Delft_2023/src_hls/stream_hls/streamulator/RCD_HLS/solution1/.autopilot/db/hfilt.pp.0.cpp:16664:5: note: FIX-IT applied suggested code changes
/home/topnotches/RCD_TU_Delft_2023/src_hls/stream_hls/streamulator/RCD_HLS/solution1/.autopilot/db/hfilt.pp.0.cpp:16774:5: warning: Added loop label VITIS_LOOP_743_1:   [xilinx-label-all-loops]
    for (int n=0; n<Nmax; n++){
    ^~~
    VITIS_LOOP_743_1: 
/home/topnotches/RCD_TU_Delft_2023/src_hls/stream_hls/streamulator/RCD_HLS/solution1/.autopilot/db/hfilt.pp.0.cpp:16774:5: note: FIX-IT applied suggested code changes
/home/topnotches/RCD_TU_Delft_2023/src_hls/stream_hls/streamulator/RCD_HLS/solution1/.autopilot/db/hfilt.pp.0.cpp:16864:7: warning: Added loop label VITIS_LOOP_840_1:   [xilinx-label-all-loops]
      for(int i=0;i<W-1;i++){
      ^~~
      VITIS_LOOP_840_1: 
/home/topnotches/RCD_TU_Delft_2023/src_hls/stream_hls/streamulator/RCD_HLS/solution1/.autopilot/db/hfilt.pp.0.cpp:16864:7: note: FIX-IT applied suggested code changes
/home/topnotches/RCD_TU_Delft_2023/src_hls/stream_hls/streamulator/RCD_HLS/solution1/.autopilot/db/hfilt.pp.0.cpp:16883:7: warning: Added loop label VITIS_LOOP_859_2:   [xilinx-label-all-loops]
      for(int i=0;i<W-1;i++){
      ^~~
      VITIS_LOOP_859_2: 
/home/topnotches/RCD_TU_Delft_2023/src_hls/stream_hls/streamulator/RCD_HLS/solution1/.autopilot/db/hfilt.pp.0.cpp:16883:7: note: FIX-IT applied suggested code changes
/home/topnotches/RCD_TU_Delft_2023/src_hls/stream_hls/streamulator/RCD_HLS/solution1/.autopilot/db/hfilt.pp.0.cpp:17173:5: warning: Added loop label VITIS_LOOP_1173_1:   [xilinx-label-all-loops]
    for(int i=0; i<Nmax; i++) {
    ^~~
    VITIS_LOOP_1173_1: 
/home/topnotches/RCD_TU_Delft_2023/src_hls/stream_hls/streamulator/RCD_HLS/solution1/.autopilot/db/hfilt.pp.0.cpp:17173:5: note: FIX-IT applied suggested code changes
/home/topnotches/RCD_TU_Delft_2023/src_hls/stream_hls/streamulator/RCD_HLS/solution1/.autopilot/db/hfilt.pp.0.cpp:17256:5: warning: Added loop label VITIS_LOOP_1256_1:   [xilinx-label-all-loops]
    for(int i=0; i<Nmax; i++) {
    ^~~
    VITIS_LOOP_1256_1: 
/home/topnotches/RCD_TU_Delft_2023/src_hls/stream_hls/streamulator/RCD_HLS/solution1/.autopilot/db/hfilt.pp.0.cpp:17256:5: note: FIX-IT applied suggested code changes
/home/topnotches/RCD_TU_Delft_2023/src_hls/stream_hls/streamulator/RCD_HLS/solution1/.autopilot/db/hfilt.pp.0.cpp:17662:13: warning: Added loop label VITIS_LOOP_68_1:   [xilinx-label-all-loops]
            for (int j = 3; j >= I_+1; j--) {
            ^~~
            VITIS_LOOP_68_1: 
/home/topnotches/RCD_TU_Delft_2023/src_hls/stream_hls/streamulator/RCD_HLS/solution1/.autopilot/db/hfilt.pp.0.cpp:17662:13: note: FIX-IT applied suggested code changes
/home/topnotches/RCD_TU_Delft_2023/src_hls/stream_hls/streamulator/RCD_HLS/solution1/.autopilot/db/hfilt.pp.0.cpp:17668:17: warning: Added loop label VITIS_LOOP_74_2:   [xilinx-label-all-loops]
                for (int j = 3; j >= I_+1; j--){
                ^~~
                VITIS_LOOP_74_2: 
/home/topnotches/RCD_TU_Delft_2023/src_hls/stream_hls/streamulator/RCD_HLS/solution1/.autopilot/db/hfilt.pp.0.cpp:17668:17: note: FIX-IT applied suggested code changes
/home/topnotches/RCD_TU_Delft_2023/src_hls/stream_hls/streamulator/RCD_HLS/solution1/.autopilot/db/hfilt.pp.0.cpp:17672:17: warning: Added loop label VITIS_LOOP_78_3:   [xilinx-label-all-loops]
                for (int j = I_; j >= 0; j--){
                ^~~
                VITIS_LOOP_78_3: 
/home/topnotches/RCD_TU_Delft_2023/src_hls/stream_hls/streamulator/RCD_HLS/solution1/.autopilot/db/hfilt.pp.0.cpp:17672:17: note: FIX-IT applied suggested code changes
/home/topnotches/RCD_TU_Delft_2023/src_hls/stream_hls/streamulator/RCD_HLS/solution1/.autopilot/db/hfilt.pp.0.cpp:17720:13: warning: Added loop label VITIS_LOOP_145_4:   [xilinx-label-all-loops]
            for (int j = 9; j >= I_+4; j--) {
            ^~~
            VITIS_LOOP_145_4: 
/home/topnotches/RCD_TU_Delft_2023/src_hls/stream_hls/streamulator/RCD_HLS/solution1/.autopilot/db/hfilt.pp.0.cpp:17720:13: note: FIX-IT applied suggested code changes
/home/topnotches/RCD_TU_Delft_2023/src_hls/stream_hls/streamulator/RCD_HLS/solution1/.autopilot/db/hfilt.pp.0.cpp:17726:17: warning: Added loop label VITIS_LOOP_151_5:   [xilinx-label-all-loops]
                for (int j = 9; j >= I_+4; j--){
                ^~~
                VITIS_LOOP_151_5: 
/home/topnotches/RCD_TU_Delft_2023/src_hls/stream_hls/streamulator/RCD_HLS/solution1/.autopilot/db/hfilt.pp.0.cpp:17726:17: note: FIX-IT applied suggested code changes
/home/topnotches/RCD_TU_Delft_2023/src_hls/stream_hls/streamulator/RCD_HLS/solution1/.autopilot/db/hfilt.pp.0.cpp:17730:17: warning: Added loop label VITIS_LOOP_155_6:   [xilinx-label-all-loops]
                for (int j = I_+3; j >= 0; j--){
                ^~~
                VITIS_LOOP_155_6: 
/home/topnotches/RCD_TU_Delft_2023/src_hls/stream_hls/streamulator/RCD_HLS/solution1/.autopilot/db/hfilt.pp.0.cpp:17730:17: note: FIX-IT applied suggested code changes
/home/topnotches/RCD_TU_Delft_2023/src_hls/stream_hls/streamulator/RCD_HLS/solution1/.autopilot/db/hfilt.pp.0.cpp:17745:9: warning: Added loop label VITIS_LOOP_170_7:   [xilinx-label-all-loops]
        for (int j = 14; j < 22; j++){
        ^~~
        VITIS_LOOP_170_7: 
/home/topnotches/RCD_TU_Delft_2023/src_hls/stream_hls/streamulator/RCD_HLS/solution1/.autopilot/db/hfilt.pp.0.cpp:17745:9: note: FIX-IT applied suggested code changes
/home/topnotches/RCD_TU_Delft_2023/src_hls/stream_hls/streamulator/RCD_HLS/solution1/.autopilot/db/hfilt.pp.0.cpp:17753:17: warning: Added loop label VITIS_LOOP_178_8:   [xilinx-label-all-loops]
                for (int j = 0; j < 22; j++){
                ^~~
                VITIS_LOOP_178_8: 
/home/topnotches/RCD_TU_Delft_2023/src_hls/stream_hls/streamulator/RCD_HLS/solution1/.autopilot/db/hfilt.pp.0.cpp:17753:17: note: FIX-IT applied suggested code changes
/home/topnotches/RCD_TU_Delft_2023/src_hls/stream_hls/streamulator/RCD_HLS/solution1/.autopilot/db/hfilt.pp.0.cpp:17818:13: warning: Added loop label VITIS_LOOP_243_9:   [xilinx-label-all-loops]
            for (int j = 21; j >= I_+10; j--) {
            ^~~
            VITIS_LOOP_243_9: 
/home/topnotches/RCD_TU_Delft_2023/src_hls/stream_hls/streamulator/RCD_HLS/solution1/.autopilot/db/hfilt.pp.0.cpp:17818:13: note: FIX-IT applied suggested code changes
/home/topnotches/RCD_TU_Delft_2023/src_hls/stream_hls/streamulator/RCD_HLS/solution1/.autopilot/db/hfilt.pp.0.cpp:17824:17: warning: Added loop label VITIS_LOOP_249_10:   [xilinx-label-all-loops]
                for (int j = 21; j >= I_+10; j--) {
                ^~~
                VITIS_LOOP_249_10: 
/home/topnotches/RCD_TU_Delft_2023/src_hls/stream_hls/streamulator/RCD_HLS/solution1/.autopilot/db/hfilt.pp.0.cpp:17824:17: note: FIX-IT applied suggested code changes
/home/topnotches/RCD_TU_Delft_2023/src_hls/stream_hls/streamulator/RCD_HLS/solution1/.autopilot/db/hfilt.pp.0.cpp:17828:17: warning: Added loop label VITIS_LOOP_253_11:   [xilinx-label-all-loops]
                for (int j = I_+9; j >= 0; j--) {
                ^~~
                VITIS_LOOP_253_11: 
/home/topnotches/RCD_TU_Delft_2023/src_hls/stream_hls/streamulator/RCD_HLS/solution1/.autopilot/db/hfilt.pp.0.cpp:17828:17: note: FIX-IT applied suggested code changes
/home/topnotches/RCD_TU_Delft_2023/src_hls/stream_hls/streamulator/RCD_HLS/solution1/.autopilot/db/hfilt.pp.0.cpp:17843:9: warning: Added loop label VITIS_LOOP_268_12:   [xilinx-label-all-loops]
        for (int j = 27; j < 46; j++){
        ^~~
        VITIS_LOOP_268_12: 
/home/topnotches/RCD_TU_Delft_2023/src_hls/stream_hls/streamulator/RCD_HLS/solution1/.autopilot/db/hfilt.pp.0.cpp:17843:9: note: FIX-IT applied suggested code changes
/home/topnotches/RCD_TU_Delft_2023/src_hls/stream_hls/streamulator/RCD_HLS/solution1/.autopilot/db/hfilt.pp.0.cpp:17851:17: warning: Added loop label VITIS_LOOP_276_13:   [xilinx-label-all-loops]
                for (int j = 0; j < 46; j++) {
                ^~~
                VITIS_LOOP_276_13: 
/home/topnotches/RCD_TU_Delft_2023/src_hls/stream_hls/streamulator/RCD_HLS/solution1/.autopilot/db/hfilt.pp.0.cpp:17851:17: note: FIX-IT applied suggested code changes
/home/topnotches/RCD_TU_Delft_2023/src_hls/stream_hls/streamulator/RCD_HLS/solution1/.autopilot/db/hfilt.pp.0.cpp:18080:13: warning: Added loop label VITIS_LOOP_505_14:   [xilinx-label-all-loops]
            for (int j = 45; j >= I_+22; j--) {
            ^~~
            VITIS_LOOP_505_14: 
/home/topnotches/RCD_TU_Delft_2023/src_hls/stream_hls/streamulator/RCD_HLS/solution1/.autopilot/db/hfilt.pp.0.cpp:18080:13: note: FIX-IT applied suggested code changes
/home/topnotches/RCD_TU_Delft_2023/src_hls/stream_hls/streamulator/RCD_HLS/solution1/.autopilot/db/hfilt.pp.0.cpp:18086:17: warning: Added loop label VITIS_LOOP_511_15:   [xilinx-label-all-loops]
                for (int j = 45; j >= I_+22; j--){
                ^~~
                VITIS_LOOP_511_15: 
/home/topnotches/RCD_TU_Delft_2023/src_hls/stream_hls/streamulator/RCD_HLS/solution1/.autopilot/db/hfilt.pp.0.cpp:18086:17: note: FIX-IT applied suggested code changes
/home/topnotches/RCD_TU_Delft_2023/src_hls/stream_hls/streamulator/RCD_HLS/solution1/.autopilot/db/hfilt.pp.0.cpp:18090:17: warning: Added loop label VITIS_LOOP_515_16:   [xilinx-label-all-loops]
                for (int j = I_+21; j >= 0; j--) {
                ^~~
                VITIS_LOOP_515_16: 
/home/topnotches/RCD_TU_Delft_2023/src_hls/stream_hls/streamulator/RCD_HLS/solution1/.autopilot/db/hfilt.pp.0.cpp:18090:17: note: FIX-IT applied suggested code changes
/home/topnotches/RCD_TU_Delft_2023/src_hls/stream_hls/streamulator/RCD_HLS/solution1/.autopilot/db/hfilt.pp.0.cpp:18100:9: warning: Added loop label VITIS_LOOP_525_17:   [xilinx-label-all-loops]
        for (int j = 32-F_; j < 32+I_; j++){
        ^~~
        VITIS_LOOP_525_17: 
/home/topnotches/RCD_TU_Delft_2023/src_hls/stream_hls/streamulator/RCD_HLS/solution1/.autopilot/db/hfilt.pp.0.cpp:18100:9: note: FIX-IT applied suggested code changes
/home/topnotches/RCD_TU_Delft_2023/src_hls/stream_hls/streamulator/RCD_HLS/solution1/.autopilot/db/hfilt.pp.0.cpp:18104:9: warning: Added loop label VITIS_LOOP_529_18:   [xilinx-label-all-loops]
        for (int j = 32+I_; j <= 64; j++){
        ^~~
        VITIS_LOOP_529_18: 
/home/topnotches/RCD_TU_Delft_2023/src_hls/stream_hls/streamulator/RCD_HLS/solution1/.autopilot/db/hfilt.pp.0.cpp:18104:9: note: FIX-IT applied suggested code changes
/home/topnotches/RCD_TU_Delft_2023/src_hls/stream_hls/streamulator/RCD_HLS/solution1/.autopilot/db/hfilt.pp.0.cpp:18114:9: warning: Added loop label VITIS_LOOP_539_19:   [xilinx-label-all-loops]
        for (int j = 37; j < 64; j++) {
        ^~~
        VITIS_LOOP_539_19: 
/home/topnotches/RCD_TU_Delft_2023/src_hls/stream_hls/streamulator/RCD_HLS/solution1/.autopilot/db/hfilt.pp.0.cpp:18114:9: note: FIX-IT applied suggested code changes
/home/topnotches/RCD_TU_Delft_2023/src_hls/stream_hls/streamulator/RCD_HLS/solution1/.autopilot/db/hfilt.pp.0.cpp:18122:17: warning: Added loop label VITIS_LOOP_547_20:   [xilinx-label-all-loops]
                for (int j = 0; j < 64; j++){
                ^~~
                VITIS_LOOP_547_20: 
/home/topnotches/RCD_TU_Delft_2023/src_hls/stream_hls/streamulator/RCD_HLS/solution1/.autopilot/db/hfilt.pp.0.cpp:18122:17: note: FIX-IT applied suggested code changes
/home/topnotches/RCD_TU_Delft_2023/src_hls/stream_hls/streamulator/RCD_HLS/solution1/.autopilot/db/hfilt.pp.0.cpp:18483:13: warning: Added loop label VITIS_LOOP_908_21:   [xilinx-label-all-loops]
            for (int j = 63; j >= I_+31; j--) {
            ^~~
            VITIS_LOOP_908_21: 
/home/topnotches/RCD_TU_Delft_2023/src_hls/stream_hls/streamulator/RCD_HLS/solution1/.autopilot/db/hfilt.pp.0.cpp:18483:13: note: FIX-IT applied suggested code changes
/home/topnotches/RCD_TU_Delft_2023/src_hls/stream_hls/streamulator/RCD_HLS/solution1/.autopilot/db/hfilt.pp.0.cpp:18489:17: warning: Added loop label VITIS_LOOP_914_22:   [xilinx-label-all-loops]
                for (int j = 63; j >= I_+31; j--) {
                ^~~
                VITIS_LOOP_914_22: 
/home/topnotches/RCD_TU_Delft_2023/src_hls/stream_hls/streamulator/RCD_HLS/solution1/.autopilot/db/hfilt.pp.0.cpp:18489:17: note: FIX-IT applied suggested code changes
/home/topnotches/RCD_TU_Delft_2023/src_hls/stream_hls/streamulator/RCD_HLS/solution1/.autopilot/db/hfilt.pp.0.cpp:18493:17: warning: Added loop label VITIS_LOOP_918_23:   [xilinx-label-all-loops]
                for (int j = I_+30; j >= 0; j--) {
                ^~~
                VITIS_LOOP_918_23: 
/home/topnotches/RCD_TU_Delft_2023/src_hls/stream_hls/streamulator/RCD_HLS/solution1/.autopilot/db/hfilt.pp.0.cpp:18493:17: note: FIX-IT applied suggested code changes
/home/topnotches/RCD_TU_Delft_2023/src_hls/stream_hls/streamulator/RCD_HLS/solution1/.autopilot/db/hfilt.pp.0.cpp:18609:13: warning: Added loop label VITIS_LOOP_1034_1:   [xilinx-label-all-loops]
            for (int j = 4; j >= I_+1; j--) {
            ^~~
            VITIS_LOOP_1034_1: 
/home/topnotches/RCD_TU_Delft_2023/src_hls/stream_hls/streamulator/RCD_HLS/solution1/.autopilot/db/hfilt.pp.0.cpp:18609:13: note: FIX-IT applied suggested code changes
/home/topnotches/RCD_TU_Delft_2023/src_hls/stream_hls/streamulator/RCD_HLS/solution1/.autopilot/db/hfilt.pp.0.cpp:18615:17: warning: Added loop label VITIS_LOOP_1040_2:   [xilinx-label-all-loops]
                for (int j = 4; j >= I_+1; j--) {
                ^~~
                VITIS_LOOP_1040_2: 
/home/topnotches/RCD_TU_Delft_2023/src_hls/stream_hls/streamulator/RCD_HLS/solution1/.autopilot/db/hfilt.pp.0.cpp:18615:17: note: FIX-IT applied suggested code changes
/home/topnotches/RCD_TU_Delft_2023/src_hls/stream_hls/streamulator/RCD_HLS/solution1/.autopilot/db/hfilt.pp.0.cpp:18619:17: warning: Added loop label VITIS_LOOP_1044_3:   [xilinx-label-all-loops]
                for (int j = I_; j >= 0; j--) {
                ^~~
                VITIS_LOOP_1044_3: 
/home/topnotches/RCD_TU_Delft_2023/src_hls/stream_hls/streamulator/RCD_HLS/solution1/.autopilot/db/hfilt.pp.0.cpp:18619:17: note: FIX-IT applied suggested code changes
/home/topnotches/RCD_TU_Delft_2023/src_hls/stream_hls/streamulator/RCD_HLS/solution1/.autopilot/db/hfilt.pp.0.cpp:18706:13: warning: Added loop label VITIS_LOOP_1131_4:   [xilinx-label-all-loops]
            for (int j = 10; j >= I_+4; j--) {
            ^~~
            VITIS_LOOP_1131_4: 
/home/topnotches/RCD_TU_Delft_2023/src_hls/stream_hls/streamulator/RCD_HLS/solution1/.autopilot/db/hfilt.pp.0.cpp:18706:13: note: FIX-IT applied suggested code changes
/home/topnotches/RCD_TU_Delft_2023/src_hls/stream_hls/streamulator/RCD_HLS/solution1/.autopilot/db/hfilt.pp.0.cpp:18712:17: warning: Added loop label VITIS_LOOP_1137_5:   [xilinx-label-all-loops]
                for (int j = 10; j >= I_+4; j--) {
                ^~~
                VITIS_LOOP_1137_5: 
/home/topnotches/RCD_TU_Delft_2023/src_hls/stream_hls/streamulator/RCD_HLS/solution1/.autopilot/db/hfilt.pp.0.cpp:18712:17: note: FIX-IT applied suggested code changes
/home/topnotches/RCD_TU_Delft_2023/src_hls/stream_hls/streamulator/RCD_HLS/solution1/.autopilot/db/hfilt.pp.0.cpp:18716:17: warning: Added loop label VITIS_LOOP_1141_6:   [xilinx-label-all-loops]
                for (int j = I_+3; j >= 0; j--) {
                ^~~
                VITIS_LOOP_1141_6: 
/home/topnotches/RCD_TU_Delft_2023/src_hls/stream_hls/streamulator/RCD_HLS/solution1/.autopilot/db/hfilt.pp.0.cpp:18716:17: note: FIX-IT applied suggested code changes
/home/topnotches/RCD_TU_Delft_2023/src_hls/stream_hls/streamulator/RCD_HLS/solution1/.autopilot/db/hfilt.pp.0.cpp:18735:9: warning: Added loop label VITIS_LOOP_1160_7:   [xilinx-label-all-loops]
        for (int j = wf+3; j < w-1; j++) {
        ^~~
        VITIS_LOOP_1160_7: 
/home/topnotches/RCD_TU_Delft_2023/src_hls/stream_hls/streamulator/RCD_HLS/solution1/.autopilot/db/hfilt.pp.0.cpp:18735:9: note: FIX-IT applied suggested code changes
/home/topnotches/RCD_TU_Delft_2023/src_hls/stream_hls/streamulator/RCD_HLS/solution1/.autopilot/db/hfilt.pp.0.cpp:18742:17: warning: Added loop label VITIS_LOOP_1167_8:   [xilinx-label-all-loops]
                for (int j = 0; j < 22; j++) {
                ^~~
                VITIS_LOOP_1167_8: 
/home/topnotches/RCD_TU_Delft_2023/src_hls/stream_hls/streamulator/RCD_HLS/solution1/.autopilot/db/hfilt.pp.0.cpp:18742:17: note: FIX-IT applied suggested code changes
/home/topnotches/RCD_TU_Delft_2023/src_hls/stream_hls/streamulator/RCD_HLS/solution1/.autopilot/db/hfilt.pp.0.cpp:18858:13: warning: Added loop label VITIS_LOOP_1283_9:   [xilinx-label-all-loops]
            for (int j = 22; j >= I_+10; j--) {
            ^~~
            VITIS_LOOP_1283_9: 
/home/topnotches/RCD_TU_Delft_2023/src_hls/stream_hls/streamulator/RCD_HLS/solution1/.autopilot/db/hfilt.pp.0.cpp:18858:13: note: FIX-IT applied suggested code changes
/home/topnotches/RCD_TU_Delft_2023/src_hls/stream_hls/streamulator/RCD_HLS/solution1/.autopilot/db/hfilt.pp.0.cpp:18864:17: warning: Added loop label VITIS_LOOP_1289_10:   [xilinx-label-all-loops]
                for (int j = 22; j >= I_+10; j--){
                ^~~
                VITIS_LOOP_1289_10: 
/home/topnotches/RCD_TU_Delft_2023/src_hls/stream_hls/streamulator/RCD_HLS/solution1/.autopilot/db/hfilt.pp.0.cpp:18864:17: note: FIX-IT applied suggested code changes
/home/topnotches/RCD_TU_Delft_2023/src_hls/stream_hls/streamulator/RCD_HLS/solution1/.autopilot/db/hfilt.pp.0.cpp:18868:17: warning: Added loop label VITIS_LOOP_1293_11:   [xilinx-label-all-loops]
                for (int j = I_+9; j >= 0; j--) {
                ^~~
                VITIS_LOOP_1293_11: 
/home/topnotches/RCD_TU_Delft_2023/src_hls/stream_hls/streamulator/RCD_HLS/solution1/.autopilot/db/hfilt.pp.0.cpp:18868:17: note: FIX-IT applied suggested code changes
/home/topnotches/RCD_TU_Delft_2023/src_hls/stream_hls/streamulator/RCD_HLS/solution1/.autopilot/db/hfilt.pp.0.cpp:18888:9: warning: Added loop label VITIS_LOOP_1313_12:   [xilinx-label-all-loops]
        for (int j = wf+4; j < w-1; j++){
        ^~~
        VITIS_LOOP_1313_12: 
/home/topnotches/RCD_TU_Delft_2023/src_hls/stream_hls/streamulator/RCD_HLS/solution1/.autopilot/db/hfilt.pp.0.cpp:18888:9: note: FIX-IT applied suggested code changes
/home/topnotches/RCD_TU_Delft_2023/src_hls/stream_hls/streamulator/RCD_HLS/solution1/.autopilot/db/hfilt.pp.0.cpp:18895:17: warning: Added loop label VITIS_LOOP_1320_13:   [xilinx-label-all-loops]
                for (int j = 0; j < 46; j++) {
                ^~~
                VITIS_LOOP_1320_13: 
/home/topnotches/RCD_TU_Delft_2023/src_hls/stream_hls/streamulator/RCD_HLS/solution1/.autopilot/db/hfilt.pp.0.cpp:18895:17: note: FIX-IT applied suggested code changes
/home/topnotches/RCD_TU_Delft_2023/src_hls/stream_hls/streamulator/RCD_HLS/solution1/.autopilot/db/hfilt.pp.0.cpp:19157:13: warning: Added loop label VITIS_LOOP_1582_14:   [xilinx-label-all-loops]
            for (int j = 46; j >= I_+22; j--) {
            ^~~
            VITIS_LOOP_1582_14: 
/home/topnotches/RCD_TU_Delft_2023/src_hls/stream_hls/streamulator/RCD_HLS/solution1/.autopilot/db/hfilt.pp.0.cpp:19157:13: note: FIX-IT applied suggested code changes
/home/topnotches/RCD_TU_Delft_2023/src_hls/stream_hls/streamulator/RCD_HLS/solution1/.autopilot/db/hfilt.pp.0.cpp:19163:17: warning: Added loop label VITIS_LOOP_1588_15:   [xilinx-label-all-loops]
                for (int j = 46; j >= I_+22; j--) {
                ^~~
                VITIS_LOOP_1588_15: 
/home/topnotches/RCD_TU_Delft_2023/src_hls/stream_hls/streamulator/RCD_HLS/solution1/.autopilot/db/hfilt.pp.0.cpp:19163:17: note: FIX-IT applied suggested code changes
/home/topnotches/RCD_TU_Delft_2023/src_hls/stream_hls/streamulator/RCD_HLS/solution1/.autopilot/db/hfilt.pp.0.cpp:19167:17: warning: Added loop label VITIS_LOOP_1592_16:   [xilinx-label-all-loops]
                for (int j = I_+21; j >= 0; j--) {
                ^~~
                VITIS_LOOP_1592_16: 
/home/topnotches/RCD_TU_Delft_2023/src_hls/stream_hls/streamulator/RCD_HLS/solution1/.autopilot/db/hfilt.pp.0.cpp:19167:17: note: FIX-IT applied suggested code changes
/home/topnotches/RCD_TU_Delft_2023/src_hls/stream_hls/streamulator/RCD_HLS/solution1/.autopilot/db/hfilt.pp.0.cpp:19191:9: warning: Added loop label VITIS_LOOP_1616_17:   [xilinx-label-all-loops]
        for (int j = wf+5; j < w-1; j++){
        ^~~
        VITIS_LOOP_1616_17: 
/home/topnotches/RCD_TU_Delft_2023/src_hls/stream_hls/streamulator/RCD_HLS/solution1/.autopilot/db/hfilt.pp.0.cpp:19191:9: note: FIX-IT applied suggested code changes
/home/topnotches/RCD_TU_Delft_2023/src_hls/stream_hls/streamulator/RCD_HLS/solution1/.autopilot/db/hfilt.pp.0.cpp:19198:17: warning: Added loop label VITIS_LOOP_1623_18:   [xilinx-label-all-loops]
                for (int j = 0; j < 64; j++) {
                ^~~
                VITIS_LOOP_1623_18: 
/home/topnotches/RCD_TU_Delft_2023/src_hls/stream_hls/streamulator/RCD_HLS/solution1/.autopilot/db/hfilt.pp.0.cpp:19198:17: note: FIX-IT applied suggested code changes
/home/topnotches/RCD_TU_Delft_2023/src_hls/stream_hls/streamulator/RCD_HLS/solution1/.autopilot/db/hfilt.pp.0.cpp:19628:13: warning: Added loop label VITIS_LOOP_2053_19:   [xilinx-label-all-loops]
            for (int j = 64; j >= I_+31; j--) {
            ^~~
            VITIS_LOOP_2053_19: 
/home/topnotches/RCD_TU_Delft_2023/src_hls/stream_hls/streamulator/RCD_HLS/solution1/.autopilot/db/hfilt.pp.0.cpp:19628:13: note: FIX-IT applied suggested code changes
/home/topnotches/RCD_TU_Delft_2023/src_hls/stream_hls/streamulator/RCD_HLS/solution1/.autopilot/db/hfilt.pp.0.cpp:19634:17: warning: Added loop label VITIS_LOOP_2059_20:   [xilinx-label-all-loops]
                for (int j = 64; j >= I_+31; j--) {
                ^~~
                VITIS_LOOP_2059_20: 
/home/topnotches/RCD_TU_Delft_2023/src_hls/stream_hls/streamulator/RCD_HLS/solution1/.autopilot/db/hfilt.pp.0.cpp:19634:17: note: FIX-IT applied suggested code changes
/home/topnotches/RCD_TU_Delft_2023/src_hls/stream_hls/streamulator/RCD_HLS/solution1/.autopilot/db/hfilt.pp.0.cpp:19638:17: warning: Added loop label VITIS_LOOP_2063_21:   [xilinx-label-all-loops]
                for (int j = I_+30; j >= 0; j--) {
                ^~~
                VITIS_LOOP_2063_21: 
/home/topnotches/RCD_TU_Delft_2023/src_hls/stream_hls/streamulator/RCD_HLS/solution1/.autopilot/db/hfilt.pp.0.cpp:19638:17: note: FIX-IT applied suggested code changes
/home/topnotches/RCD_TU_Delft_2023/src_hls/stream_hls/streamulator/RCD_HLS/solution1/.autopilot/db/hfilt.pp.0.cpp:19768:13: warning: Added loop label VITIS_LOOP_2193_1:   [xilinx-label-all-loops]
            for(int j=3; j>=I+1; j--) {
            ^~~
            VITIS_LOOP_2193_1: 
/home/topnotches/RCD_TU_Delft_2023/src_hls/stream_hls/streamulator/RCD_HLS/solution1/.autopilot/db/hfilt.pp.0.cpp:19768:13: note: FIX-IT applied suggested code changes
/home/topnotches/RCD_TU_Delft_2023/src_hls/stream_hls/streamulator/RCD_HLS/solution1/.autopilot/db/hfilt.pp.0.cpp:19775:17: warning: Added loop label VITIS_LOOP_2200_2:   [xilinx-label-all-loops]
                for(int j=3; j>=I+1; j--) {
                ^~~
                VITIS_LOOP_2200_2: 
/home/topnotches/RCD_TU_Delft_2023/src_hls/stream_hls/streamulator/RCD_HLS/solution1/.autopilot/db/hfilt.pp.0.cpp:19775:17: note: FIX-IT applied suggested code changes
/home/topnotches/RCD_TU_Delft_2023/src_hls/stream_hls/streamulator/RCD_HLS/solution1/.autopilot/db/hfilt.pp.0.cpp:19779:17: warning: Added loop label VITIS_LOOP_2204_3:   [xilinx-label-all-loops]
                for(int j=I; j>=0; j--) {
                ^~~
                VITIS_LOOP_2204_3: 
/home/topnotches/RCD_TU_Delft_2023/src_hls/stream_hls/streamulator/RCD_HLS/solution1/.autopilot/db/hfilt.pp.0.cpp:19779:17: note: FIX-IT applied suggested code changes
/home/topnotches/RCD_TU_Delft_2023/src_hls/stream_hls/streamulator/RCD_HLS/solution1/.autopilot/db/hfilt.pp.0.cpp:19826:13: warning: Added loop label VITIS_LOOP_2251_4:   [xilinx-label-all-loops]
            for(int j=7; j>=3+I; j--) {
            ^~~
            VITIS_LOOP_2251_4: 
/home/topnotches/RCD_TU_Delft_2023/src_hls/stream_hls/streamulator/RCD_HLS/solution1/.autopilot/db/hfilt.pp.0.cpp:19826:13: note: FIX-IT applied suggested code changes
/home/topnotches/RCD_TU_Delft_2023/src_hls/stream_hls/streamulator/RCD_HLS/solution1/.autopilot/db/hfilt.pp.0.cpp:19833:17: warning: Added loop label VITIS_LOOP_2258_5:   [xilinx-label-all-loops]
                for(int j=7; j>=3+I; j--) {
                ^~~
                VITIS_LOOP_2258_5: 
/home/topnotches/RCD_TU_Delft_2023/src_hls/stream_hls/streamulator/RCD_HLS/solution1/.autopilot/db/hfilt.pp.0.cpp:19833:17: note: FIX-IT applied suggested code changes
/home/topnotches/RCD_TU_Delft_2023/src_hls/stream_hls/streamulator/RCD_HLS/solution1/.autopilot/db/hfilt.pp.0.cpp:19837:17: warning: Added loop label VITIS_LOOP_2262_6:   [xilinx-label-all-loops]
                for(int j=I+2; j>=0; j--) {
                ^~~
                VITIS_LOOP_2262_6: 
/home/topnotches/RCD_TU_Delft_2023/src_hls/stream_hls/streamulator/RCD_HLS/solution1/.autopilot/db/hfilt.pp.0.cpp:19837:17: note: FIX-IT applied suggested code changes
/home/topnotches/RCD_TU_Delft_2023/src_hls/stream_hls/streamulator/RCD_HLS/solution1/.autopilot/db/hfilt.pp.0.cpp:19855:9: warning: Added loop label VITIS_LOOP_2280_7:   [xilinx-label-all-loops]
        for(int j=11; j<16; j++) {
        ^~~
        VITIS_LOOP_2280_7: 
/home/topnotches/RCD_TU_Delft_2023/src_hls/stream_hls/streamulator/RCD_HLS/solution1/.autopilot/db/hfilt.pp.0.cpp:19855:9: note: FIX-IT applied suggested code changes
/home/topnotches/RCD_TU_Delft_2023/src_hls/stream_hls/streamulator/RCD_HLS/solution1/.autopilot/db/hfilt.pp.0.cpp:19910:13: warning: Added loop label VITIS_LOOP_2335_8:   [xilinx-label-all-loops]
            for(int j=15; j>=7+I; j--) {
            ^~~
            VITIS_LOOP_2335_8: 
/home/topnotches/RCD_TU_Delft_2023/src_hls/stream_hls/streamulator/RCD_HLS/solution1/.autopilot/db/hfilt.pp.0.cpp:19910:13: note: FIX-IT applied suggested code changes
/home/topnotches/RCD_TU_Delft_2023/src_hls/stream_hls/streamulator/RCD_HLS/solution1/.autopilot/db/hfilt.pp.0.cpp:19917:17: warning: Added loop label VITIS_LOOP_2342_9:   [xilinx-label-all-loops]
                for(int j=15; j>=7+I; j--) {
                ^~~
                VITIS_LOOP_2342_9: 
/home/topnotches/RCD_TU_Delft_2023/src_hls/stream_hls/streamulator/RCD_HLS/solution1/.autopilot/db/hfilt.pp.0.cpp:19917:17: note: FIX-IT applied suggested code changes
/home/topnotches/RCD_TU_Delft_2023/src_hls/stream_hls/streamulator/RCD_HLS/solution1/.autopilot/db/hfilt.pp.0.cpp:19921:17: warning: Added loop label VITIS_LOOP_2346_10:   [xilinx-label-all-loops]
                for(int j=6+I; j>=0; j--) {
                ^~~
                VITIS_LOOP_2346_10: 
/home/topnotches/RCD_TU_Delft_2023/src_hls/stream_hls/streamulator/RCD_HLS/solution1/.autopilot/db/hfilt.pp.0.cpp:19921:17: note: FIX-IT applied suggested code changes
/home/topnotches/RCD_TU_Delft_2023/src_hls/stream_hls/streamulator/RCD_HLS/solution1/.autopilot/db/hfilt.pp.0.cpp:19939:9: warning: Added loop label VITIS_LOOP_2364_11:   [xilinx-label-all-loops]
        for(int j=20; j<32; j++) {
        ^~~
        VITIS_LOOP_2364_11: 
/home/topnotches/RCD_TU_Delft_2023/src_hls/stream_hls/streamulator/RCD_HLS/solution1/.autopilot/db/hfilt.pp.0.cpp:19939:9: note: FIX-IT applied suggested code changes
/home/topnotches/RCD_TU_Delft_2023/src_hls/stream_hls/streamulator/RCD_HLS/solution1/.autopilot/db/hfilt.pp.0.cpp:20028:13: warning: Added loop label VITIS_LOOP_2453_12:   [xilinx-label-all-loops]
            for(int j=31; j>=I+15; j--) {
            ^~~
            VITIS_LOOP_2453_12: 
/home/topnotches/RCD_TU_Delft_2023/src_hls/stream_hls/streamulator/RCD_HLS/solution1/.autopilot/db/hfilt.pp.0.cpp:20028:13: note: FIX-IT applied suggested code changes
/home/topnotches/RCD_TU_Delft_2023/src_hls/stream_hls/streamulator/RCD_HLS/solution1/.autopilot/db/hfilt.pp.0.cpp:20035:17: warning: Added loop label VITIS_LOOP_2460_13:   [xilinx-label-all-loops]
                for(int j=31; j>=I+15; j--) {
                ^~~
                VITIS_LOOP_2460_13: 
/home/topnotches/RCD_TU_Delft_2023/src_hls/stream_hls/streamulator/RCD_HLS/solution1/.autopilot/db/hfilt.pp.0.cpp:20035:17: note: FIX-IT applied suggested code changes
/home/topnotches/RCD_TU_Delft_2023/src_hls/stream_hls/streamulator/RCD_HLS/solution1/.autopilot/db/hfilt.pp.0.cpp:20039:17: warning: Added loop label VITIS_LOOP_2464_14:   [xilinx-label-all-loops]
                for(int j=I+14; j>=0; j--) {
                ^~~
                VITIS_LOOP_2464_14: 
/home/topnotches/RCD_TU_Delft_2023/src_hls/stream_hls/streamulator/RCD_HLS/solution1/.autopilot/db/hfilt.pp.0.cpp:20039:17: note: FIX-IT applied suggested code changes
/home/topnotches/RCD_TU_Delft_2023/src_hls/stream_hls/streamulator/RCD_HLS/solution1/.autopilot/db/hfilt.pp.0.cpp:20049:9: warning: Added loop label VITIS_LOOP_2474_15:   [xilinx-label-all-loops]
        for(int j=32-F; j<32+I; j++) {
        ^~~
        VITIS_LOOP_2474_15: 
/home/topnotches/RCD_TU_Delft_2023/src_hls/stream_hls/streamulator/RCD_HLS/solution1/.autopilot/db/hfilt.pp.0.cpp:20049:9: note: FIX-IT applied suggested code changes
/home/topnotches/RCD_TU_Delft_2023/src_hls/stream_hls/streamulator/RCD_HLS/solution1/.autopilot/db/hfilt.pp.0.cpp:20053:9: warning: Added loop label VITIS_LOOP_2478_16:   [xilinx-label-all-loops]
        for(int j=32+I; j<=64; j++) {
        ^~~
        VITIS_LOOP_2478_16: 
/home/topnotches/RCD_TU_Delft_2023/src_hls/stream_hls/streamulator/RCD_HLS/solution1/.autopilot/db/hfilt.pp.0.cpp:20053:9: note: FIX-IT applied suggested code changes
/home/topnotches/RCD_TU_Delft_2023/src_hls/stream_hls/streamulator/RCD_HLS/solution1/.autopilot/db/hfilt.pp.0.cpp:20064:9: warning: Added loop label VITIS_LOOP_2489_17:   [xilinx-label-all-loops]
        for(int j=37; j<64; j++) {
        ^~~
        VITIS_LOOP_2489_17: 
/home/topnotches/RCD_TU_Delft_2023/src_hls/stream_hls/streamulator/RCD_HLS/solution1/.autopilot/db/hfilt.pp.0.cpp:20064:9: note: FIX-IT applied suggested code changes
/home/topnotches/RCD_TU_Delft_2023/src_hls/stream_hls/streamulator/RCD_HLS/solution1/.autopilot/db/hfilt.pp.0.cpp:20072:17: warning: Added loop label VITIS_LOOP_2497_18:   [xilinx-label-all-loops]
                for(int j=0; j<64; j++) {
                ^~~
                VITIS_LOOP_2497_18: 
/home/topnotches/RCD_TU_Delft_2023/src_hls/stream_hls/streamulator/RCD_HLS/solution1/.autopilot/db/hfilt.pp.0.cpp:20072:17: note: FIX-IT applied suggested code changes
/home/topnotches/RCD_TU_Delft_2023/src_hls/stream_hls/streamulator/RCD_HLS/solution1/.autopilot/db/hfilt.pp.0.cpp:20397:13: warning: Added loop label VITIS_LOOP_2822_19:   [xilinx-label-all-loops]
            for(int j=63; j>=I+31; j--) {
            ^~~
            VITIS_LOOP_2822_19: 
/home/topnotches/RCD_TU_Delft_2023/src_hls/stream_hls/streamulator/RCD_HLS/solution1/.autopilot/db/hfilt.pp.0.cpp:20397:13: note: FIX-IT applied suggested code changes
/home/topnotches/RCD_TU_Delft_2023/src_hls/stream_hls/streamulator/RCD_HLS/solution1/.autopilot/db/hfilt.pp.0.cpp:20404:17: warning: Added loop label VITIS_LOOP_2829_20:   [xilinx-label-all-loops]
                for(int j=63; j>=I+31; j--) {
                ^~~
                VITIS_LOOP_2829_20: 
/home/topnotches/RCD_TU_Delft_2023/src_hls/stream_hls/streamulator/RCD_HLS/solution1/.autopilot/db/hfilt.pp.0.cpp:20404:17: note: FIX-IT applied suggested code changes
/home/topnotches/RCD_TU_Delft_2023/src_hls/stream_hls/streamulator/RCD_HLS/solution1/.autopilot/db/hfilt.pp.0.cpp:20408:17: warning: Added loop label VITIS_LOOP_2833_21:   [xilinx-label-all-loops]
                for(int j=I+30; j>=0; j--) {
                ^~~
                VITIS_LOOP_2833_21: 
/home/topnotches/RCD_TU_Delft_2023/src_hls/stream_hls/streamulator/RCD_HLS/solution1/.autopilot/db/hfilt.pp.0.cpp:20408:17: note: FIX-IT applied suggested code changes
/home/topnotches/RCD_TU_Delft_2023/src_hls/stream_hls/streamulator/RCD_HLS/solution1/.autopilot/db/hfilt.pp.0.cpp:20496:4: warning: Added loop label VITIS_LOOP_2921_1:   [xilinx-label-all-loops]
   for(int j = 5; j>=I_+2; j--) {
   ^~~
   VITIS_LOOP_2921_1: 
/home/topnotches/RCD_TU_Delft_2023/src_hls/stream_hls/streamulator/RCD_HLS/solution1/.autopilot/db/hfilt.pp.0.cpp:20496:4: note: FIX-IT applied suggested code changes
/home/topnotches/RCD_TU_Delft_2023/src_hls/stream_hls/streamulator/RCD_HLS/solution1/.autopilot/db/hfilt.pp.0.cpp:20503:5: warning: Added loop label VITIS_LOOP_2928_2:   [xilinx-label-all-loops]
    for(int j = 5; j>=I_+2; j--) {
    ^~~
    VITIS_LOOP_2928_2: 
/home/topnotches/RCD_TU_Delft_2023/src_hls/stream_hls/streamulator/RCD_HLS/solution1/.autopilot/db/hfilt.pp.0.cpp:20503:5: note: FIX-IT applied suggested code changes
/home/topnotches/RCD_TU_Delft_2023/src_hls/stream_hls/streamulator/RCD_HLS/solution1/.autopilot/db/hfilt.pp.0.cpp:20507:5: warning: Added loop label VITIS_LOOP_2932_3:   [xilinx-label-all-loops]
    for(int j = I_+1; j>=0; j--) {
    ^~~
    VITIS_LOOP_2932_3: 
/home/topnotches/RCD_TU_Delft_2023/src_hls/stream_hls/streamulator/RCD_HLS/solution1/.autopilot/db/hfilt.pp.0.cpp:20507:5: note: FIX-IT applied suggested code changes
/home/topnotches/RCD_TU_Delft_2023/src_hls/stream_hls/streamulator/RCD_HLS/solution1/.autopilot/db/hfilt.pp.0.cpp:20522:3: warning: Added loop label VITIS_LOOP_2947_4:   [xilinx-label-all-loops]
  for(int j = 11; j >=7; j--) {
  ^~~
  VITIS_LOOP_2947_4: 
/home/topnotches/RCD_TU_Delft_2023/src_hls/stream_hls/streamulator/RCD_HLS/solution1/.autopilot/db/hfilt.pp.0.cpp:20522:3: note: FIX-IT applied suggested code changes
/home/topnotches/RCD_TU_Delft_2023/src_hls/stream_hls/streamulator/RCD_HLS/solution1/.autopilot/db/hfilt.pp.0.cpp:20554:4: warning: Added loop label VITIS_LOOP_2979_5:   [xilinx-label-all-loops]
   for(int j = 11; j >= I_+5; j--) {
   ^~~
   VITIS_LOOP_2979_5: 
/home/topnotches/RCD_TU_Delft_2023/src_hls/stream_hls/streamulator/RCD_HLS/solution1/.autopilot/db/hfilt.pp.0.cpp:20554:4: note: FIX-IT applied suggested code changes
/home/topnotches/RCD_TU_Delft_2023/src_hls/stream_hls/streamulator/RCD_HLS/solution1/.autopilot/db/hfilt.pp.0.cpp:20561:5: warning: Added loop label VITIS_LOOP_2986_6:   [xilinx-label-all-loops]
    for(int j = 11; j>= I_+5; j--) {
    ^~~
    VITIS_LOOP_2986_6: 
/home/topnotches/RCD_TU_Delft_2023/src_hls/stream_hls/streamulator/RCD_HLS/solution1/.autopilot/db/hfilt.pp.0.cpp:20561:5: note: FIX-IT applied suggested code changes
/home/topnotches/RCD_TU_Delft_2023/src_hls/stream_hls/streamulator/RCD_HLS/solution1/.autopilot/db/hfilt.pp.0.cpp:20565:5: warning: Added loop label VITIS_LOOP_2990_7:   [xilinx-label-all-loops]
    for(int j = I_+4; j>=0; j--) {
    ^~~
    VITIS_LOOP_2990_7: 
/home/topnotches/RCD_TU_Delft_2023/src_hls/stream_hls/streamulator/RCD_HLS/solution1/.autopilot/db/hfilt.pp.0.cpp:20565:5: note: FIX-IT applied suggested code changes
/home/topnotches/RCD_TU_Delft_2023/src_hls/stream_hls/streamulator/RCD_HLS/solution1/.autopilot/db/hfilt.pp.0.cpp:20580:3: warning: Added loop label VITIS_LOOP_3005_8:   [xilinx-label-all-loops]
  for(int j = 25; j>=15; j--) {
  ^~~
  VITIS_LOOP_3005_8: 
/home/topnotches/RCD_TU_Delft_2023/src_hls/stream_hls/streamulator/RCD_HLS/solution1/.autopilot/db/hfilt.pp.0.cpp:20580:3: note: FIX-IT applied suggested code changes
/home/topnotches/RCD_TU_Delft_2023/src_hls/stream_hls/streamulator/RCD_HLS/solution1/.autopilot/db/hfilt.pp.0.cpp:20630:4: warning: Added loop label VITIS_LOOP_3055_9:   [xilinx-label-all-loops]
   for(int j = 25; j>= I_+12; j--) {
   ^~~
   VITIS_LOOP_3055_9: 
/home/topnotches/RCD_TU_Delft_2023/src_hls/stream_hls/streamulator/RCD_HLS/solution1/.autopilot/db/hfilt.pp.0.cpp:20630:4: note: FIX-IT applied suggested code changes
/home/topnotches/RCD_TU_Delft_2023/src_hls/stream_hls/streamulator/RCD_HLS/solution1/.autopilot/db/hfilt.pp.0.cpp:20637:5: warning: Added loop label VITIS_LOOP_3062_10:   [xilinx-label-all-loops]
    for(int j = 25; j>=I_+12; j--) {
    ^~~
    VITIS_LOOP_3062_10: 
/home/topnotches/RCD_TU_Delft_2023/src_hls/stream_hls/streamulator/RCD_HLS/solution1/.autopilot/db/hfilt.pp.0.cpp:20637:5: note: FIX-IT applied suggested code changes
/home/topnotches/RCD_TU_Delft_2023/src_hls/stream_hls/streamulator/RCD_HLS/solution1/.autopilot/db/hfilt.pp.0.cpp:20641:5: warning: Added loop label VITIS_LOOP_3066_11:   [xilinx-label-all-loops]
    for(int j = I_+11; j>=0; j--) {
    ^~~
    VITIS_LOOP_3066_11: 
/home/topnotches/RCD_TU_Delft_2023/src_hls/stream_hls/streamulator/RCD_HLS/solution1/.autopilot/db/hfilt.pp.0.cpp:20641:5: note: FIX-IT applied suggested code changes
/home/topnotches/RCD_TU_Delft_2023/src_hls/stream_hls/streamulator/RCD_HLS/solution1/.autopilot/db/hfilt.pp.0.cpp:20656:3: warning: Added loop label VITIS_LOOP_3081_12:   [xilinx-label-all-loops]
  for(int j = 51; j >= 29; j--) {
  ^~~
  VITIS_LOOP_3081_12: 
/home/topnotches/RCD_TU_Delft_2023/src_hls/stream_hls/streamulator/RCD_HLS/solution1/.autopilot/db/hfilt.pp.0.cpp:20656:3: note: FIX-IT applied suggested code changes
/home/topnotches/RCD_TU_Delft_2023/src_hls/stream_hls/streamulator/RCD_HLS/solution1/.autopilot/db/hfilt.pp.0.cpp:20793:4: warning: Added loop label VITIS_LOOP_3218_13:   [xilinx-label-all-loops]
   for(int j = 51; j >= 25 + I_; j--) {
   ^~~
   VITIS_LOOP_3218_13: 
/home/topnotches/RCD_TU_Delft_2023/src_hls/stream_hls/streamulator/RCD_HLS/solution1/.autopilot/db/hfilt.pp.0.cpp:20793:4: note: FIX-IT applied suggested code changes
/home/topnotches/RCD_TU_Delft_2023/src_hls/stream_hls/streamulator/RCD_HLS/solution1/.autopilot/db/hfilt.pp.0.cpp:20800:5: warning: Added loop label VITIS_LOOP_3225_14:   [xilinx-label-all-loops]
    for(int j = 51; j>=25 + I_; j--) {
    ^~~
    VITIS_LOOP_3225_14: 
/home/topnotches/RCD_TU_Delft_2023/src_hls/stream_hls/streamulator/RCD_HLS/solution1/.autopilot/db/hfilt.pp.0.cpp:20800:5: note: FIX-IT applied suggested code changes
/home/topnotches/RCD_TU_Delft_2023/src_hls/stream_hls/streamulator/RCD_HLS/solution1/.autopilot/db/hfilt.pp.0.cpp:20804:5: warning: Added loop label VITIS_LOOP_3229_15:   [xilinx-label-all-loops]
    for(int j = 24 + I_; j >= 0; j--) {
    ^~~
    VITIS_LOOP_3229_15: 
/home/topnotches/RCD_TU_Delft_2023/src_hls/stream_hls/streamulator/RCD_HLS/solution1/.autopilot/db/hfilt.pp.0.cpp:20804:5: note: FIX-IT applied suggested code changes
/home/topnotches/RCD_TU_Delft_2023/src_hls/stream_hls/streamulator/RCD_HLS/solution1/.autopilot/db/hfilt.pp.0.cpp:20819:3: warning: Added loop label VITIS_LOOP_3244_16:   [xilinx-label-all-loops]
  for(int j = 63; j >= 36; j--) {
  ^~~
  VITIS_LOOP_3244_16: 
/home/topnotches/RCD_TU_Delft_2023/src_hls/stream_hls/streamulator/RCD_HLS/solution1/.autopilot/db/hfilt.pp.0.cpp:20819:3: note: FIX-IT applied suggested code changes
/home/topnotches/RCD_TU_Delft_2023/src_hls/stream_hls/streamulator/RCD_HLS/solution1/.autopilot/db/hfilt.pp.0.cpp:20979:4: warning: Added loop label VITIS_LOOP_3404_17:   [xilinx-label-all-loops]
   for(int j = 63; j >= 31 + I_; j--) {
   ^~~
   VITIS_LOOP_3404_17: 
/home/topnotches/RCD_TU_Delft_2023/src_hls/stream_hls/streamulator/RCD_HLS/solution1/.autopilot/db/hfilt.pp.0.cpp:20979:4: note: FIX-IT applied suggested code changes
/home/topnotches/RCD_TU_Delft_2023/src_hls/stream_hls/streamulator/RCD_HLS/solution1/.autopilot/db/hfilt.pp.0.cpp:20986:5: warning: Added loop label VITIS_LOOP_3411_18:   [xilinx-label-all-loops]
    for(int j = 63; j >= 31 + I_; j--) {
    ^~~
    VITIS_LOOP_3411_18: 
/home/topnotches/RCD_TU_Delft_2023/src_hls/stream_hls/streamulator/RCD_HLS/solution1/.autopilot/db/hfilt.pp.0.cpp:20986:5: note: FIX-IT applied suggested code changes
/home/topnotches/RCD_TU_Delft_2023/src_hls/stream_hls/streamulator/RCD_HLS/solution1/.autopilot/db/hfilt.pp.0.cpp:20990:5: warning: Added loop label VITIS_LOOP_3415_19:   [xilinx-label-all-loops]
    for(int j = 30 + I_; j >= 0; j--) {
    ^~~
    VITIS_LOOP_3415_19: 
/home/topnotches/RCD_TU_Delft_2023/src_hls/stream_hls/streamulator/RCD_HLS/solution1/.autopilot/db/hfilt.pp.0.cpp:20990:5: note: FIX-IT applied suggested code changes
/home/topnotches/RCD_TU_Delft_2023/src_hls/stream_hls/streamulator/RCD_HLS/solution1/.autopilot/db/hfilt.pp.0.cpp:21705:13: warning: Added loop label VITIS_LOOP_703_1:   [xilinx-label-all-loops]
            for (b_exp = I_-1; b_exp >= -F_; b_exp--) {
            ^~~
            VITIS_LOOP_703_1: 
/home/topnotches/RCD_TU_Delft_2023/src_hls/stream_hls/streamulator/RCD_HLS/solution1/.autopilot/db/hfilt.pp.0.cpp:21705:13: note: FIX-IT applied suggested code changes
/home/topnotches/RCD_TU_Delft_2023/src_hls/stream_hls/streamulator/RCD_HLS/solution1/.autopilot/db/hfilt.pp.0.cpp:21923:13: warning: Added loop label VITIS_LOOP_921_1:   [xilinx-label-all-loops]
            for (b_exp = I_-1; b_exp >= -F_; b_exp--) {
            ^~~
            VITIS_LOOP_921_1: 
/home/topnotches/RCD_TU_Delft_2023/src_hls/stream_hls/streamulator/RCD_HLS/solution1/.autopilot/db/hfilt.pp.0.cpp:21923:13: note: FIX-IT applied suggested code changes
/home/topnotches/RCD_TU_Delft_2023/src_hls/stream_hls/streamulator/RCD_HLS/solution1/.autopilot/db/hfilt.pp.0.cpp:22340:13: warning: Added loop label VITIS_LOOP_1345_1:   [xilinx-label-all-loops]
            for (b_exp = I_-1; b_exp >= -F_; b_exp--) {
            ^~~
            VITIS_LOOP_1345_1: 
/home/topnotches/RCD_TU_Delft_2023/src_hls/stream_hls/streamulator/RCD_HLS/solution1/.autopilot/db/hfilt.pp.0.cpp:22340:13: note: FIX-IT applied suggested code changes
/home/topnotches/RCD_TU_Delft_2023/src_hls/stream_hls/streamulator/RCD_HLS/solution1/.autopilot/db/hfilt.pp.0.cpp:22660:9: warning: Added loop label VITIS_LOOP_240_1:   [xilinx-label-all-loops]
        for ( int pos = msbr-1; pos >= 0; pos-- ) {
        ^~~
        VITIS_LOOP_240_1: 
/home/topnotches/RCD_TU_Delft_2023/src_hls/stream_hls/streamulator/RCD_HLS/solution1/.autopilot/db/hfilt.pp.0.cpp:22660:9: note: FIX-IT applied suggested code changes
/home/topnotches/RCD_TU_Delft_2023/src_hls/stream_hls/streamulator/RCD_HLS/solution1/.autopilot/db/hfilt.pp.0.cpp:22688:9: warning: Added loop label VITIS_LOOP_268_2:   [xilinx-label-all-loops]
        for ( int pos = -1; pos >= -F_-1; pos-- ) {
        ^~~
        VITIS_LOOP_268_2: 
/home/topnotches/RCD_TU_Delft_2023/src_hls/stream_hls/streamulator/RCD_HLS/solution1/.autopilot/db/hfilt.pp.0.cpp:22688:9: note: FIX-IT applied suggested code changes
/home/topnotches/RCD_TU_Delft_2023/src_hls/stream_hls/streamulator/RCD_HLS/solution1/.autopilot/db/hfilt.pp.0.cpp:23390:13: warning: Added loop label VITIS_LOOP_48_1:   [xilinx-label-all-loops]
            for (int j = 0; j < W_-1; j++){
            ^~~
            VITIS_LOOP_48_1: 
/home/topnotches/RCD_TU_Delft_2023/src_hls/stream_hls/streamulator/RCD_HLS/solution1/.autopilot/db/hfilt.pp.0.cpp:23390:13: note: FIX-IT applied suggested code changes
/home/topnotches/RCD_TU_Delft_2023/src_hls/stream_hls/streamulator/RCD_HLS/solution1/.autopilot/db/hfilt.pp.0.cpp:23443:5: warning: Added loop label VITIS_LOOP_109_2:   [xilinx-label-all-loops]
    for (int j = F_l+F_+I_m-1; j < F_l+W_+5; j++){
    ^~~
    VITIS_LOOP_109_2: 
/home/topnotches/RCD_TU_Delft_2023/src_hls/stream_hls/streamulator/RCD_HLS/solution1/.autopilot/db/hfilt.pp.0.cpp:23443:5: note: FIX-IT applied suggested code changes
/home/topnotches/RCD_TU_Delft_2023/src_hls/stream_hls/streamulator/RCD_HLS/solution1/.autopilot/db/hfilt.pp.0.cpp:23457:13: warning: Added loop label VITIS_LOOP_123_3:   [xilinx-label-all-loops]
            for (int j = WO_m-1; j >= W_-1; j--) {
            ^~~
            VITIS_LOOP_123_3: 
/home/topnotches/RCD_TU_Delft_2023/src_hls/stream_hls/streamulator/RCD_HLS/solution1/.autopilot/db/hfilt.pp.0.cpp:23457:13: note: FIX-IT applied suggested code changes
/home/topnotches/RCD_TU_Delft_2023/src_hls/stream_hls/streamulator/RCD_HLS/solution1/.autopilot/db/hfilt.pp.0.cpp:23487:13: warning: Added loop label VITIS_LOOP_153_4:   [xilinx-label-all-loops]
            for (int j = W_-2; j >= 0; j--){
            ^~~
            VITIS_LOOP_153_4: 
/home/topnotches/RCD_TU_Delft_2023/src_hls/stream_hls/streamulator/RCD_HLS/solution1/.autopilot/db/hfilt.pp.0.cpp:23487:13: note: FIX-IT applied suggested code changes
/home/topnotches/RCD_TU_Delft_2023/src_hls/stream_hls/streamulator/RCD_HLS/solution1/.autopilot/db/hfilt.pp.0.cpp:23572:12: warning: Added loop label VITIS_LOOP_281_1:   [xilinx-label-all-loops]
           for(int i = wf_log+we_log-2; i > WI_e - 2; --i) {
           ^~~
           VITIS_LOOP_281_1: 
/home/topnotches/RCD_TU_Delft_2023/src_hls/stream_hls/streamulator/RCD_HLS/solution1/.autopilot/db/hfilt.pp.0.cpp:23572:12: note: FIX-IT applied suggested code changes
/home/topnotches/RCD_TU_Delft_2023/src_hls/stream_hls/streamulator/RCD_HLS/solution1/.autopilot/db/hfilt.pp.0.cpp:23592:16: warning: Added loop label VITIS_LOOP_301_2:   [xilinx-label-all-loops]
               for (int j = WO_e-1; j >= W_-1; j--) {
               ^~~
               VITIS_LOOP_301_2: 
/home/topnotches/RCD_TU_Delft_2023/src_hls/stream_hls/streamulator/RCD_HLS/solution1/.autopilot/db/hfilt.pp.0.cpp:23592:16: note: FIX-IT applied suggested code changes
/home/topnotches/RCD_TU_Delft_2023/src_hls/stream_hls/streamulator/RCD_HLS/solution1/.autopilot/db/hfilt.pp.0.cpp:23606:20: warning: Added loop label VITIS_LOOP_315_3:   [xilinx-label-all-loops]
                   for(int i = 0; i < W_-1; ++i) {
                   ^~~
                   VITIS_LOOP_315_3: 
/home/topnotches/RCD_TU_Delft_2023/src_hls/stream_hls/streamulator/RCD_HLS/solution1/.autopilot/db/hfilt.pp.0.cpp:23606:20: note: FIX-IT applied suggested code changes
/home/topnotches/RCD_TU_Delft_2023/src_hls/stream_hls/streamulator/RCD_HLS/solution1/.autopilot/db/hfilt.pp.0.cpp:23699:12: warning: Added loop label VITIS_LOOP_433_1:   [xilinx-label-all-loops]
           for (int j =WO_d-1; j >= W_-1; j--) {
           ^~~
           VITIS_LOOP_433_1: 
/home/topnotches/RCD_TU_Delft_2023/src_hls/stream_hls/streamulator/RCD_HLS/solution1/.autopilot/db/hfilt.pp.0.cpp:23699:12: note: FIX-IT applied suggested code changes
/home/topnotches/RCD_TU_Delft_2023/src_hls/stream_hls/streamulator/RCD_HLS/solution1/.autopilot/db/hfilt.pp.0.cpp:23713:15: warning: Added loop label VITIS_LOOP_447_2:   [xilinx-label-all-loops]
              for(int i = 0; i < W_-1; ++i) {
              ^~~
              VITIS_LOOP_447_2: 
/home/topnotches/RCD_TU_Delft_2023/src_hls/stream_hls/streamulator/RCD_HLS/solution1/.autopilot/db/hfilt.pp.0.cpp:23713:15: note: FIX-IT applied suggested code changes
/home/topnotches/RCD_TU_Delft_2023/src_hls/stream_hls/streamulator/RCD_HLS/solution1/.autopilot/db/hfilt.pp.0.cpp:23833:13: warning: Added loop label VITIS_LOOP_33_1:   [xilinx-label-all-loops]
            for (int i = 0; i < W_-1; i++){
            ^~~
            VITIS_LOOP_33_1: 
/home/topnotches/RCD_TU_Delft_2023/src_hls/stream_hls/streamulator/RCD_HLS/solution1/.autopilot/db/hfilt.pp.0.cpp:23833:13: note: FIX-IT applied suggested code changes
/home/topnotches/RCD_TU_Delft_2023/src_hls/stream_hls/streamulator/RCD_HLS/solution1/.autopilot/db/hfilt.pp.0.cpp:23957:13: warning: Added loop label VITIS_LOOP_183_1:   [xilinx-label-all-loops]
            for (int i = 0; i < W_-1; i++){
            ^~~
            VITIS_LOOP_183_1: 
/home/topnotches/RCD_TU_Delft_2023/src_hls/stream_hls/streamulator/RCD_HLS/solution1/.autopilot/db/hfilt.pp.0.cpp:23957:13: note: FIX-IT applied suggested code changes
/home/topnotches/RCD_TU_Delft_2023/src_hls/stream_hls/streamulator/RCD_HLS/solution1/.autopilot/db/hfilt.pp.0.cpp:24012:13: warning: Added loop label VITIS_LOOP_248_1:   [xilinx-label-all-loops]
            for (int i = 0; i < W_-1; i++){
            ^~~
            VITIS_LOOP_248_1: 
/home/topnotches/RCD_TU_Delft_2023/src_hls/stream_hls/streamulator/RCD_HLS/solution1/.autopilot/db/hfilt.pp.0.cpp:24012:13: note: FIX-IT applied suggested code changes
/home/topnotches/RCD_TU_Delft_2023/src_hls/stream_hls/streamulator/RCD_HLS/solution1/.autopilot/db/hfilt.pp.0.cpp:24531:2: warning: Added loop label VITIS_LOOP_16_1:   [xilinx-label-all-loops]
 for (int i=0; i<W_;i++)
 ^~~
 VITIS_LOOP_16_1: 
/home/topnotches/RCD_TU_Delft_2023/src_hls/stream_hls/streamulator/RCD_HLS/solution1/.autopilot/db/hfilt.pp.0.cpp:24531:2: note: FIX-IT applied suggested code changes
/home/topnotches/RCD_TU_Delft_2023/src_hls/stream_hls/streamulator/RCD_HLS/solution1/.autopilot/db/hfilt.pp.0.cpp:24542:2: warning: Added loop label VITIS_LOOP_27_1:   [xilinx-label-all-loops]
 for (int i=0; i<W_;i++)
 ^~~
 VITIS_LOOP_27_1: 
/home/topnotches/RCD_TU_Delft_2023/src_hls/stream_hls/streamulator/RCD_HLS/solution1/.autopilot/db/hfilt.pp.0.cpp:24542:2: note: FIX-IT applied suggested code changes
/home/topnotches/RCD_TU_Delft_2023/src_hls/stream_hls/streamulator/RCD_HLS/solution1/.autopilot/db/hfilt.pp.0.cpp:24553:2: warning: Added loop label VITIS_LOOP_38_1:   [xilinx-label-all-loops]
 for (int i=0; i<I_;i++)
 ^~~
 VITIS_LOOP_38_1: 
/home/topnotches/RCD_TU_Delft_2023/src_hls/stream_hls/streamulator/RCD_HLS/solution1/.autopilot/db/hfilt.pp.0.cpp:24553:2: note: FIX-IT applied suggested code changes
/home/topnotches/RCD_TU_Delft_2023/src_hls/stream_hls/streamulator/RCD_HLS/solution1/.autopilot/db/hfilt.pp.0.cpp:24564:2: warning: Added loop label VITIS_LOOP_49_1:   [xilinx-label-all-loops]
 for (int i=0; i<I_;i++)
 ^~~
 VITIS_LOOP_49_1: 
/home/topnotches/RCD_TU_Delft_2023/src_hls/stream_hls/streamulator/RCD_HLS/solution1/.autopilot/db/hfilt.pp.0.cpp:24564:2: note: FIX-IT applied suggested code changes
/home/topnotches/RCD_TU_Delft_2023/src_hls/stream_hls/streamulator/RCD_HLS/solution1/.autopilot/db/hfilt.pp.0.cpp:24575:2: warning: Added loop label VITIS_LOOP_60_1:   [xilinx-label-all-loops]
 for (int i=0; i<W_;i++)
 ^~~
 VITIS_LOOP_60_1: 
/home/topnotches/RCD_TU_Delft_2023/src_hls/stream_hls/streamulator/RCD_HLS/solution1/.autopilot/db/hfilt.pp.0.cpp:24575:2: note: FIX-IT applied suggested code changes
/home/topnotches/RCD_TU_Delft_2023/src_hls/stream_hls/streamulator/RCD_HLS/solution1/.autopilot/db/hfilt.pp.0.cpp:24586:2: warning: Added loop label VITIS_LOOP_71_1:   [xilinx-label-all-loops]
 for (int i=0; i<W_;i++)
 ^~~
 VITIS_LOOP_71_1: 
/home/topnotches/RCD_TU_Delft_2023/src_hls/stream_hls/streamulator/RCD_HLS/solution1/.autopilot/db/hfilt.pp.0.cpp:24586:2: note: FIX-IT applied suggested code changes
/home/topnotches/RCD_TU_Delft_2023/src_hls/stream_hls/streamulator/RCD_HLS/solution1/.autopilot/db/hfilt.pp.0.cpp:24597:2: warning: Added loop label VITIS_LOOP_82_1:   [xilinx-label-all-loops]
 for (int i=0; i<I_;i++)
 ^~~
 VITIS_LOOP_82_1: 
/home/topnotches/RCD_TU_Delft_2023/src_hls/stream_hls/streamulator/RCD_HLS/solution1/.autopilot/db/hfilt.pp.0.cpp:24597:2: note: FIX-IT applied suggested code changes
/home/topnotches/RCD_TU_Delft_2023/src_hls/stream_hls/streamulator/RCD_HLS/solution1/.autopilot/db/hfilt.pp.0.cpp:24608:2: warning: Added loop label VITIS_LOOP_93_1:   [xilinx-label-all-loops]
 for (int i=0; i<I_;i++)
 ^~~
 VITIS_LOOP_93_1: 
/home/topnotches/RCD_TU_Delft_2023/src_hls/stream_hls/streamulator/RCD_HLS/solution1/.autopilot/db/hfilt.pp.0.cpp:24608:2: note: FIX-IT applied suggested code changes
/home/topnotches/RCD_TU_Delft_2023/src_hls/stream_hls/streamulator/RCD_HLS/solution1/.autopilot/db/hfilt.pp.0.cpp:26933:12: warning: Added loop label VITIS_LOOP_26_1:   [xilinx-label-all-loops]
           for(int i = 0; i < W_-1; ++i) {
           ^~~
           VITIS_LOOP_26_1: 
/home/topnotches/RCD_TU_Delft_2023/src_hls/stream_hls/streamulator/RCD_HLS/solution1/.autopilot/db/hfilt.pp.0.cpp:26933:12: note: FIX-IT applied suggested code changes
/home/topnotches/RCD_TU_Delft_2023/src_hls/stream_hls/streamulator/RCD_HLS/solution1/.autopilot/db/hfilt.pp.0.cpp:26997:7: warning: Added loop label VITIS_LOOP_40_1:   [xilinx-label-all-loops]
      for(int pos = msbr - 1 ; pos >= -F-1; pos--) {
      ^~~
      VITIS_LOOP_40_1: 
/home/topnotches/RCD_TU_Delft_2023/src_hls/stream_hls/streamulator/RCD_HLS/solution1/.autopilot/db/hfilt.pp.0.cpp:26997:7: note: FIX-IT applied suggested code changes
/home/topnotches/RCD_TU_Delft_2023/src_hls/stream_hls/streamulator/RCD_HLS/solution1/.autopilot/db/hfilt.pp.0.cpp:27114:9: warning: Added loop label VITIS_LOOP_49_1:   [xilinx-label-all-loops]
        for(int pos = msbr - 1; pos >= 0; pos--) {
        ^~~
        VITIS_LOOP_49_1: 
/home/topnotches/RCD_TU_Delft_2023/src_hls/stream_hls/streamulator/RCD_HLS/solution1/.autopilot/db/hfilt.pp.0.cpp:27114:9: note: FIX-IT applied suggested code changes
/home/topnotches/RCD_TU_Delft_2023/src_hls/stream_hls/streamulator/RCD_HLS/solution1/.autopilot/db/hfilt.pp.0.cpp:27139:5: warning: Added loop label VITIS_LOOP_81_2:   [xilinx-label-all-loops]
    for(int pos = -1; pos >= -F-1; pos--) {
    ^~~
    VITIS_LOOP_81_2: 
/home/topnotches/RCD_TU_Delft_2023/src_hls/stream_hls/streamulator/RCD_HLS/solution1/.autopilot/db/hfilt.pp.0.cpp:27139:5: note: FIX-IT applied suggested code changes
/home/topnotches/RCD_TU_Delft_2023/src_hls/stream_hls/streamulator/RCD_HLS/solution1/.autopilot/db/hfilt.pp.0.cpp:27209:8: warning: Added loop label VITIS_LOOP_169_3:   [xilinx-label-all-loops]
       for(int i = 0; i < W - 1; ++i) {
       ^~~
       VITIS_LOOP_169_3: 
/home/topnotches/RCD_TU_Delft_2023/src_hls/stream_hls/streamulator/RCD_HLS/solution1/.autopilot/db/hfilt.pp.0.cpp:27209:8: note: FIX-IT applied suggested code changes
/home/topnotches/RCD_TU_Delft_2023/src_hls/stream_hls/streamulator/RCD_HLS/solution1/.autopilot/db/hfilt.pp.0.cpp:32454:50: error: Invalid Directive: for current device, RAM_2P + lutram is invalid combination for BIND_STORAGE's option 'type + impl' [clang-diagnostic-error]
#pragma HLS bind_storage variable=buffer[0] type=RAM_2P impl=lutram latency=-1
                                                 ^
/home/topnotches/RCD_TU_Delft_2023/src_hls/stream_hls/streamulator/RCD_HLS/solution1/.autopilot/db/hfilt.pp.0.cpp:32455:50: error: Invalid Directive: for current device, RAM_2P + lutram is invalid combination for BIND_STORAGE's option 'type + impl' [clang-diagnostic-error]
#pragma HLS bind_storage variable=buffer[1] type=RAM_2P impl=lutram latency=-1
                                                 ^
/home/topnotches/RCD_TU_Delft_2023/src_hls/stream_hls/streamulator/RCD_HLS/solution1/.autopilot/db/hfilt.pp.0.cpp:32456:50: error: Invalid Directive: for current device, RAM_2P + lutram is invalid combination for BIND_STORAGE's option 'type + impl' [clang-diagnostic-error]
#pragma HLS bind_storage variable=buffer[2] type=RAM_2P impl=lutram latency=-1
                                                 ^
