Copyright 1986-2022 Xilinx, Inc. All Rights Reserved. Copyright 2022-2023 Advanced Micro Devices, Inc. All Rights Reserved.
---------------------------------------------------------------------------------------------------------------------------------------------
| Tool Version : Vivado v.2023.2 (lin64) Build 4029153 Fri Oct 13 20:13:54 MDT 2023
| Date         : Fri Dec 15 17:26:31 2023
| Host         : bobby running 64-bit Ubuntu 22.04.3 LTS
| Command      : report_drc -file base_wrapper_drc_routed.rpt -pb base_wrapper_drc_routed.pb -rpx base_wrapper_drc_routed.rpx
| Design       : base_wrapper
| Device       : xc7z020clg400-1
| Speed File   : -1
| Design State : Fully Routed
---------------------------------------------------------------------------------------------------------------------------------------------

Report DRC

Table of Contents
-----------------
1. REPORT SUMMARY
2. REPORT DETAILS

1. REPORT SUMMARY
-----------------
            Netlist: netlist
          Floorplan: design_1
      Design limits: <entire design considered>
           Ruledeck: default
             Max violations: <unlimited>
             Violations found: 24
+-----------+------------------+-------------------------+------------+
| Rule      | Severity         | Description             | Violations |
+-----------+------------------+-------------------------+------------+
| AVAL-46   | Critical Warning | v7v8_mmcm_fvco_rule1    | 1          |
| DPIP-1    | Warning          | Input pipelining        | 12         |
| DPOP-2    | Warning          | MREG Output pipelining  | 6          |
| PDCN-1569 | Warning          | LUT equation term check | 3          |
| RTSTAT-10 | Warning          | No routable loads       | 1          |
| REQP-181  | Advisory         | writefirst              | 1          |
+-----------+------------------+-------------------------+------------+

2. REPORT DETAILS
-----------------
AVAL-46#1 Critical Warning
v7v8_mmcm_fvco_rule1  
The current computed target frequency, FVCO, is out of range for cell base_i/video/hdmi_in/frontend/dvi2rgb_0/U0/TMDS_ClockingX/DVI_ClkGenerator. The computed FVCO is 599.952 MHz. The valid FVCO range for speed grade -1 is 600MHz to 1200MHz. The cell attribute values used to compute FVCO are CLKFBOUT_MULT_F = 5.000, CLKIN1_PERIOD = 8.33400, and DIVCLK_DIVIDE = 1 (FVCO = 1000 * CLKFBOUT_MULT_F/(CLKIN1_PERIOD * DIVCLK_DIVIDE)).
This violation may be corrected by:
  1. The timer uses timing constraints for clock period or clock frequency that affect CLKIN1 to set cell attribute CLKIN1_PERIOD, over-riding any previous value. This may already be in place and, if so this violation will be resolved once Timing is run.  Otherwise, consider modifying timing constraints to adjust the CLKIN1_PERIOD and bring FVCO into the allowed range.
  2. In the absence of timing constraints that affect CLKIN1, consider modifying the cell CLKIN1_PERIOD to bring FVCO into the allowed range.
  3. If CLKIN1_PERIOD is satisfactory, modify the CLKFBOUT_MULT_F or DIVCLK_DIVIDE cell attributes to bring FVCO into the allowed range.
  4. The MMCM configuration may be dynamically modified by use of DRP which is recognized by an ACTIVE signal on DCLK pin.
Related violations: <none>

DPIP-1#1 Warning
Input pipelining  
DSP base_i/video/hdmi_in/color_convert/inst/mac_muladd_10s_8ns_18s_19_4_1_U4/color_convert_mac_muladd_10s_8ns_18s_19_4_1_DSP48_0_U/p_reg_reg__0 input base_i/video/hdmi_in/color_convert/inst/mac_muladd_10s_8ns_18s_19_4_1_U4/color_convert_mac_muladd_10s_8ns_18s_19_4_1_DSP48_0_U/p_reg_reg__0/C[47:0] is not pipelined. Pipelining DSP48 input will improve performance.
Related violations: <none>

DPIP-1#2 Warning
Input pipelining  
DSP base_i/video/hdmi_in/color_convert/inst/mac_muladd_10s_8ns_18s_19_4_1_U5/color_convert_mac_muladd_10s_8ns_18s_19_4_1_DSP48_0_U/p_reg_reg__0 input base_i/video/hdmi_in/color_convert/inst/mac_muladd_10s_8ns_18s_19_4_1_U5/color_convert_mac_muladd_10s_8ns_18s_19_4_1_DSP48_0_U/p_reg_reg__0/C[47:0] is not pipelined. Pipelining DSP48 input will improve performance.
Related violations: <none>

DPIP-1#3 Warning
Input pipelining  
DSP base_i/video/hdmi_in/color_convert/inst/mac_muladd_10s_8ns_18s_19_4_1_U6/color_convert_mac_muladd_10s_8ns_18s_19_4_1_DSP48_0_U/p_reg_reg__0 input base_i/video/hdmi_in/color_convert/inst/mac_muladd_10s_8ns_18s_19_4_1_U6/color_convert_mac_muladd_10s_8ns_18s_19_4_1_DSP48_0_U/p_reg_reg__0/C[47:0] is not pipelined. Pipelining DSP48 input will improve performance.
Related violations: <none>

DPIP-1#4 Warning
Input pipelining  
DSP base_i/video/hdmi_in/color_convert/inst/mac_muladd_10s_8ns_19s_20_4_1_U7/color_convert_mac_muladd_10s_8ns_19s_20_4_1_DSP48_1_U/p_reg_reg input base_i/video/hdmi_in/color_convert/inst/mac_muladd_10s_8ns_19s_20_4_1_U7/color_convert_mac_muladd_10s_8ns_19s_20_4_1_DSP48_1_U/p_reg_reg/C[47:0] is not pipelined. Pipelining DSP48 input will improve performance.
Related violations: <none>

DPIP-1#5 Warning
Input pipelining  
DSP base_i/video/hdmi_in/color_convert/inst/mac_muladd_10s_8ns_19s_20_4_1_U8/color_convert_mac_muladd_10s_8ns_19s_20_4_1_DSP48_1_U/p_reg_reg input base_i/video/hdmi_in/color_convert/inst/mac_muladd_10s_8ns_19s_20_4_1_U8/color_convert_mac_muladd_10s_8ns_19s_20_4_1_DSP48_1_U/p_reg_reg/C[47:0] is not pipelined. Pipelining DSP48 input will improve performance.
Related violations: <none>

DPIP-1#6 Warning
Input pipelining  
DSP base_i/video/hdmi_in/color_convert/inst/mac_muladd_10s_8ns_19s_20_4_1_U9/color_convert_mac_muladd_10s_8ns_19s_20_4_1_DSP48_1_U/p_reg_reg input base_i/video/hdmi_in/color_convert/inst/mac_muladd_10s_8ns_19s_20_4_1_U9/color_convert_mac_muladd_10s_8ns_19s_20_4_1_DSP48_1_U/p_reg_reg/C[47:0] is not pipelined. Pipelining DSP48 input will improve performance.
Related violations: <none>

DPIP-1#7 Warning
Input pipelining  
DSP base_i/video/hdmi_out/color_convert/inst/mac_muladd_10s_8ns_18s_19_4_1_U4/color_convert_mac_muladd_10s_8ns_18s_19_4_1_DSP48_0_U/p_reg_reg__0 input base_i/video/hdmi_out/color_convert/inst/mac_muladd_10s_8ns_18s_19_4_1_U4/color_convert_mac_muladd_10s_8ns_18s_19_4_1_DSP48_0_U/p_reg_reg__0/C[47:0] is not pipelined. Pipelining DSP48 input will improve performance.
Related violations: <none>

DPIP-1#8 Warning
Input pipelining  
DSP base_i/video/hdmi_out/color_convert/inst/mac_muladd_10s_8ns_18s_19_4_1_U5/color_convert_mac_muladd_10s_8ns_18s_19_4_1_DSP48_0_U/p_reg_reg__0 input base_i/video/hdmi_out/color_convert/inst/mac_muladd_10s_8ns_18s_19_4_1_U5/color_convert_mac_muladd_10s_8ns_18s_19_4_1_DSP48_0_U/p_reg_reg__0/C[47:0] is not pipelined. Pipelining DSP48 input will improve performance.
Related violations: <none>

DPIP-1#9 Warning
Input pipelining  
DSP base_i/video/hdmi_out/color_convert/inst/mac_muladd_10s_8ns_18s_19_4_1_U6/color_convert_mac_muladd_10s_8ns_18s_19_4_1_DSP48_0_U/p_reg_reg__0 input base_i/video/hdmi_out/color_convert/inst/mac_muladd_10s_8ns_18s_19_4_1_U6/color_convert_mac_muladd_10s_8ns_18s_19_4_1_DSP48_0_U/p_reg_reg__0/C[47:0] is not pipelined. Pipelining DSP48 input will improve performance.
Related violations: <none>

DPIP-1#10 Warning
Input pipelining  
DSP base_i/video/hdmi_out/color_convert/inst/mac_muladd_10s_8ns_19s_20_4_1_U7/color_convert_mac_muladd_10s_8ns_19s_20_4_1_DSP48_1_U/p_reg_reg input base_i/video/hdmi_out/color_convert/inst/mac_muladd_10s_8ns_19s_20_4_1_U7/color_convert_mac_muladd_10s_8ns_19s_20_4_1_DSP48_1_U/p_reg_reg/C[47:0] is not pipelined. Pipelining DSP48 input will improve performance.
Related violations: <none>

DPIP-1#11 Warning
Input pipelining  
DSP base_i/video/hdmi_out/color_convert/inst/mac_muladd_10s_8ns_19s_20_4_1_U8/color_convert_mac_muladd_10s_8ns_19s_20_4_1_DSP48_1_U/p_reg_reg input base_i/video/hdmi_out/color_convert/inst/mac_muladd_10s_8ns_19s_20_4_1_U8/color_convert_mac_muladd_10s_8ns_19s_20_4_1_DSP48_1_U/p_reg_reg/C[47:0] is not pipelined. Pipelining DSP48 input will improve performance.
Related violations: <none>

DPIP-1#12 Warning
Input pipelining  
DSP base_i/video/hdmi_out/color_convert/inst/mac_muladd_10s_8ns_19s_20_4_1_U9/color_convert_mac_muladd_10s_8ns_19s_20_4_1_DSP48_1_U/p_reg_reg input base_i/video/hdmi_out/color_convert/inst/mac_muladd_10s_8ns_19s_20_4_1_U9/color_convert_mac_muladd_10s_8ns_19s_20_4_1_DSP48_1_U/p_reg_reg/C[47:0] is not pipelined. Pipelining DSP48 input will improve performance.
Related violations: <none>

DPOP-2#1 Warning
MREG Output pipelining  
DSP base_i/video/hdmi_in/color_convert/inst/mul_ln32_1_reg_1080_reg multiplier stage base_i/video/hdmi_in/color_convert/inst/mul_ln32_1_reg_1080_reg/P[47:0] is not pipelined (MREG=0). Pipelining the multiplier function will improve performance and will save significant power so it is suggested whenever possible to fully pipeline this function.  If this multiplier was inferred, it is suggested to describe an additional register stage after this function.  If there is no registered adder/accumulator following the multiply function, two pipeline stages are suggested to allow both the MREG and PREG registers to be used.  If the DSP48 was instantiated in the design, it is suggested to set both the MREG and PREG attributes to 1 when performing multiply functions.
Related violations: <none>

DPOP-2#2 Warning
MREG Output pipelining  
DSP base_i/video/hdmi_in/color_convert/inst/mul_ln33_1_reg_1097_reg multiplier stage base_i/video/hdmi_in/color_convert/inst/mul_ln33_1_reg_1097_reg/P[47:0] is not pipelined (MREG=0). Pipelining the multiplier function will improve performance and will save significant power so it is suggested whenever possible to fully pipeline this function.  If this multiplier was inferred, it is suggested to describe an additional register stage after this function.  If there is no registered adder/accumulator following the multiply function, two pipeline stages are suggested to allow both the MREG and PREG registers to be used.  If the DSP48 was instantiated in the design, it is suggested to set both the MREG and PREG attributes to 1 when performing multiply functions.
Related violations: <none>

DPOP-2#3 Warning
MREG Output pipelining  
DSP base_i/video/hdmi_in/color_convert/inst/mul_ln34_1_reg_1107_reg multiplier stage base_i/video/hdmi_in/color_convert/inst/mul_ln34_1_reg_1107_reg/P[47:0] is not pipelined (MREG=0). Pipelining the multiplier function will improve performance and will save significant power so it is suggested whenever possible to fully pipeline this function.  If this multiplier was inferred, it is suggested to describe an additional register stage after this function.  If there is no registered adder/accumulator following the multiply function, two pipeline stages are suggested to allow both the MREG and PREG registers to be used.  If the DSP48 was instantiated in the design, it is suggested to set both the MREG and PREG attributes to 1 when performing multiply functions.
Related violations: <none>

DPOP-2#4 Warning
MREG Output pipelining  
DSP base_i/video/hdmi_out/color_convert/inst/mul_ln32_1_reg_1080_reg multiplier stage base_i/video/hdmi_out/color_convert/inst/mul_ln32_1_reg_1080_reg/P[47:0] is not pipelined (MREG=0). Pipelining the multiplier function will improve performance and will save significant power so it is suggested whenever possible to fully pipeline this function.  If this multiplier was inferred, it is suggested to describe an additional register stage after this function.  If there is no registered adder/accumulator following the multiply function, two pipeline stages are suggested to allow both the MREG and PREG registers to be used.  If the DSP48 was instantiated in the design, it is suggested to set both the MREG and PREG attributes to 1 when performing multiply functions.
Related violations: <none>

DPOP-2#5 Warning
MREG Output pipelining  
DSP base_i/video/hdmi_out/color_convert/inst/mul_ln33_1_reg_1097_reg multiplier stage base_i/video/hdmi_out/color_convert/inst/mul_ln33_1_reg_1097_reg/P[47:0] is not pipelined (MREG=0). Pipelining the multiplier function will improve performance and will save significant power so it is suggested whenever possible to fully pipeline this function.  If this multiplier was inferred, it is suggested to describe an additional register stage after this function.  If there is no registered adder/accumulator following the multiply function, two pipeline stages are suggested to allow both the MREG and PREG registers to be used.  If the DSP48 was instantiated in the design, it is suggested to set both the MREG and PREG attributes to 1 when performing multiply functions.
Related violations: <none>

DPOP-2#6 Warning
MREG Output pipelining  
DSP base_i/video/hdmi_out/color_convert/inst/mul_ln34_1_reg_1107_reg multiplier stage base_i/video/hdmi_out/color_convert/inst/mul_ln34_1_reg_1107_reg/P[47:0] is not pipelined (MREG=0). Pipelining the multiplier function will improve performance and will save significant power so it is suggested whenever possible to fully pipeline this function.  If this multiplier was inferred, it is suggested to describe an additional register stage after this function.  If there is no registered adder/accumulator following the multiply function, two pipeline stages are suggested to allow both the MREG and PREG registers to be used.  If the DSP48 was instantiated in the design, it is suggested to set both the MREG and PREG attributes to 1 when performing multiply functions.
Related violations: <none>

PDCN-1569#1 Warning
LUT equation term check  
Used physical LUT pin 'A2' of cell base_i/video/axi_mem_intercon/m00_couplers/auto_pc/inst/gen_axi4_axi3.axi3_conv_inst/USE_READ.USE_SPLIT_R.read_addr_inst/USE_R_CHANNEL.cmd_queue/inst/fifo_gen_inst/inst_fifo_gen/gconvfifo.rf/grf.rf/gntv_or_sync_fifo.gl0.rd/gr1.gr1_int.rfwft/gpregsm1.user_valid_i_1 (pin base_i/video/axi_mem_intercon/m00_couplers/auto_pc/inst/gen_axi4_axi3.axi3_conv_inst/USE_READ.USE_SPLIT_R.read_addr_inst/USE_R_CHANNEL.cmd_queue/inst/fifo_gen_inst/inst_fifo_gen/gconvfifo.rf/grf.rf/gntv_or_sync_fifo.gl0.rd/gr1.gr1_int.rfwft/gpregsm1.user_valid_i_1/I1) is not included in the LUT equation: 'O6=(A5)+((~A5)*(~A6)*A1)'. If this cell is a user instantiated LUT in the design, please remove connectivity to the pin or change the equation and/or INIT string of the LUT to prevent this issue. If the cell is inferred or IP created LUT, please regenerate the IP and/or resynthesize the design to attempt to correct the issue.
Related violations: <none>

PDCN-1569#2 Warning
LUT equation term check  
Used physical LUT pin 'A2' of cell base_i/video/axi_mem_intercon/m00_couplers/auto_pc/inst/gen_axi4_axi3.axi3_conv_inst/USE_WRITE.write_addr_inst/USE_B_CHANNEL.cmd_b_queue/inst/fifo_gen_inst/inst_fifo_gen/gconvfifo.rf/grf.rf/gntv_or_sync_fifo.gl0.rd/gr1.gr1_int.rfwft/gpregsm1.user_valid_i_1 (pin base_i/video/axi_mem_intercon/m00_couplers/auto_pc/inst/gen_axi4_axi3.axi3_conv_inst/USE_WRITE.write_addr_inst/USE_B_CHANNEL.cmd_b_queue/inst/fifo_gen_inst/inst_fifo_gen/gconvfifo.rf/grf.rf/gntv_or_sync_fifo.gl0.rd/gr1.gr1_int.rfwft/gpregsm1.user_valid_i_1/I1) is not included in the LUT equation: 'O6=(A1)+((~A1)*(~A6)*A3)'. If this cell is a user instantiated LUT in the design, please remove connectivity to the pin or change the equation and/or INIT string of the LUT to prevent this issue. If the cell is inferred or IP created LUT, please regenerate the IP and/or resynthesize the design to attempt to correct the issue.
Related violations: <none>

PDCN-1569#3 Warning
LUT equation term check  
Used physical LUT pin 'A4' of cell base_i/video/axi_mem_intercon/m00_couplers/auto_pc/inst/gen_axi4_axi3.axi3_conv_inst/USE_WRITE.write_addr_inst/USE_BURSTS.cmd_queue/inst/fifo_gen_inst/inst_fifo_gen/gconvfifo.rf/grf.rf/gntv_or_sync_fifo.gl0.rd/gr1.gr1_int.rfwft/gpregsm1.user_valid_i_1 (pin base_i/video/axi_mem_intercon/m00_couplers/auto_pc/inst/gen_axi4_axi3.axi3_conv_inst/USE_WRITE.write_addr_inst/USE_BURSTS.cmd_queue/inst/fifo_gen_inst/inst_fifo_gen/gconvfifo.rf/grf.rf/gntv_or_sync_fifo.gl0.rd/gr1.gr1_int.rfwft/gpregsm1.user_valid_i_1/I1) is not included in the LUT equation: 'O6=(A3)+((~A3)*(~A6)*A5)'. If this cell is a user instantiated LUT in the design, please remove connectivity to the pin or change the equation and/or INIT string of the LUT to prevent this issue. If the cell is inferred or IP created LUT, please regenerate the IP and/or resynthesize the design to attempt to correct the issue.
Related violations: <none>

RTSTAT-10#1 Warning
No routable loads  
33 net(s) have no routable loads. The problem bus(es) and/or net(s) are base_i/video/axi_mem_intercon/m00_couplers/auto_pc/inst/gen_axi4_axi3.axi3_conv_inst/USE_READ.USE_SPLIT_R.read_addr_inst/USE_R_CHANNEL.cmd_queue/inst/fifo_gen_inst/inst_fifo_gen/gconvfifo.rf/grf.rf/gntv_or_sync_fifo.gl0.rd/gr1.gr1_int.rfwft/aempty_fwft_i,
base_i/video/axi_mem_intercon/m00_couplers/auto_pc/inst/gen_axi4_axi3.axi3_conv_inst/USE_READ.USE_SPLIT_R.read_addr_inst/USE_R_CHANNEL.cmd_queue/inst/fifo_gen_inst/inst_fifo_gen/gconvfifo.rf/grf.rf/gntv_or_sync_fifo.gl0.wr/gwss.wsts/ram_afull_fb,
base_i/video/axi_mem_intercon/m00_couplers/auto_pc/inst/gen_axi4_axi3.axi3_conv_inst/USE_READ.USE_SPLIT_R.read_addr_inst/USE_R_CHANNEL.cmd_queue/inst/fifo_gen_inst/inst_fifo_gen/gconvfifo.rf/grf.rf/gntv_or_sync_fifo.gl0.wr/gwss.wsts/ram_afull_i,
base_i/video/axi_mem_intercon/m00_couplers/auto_pc/inst/gen_axi4_axi3.axi3_conv_inst/USE_READ.USE_SPLIT_R.read_addr_inst/USE_R_CHANNEL.cmd_queue/inst/fifo_gen_inst/inst_fifo_gen/gconvfifo.rf/grf.rf/rstblk/ngwrdrst.grst.rd_rst_reg[2:0],
base_i/video/axi_mem_intercon/m00_couplers/auto_pc/inst/gen_axi4_axi3.axi3_conv_inst/USE_READ.USE_SPLIT_R.read_addr_inst/USE_R_CHANNEL.cmd_queue/inst/fifo_gen_inst/inst_fifo_gen/gconvfifo.rf/grf.rf/rstblk/ngwrdrst.grst.wr_rst_reg[2:0],
base_i/video/axi_mem_intercon/m00_couplers/auto_pc/inst/gen_axi4_axi3.axi3_conv_inst/USE_WRITE.write_addr_inst/USE_BURSTS.cmd_queue/inst/fifo_gen_inst/inst_fifo_gen/gconvfifo.rf/grf.rf/gntv_or_sync_fifo.gl0.rd/gr1.gr1_int.rfwft/aempty_fwft_i,
base_i/video/axi_mem_intercon/m00_couplers/auto_pc/inst/gen_axi4_axi3.axi3_conv_inst/USE_WRITE.write_addr_inst/USE_BURSTS.cmd_queue/inst/fifo_gen_inst/inst_fifo_gen/gconvfifo.rf/grf.rf/gntv_or_sync_fifo.gl0.wr/gwss.wsts/ram_afull_fb,
base_i/video/axi_mem_intercon/m00_couplers/auto_pc/inst/gen_axi4_axi3.axi3_conv_inst/USE_WRITE.write_addr_inst/USE_BURSTS.cmd_queue/inst/fifo_gen_inst/inst_fifo_gen/gconvfifo.rf/grf.rf/gntv_or_sync_fifo.gl0.wr/gwss.wsts/ram_afull_i,
base_i/video/axi_mem_intercon/m00_couplers/auto_pc/inst/gen_axi4_axi3.axi3_conv_inst/USE_WRITE.write_addr_inst/USE_BURSTS.cmd_queue/inst/fifo_gen_inst/inst_fifo_gen/gconvfifo.rf/grf.rf/rstblk/ngwrdrst.grst.rd_rst_reg[2:0],
base_i/video/axi_mem_intercon/m00_couplers/auto_pc/inst/gen_axi4_axi3.axi3_conv_inst/USE_WRITE.write_addr_inst/USE_BURSTS.cmd_queue/inst/fifo_gen_inst/inst_fifo_gen/gconvfifo.rf/grf.rf/rstblk/ngwrdrst.grst.wr_rst_reg[2:0],
base_i/video/axi_mem_intercon/m00_couplers/auto_pc/inst/gen_axi4_axi3.axi3_conv_inst/USE_WRITE.write_addr_inst/USE_B_CHANNEL.cmd_b_queue/inst/fifo_gen_inst/inst_fifo_gen/gconvfifo.rf/grf.rf/gntv_or_sync_fifo.gl0.rd/gr1.gr1_int.rfwft/aempty_fwft_i,
base_i/video/axi_mem_intercon/m00_couplers/auto_pc/inst/gen_axi4_axi3.axi3_conv_inst/USE_WRITE.write_addr_inst/USE_B_CHANNEL.cmd_b_queue/inst/fifo_gen_inst/inst_fifo_gen/gconvfifo.rf/grf.rf/gntv_or_sync_fifo.gl0.wr/gwss.wsts/ram_afull_fb,
base_i/video/axi_mem_intercon/m00_couplers/auto_pc/inst/gen_axi4_axi3.axi3_conv_inst/USE_WRITE.write_addr_inst/USE_B_CHANNEL.cmd_b_queue/inst/fifo_gen_inst/inst_fifo_gen/gconvfifo.rf/grf.rf/gntv_or_sync_fifo.gl0.wr/gwss.wsts/ram_afull_i,
base_i/video/axi_mem_intercon/m00_couplers/auto_pc/inst/gen_axi4_axi3.axi3_conv_inst/USE_WRITE.write_addr_inst/USE_B_CHANNEL.cmd_b_queue/inst/fifo_gen_inst/inst_fifo_gen/gconvfifo.rf/grf.rf/rstblk/ngwrdrst.grst.rd_rst_reg[2:0],
base_i/video/axi_mem_intercon/m00_couplers/auto_pc/inst/gen_axi4_axi3.axi3_conv_inst/USE_WRITE.write_addr_inst/USE_B_CHANNEL.cmd_b_queue/inst/fifo_gen_inst/inst_fifo_gen/gconvfifo.rf/grf.rf/rstblk/ngwrdrst.grst.wr_rst_reg[2:0]
 (the first 15 of 21 listed nets/buses).
Related violations: <none>

REQP-181#1 Advisory
writefirst  
Synchronous clocking is detected for BRAM (base_i/video/axi_vdma/U0/I_PRMRY_DATAMOVER/GEN_S2MM_FULL.I_S2MM_FULL_WRAPPER/GEN_ENABLE_INDET_BTT_SF.I_INDET_BTT/I_DATA_FIFO/BLK_MEM.I_SYNC_FIFOGEN_FIFO/xpm_fifo_instance.xpm_fifo_sync_inst/xpm_fifo_base_inst/gen_sdpram.xpm_memory_base_inst/gen_wr_a.gen_word_narrow.mem_reg) in SDP mode with WRITE_FIRST write-mode. This is the preferred mode for best power characteristics, however it may exhibit address collisions if the same address appears on both read and write ports resulting in unknown or corrupted read data. It is suggested to confirm via simulation that an address collision never occurs and if so it is suggested to try and avoid this situation. If address collisions cannot be avoided, the write-mode may be set to READ_FIRST which guarantees that the read data is the prior contents of the memory at the cost of additional power in the design. See the FPGA Memory Resources User Guide for additional information.
Related violations: <none>


